Log file open, 05/09/17 21:11:22
LogInit:Display: Running engine for game: Inventory
LogPlatformFile: Not using cached read wrapper
LogInit:Display: RandInit(311304538) SRandInit(311304538).
LogTaskGraph: Started task graph with 5 named threads and 8 total threads with 1 sets of task threads.
LogStats: Stats thread started at 0.074399
LogInit: Using libcurl 7.47.1
LogInit:  - built for x86_64-pc-win32
LogInit:  - supports SSL with OpenSSL/1.0.2g
LogInit:  - supports HTTP deflate (compression) using libz 1.2.8
LogInit:  - other features:
LogInit:      CURL_VERSION_SSL
LogInit:      CURL_VERSION_LIBZ
LogInit:      CURL_VERSION_IPV6
LogInit:      CURL_VERSION_ASYNCHDNS
LogInit:      CURL_VERSION_LARGEFILE
LogInit:      CURL_VERSION_IDN
LogInit:  CurlRequestOptions (configurable via config and command line):
LogInit:  - bVerifyPeer = false  - Libcurl will NOT verify peer certificate
LogInit:  - bUseHttpProxy = false  - Libcurl will NOT use HTTP proxy
LogInit:  - bDontReuseConnections = false  - Libcurl will reuse connections
LogInit:  - CertBundlePath = nullptr  - Libcurl will use whatever was configured at build time.
LogInit: Build: ++UE4+Release-4.15-CL-3416026
LogInit: Engine Version: 4.15.2-3416026+++UE4+Release-4.15
LogInit: Compatible Engine Version: 4.15.0-3299760+++UE4+Release-4.15
LogInit: Net CL: 3299760
LogDevObjectVersion: Number of dev versions registered: 14
LogDevObjectVersion:   Dev-Blueprints (B0D832E4-1F89-4F0D-ACCF-7EB736FD4AA2): 8
LogDevObjectVersion:   Dev-Build (E1C64328-A22C-4D53-A36C-8E866417BD8C): 0
LogDevObjectVersion:   Dev-Core (375EC13C-06E4-48FB-B500-84F0262A717E): 2
LogDevObjectVersion:   Dev-Editor (E4B068ED-F494-42E9-A231-DA0B2E46BB41): 14
LogDevObjectVersion:   Dev-Framework (CFFC743F-43B0-4480-9391-14DF171D2073): 22
LogDevObjectVersion:   Dev-Mobile (B02B49B5-BB20-44E9-A304-32B752E40360): 0
LogDevObjectVersion:   Dev-Networking (A4E4105C-59A1-49B5-A7C5-40C4547EDFEE): 0
LogDevObjectVersion:   Dev-Online (39C831C9-5AE6-47DC-9A44-9C173E1C8E7C): 0
LogDevObjectVersion:   Dev-Physics (78F01B33-EBEA-4F98-B9B4-84EACCB95AA2): 0
LogDevObjectVersion:   Dev-Platform (6631380F-2D4D-43E0-8009-CF276956A95A): 0
LogDevObjectVersion:   Dev-Rendering (12F88B9F-8875-4AFC-A67C-D90C383ABD29): 12
LogDevObjectVersion:   Dev-Sequencer (7B5AE74C-D270-4C10-A958-57980B212A5A): 3
LogDevObjectVersion:   Dev-VR (D7296918-1DD6-4BDD-9DE2-64A83CC13884): 0
LogDevObjectVersion:   Dev-LoadTimes (C2A15278-BFE7-4AFE-6C17-90FF531DF755): 1
LogInit: Compiled (64-bit): May  1 2017 13:11:28
LogInit: Compiled with Visual C++: 19.00.23026.00
LogInit: Build Configuration: Development
LogInit: Branch Name: ++UE4+Release-4.15
LogInit: Command line:  
LogInit: Base directory: D:/EpicGames/UE_4.15/Engine/Binaries/Win64/
LogInit: Installed Engine Build: 1
LogInit: Presizing for max 8388607 objects, including 0 objects not considered by GC, pre-allocating 0 bytes for permanent pool.
LogInit: Object subsystem initialized
[2017.05.09-12.11.22:985][  0]LogInit: Selected Device Profile: [Windows]
[2017.05.09-12.11.22:985][  0]LogInit: Applying CVar settings loaded from the selected device profile: [Windows]
[2017.05.09-12.11.22:992][  0]LogInit: Computer: DESKTOP-DIJL62K
[2017.05.09-12.11.22:992][  0]LogInit: User: Administrator
[2017.05.09-12.11.22:992][  0]LogInit: CPU Page size=65536, Cores=4
[2017.05.09-12.11.22:992][  0]LogInit: High frequency timer resolution =3.328132 MHz
[2017.05.09-12.11.22:992][  0]LogMemory: Memory total: Physical=16.0GB (16GB approx)
[2017.05.09-12.11.22:992][  0]LogMemory: Platform Memory Stats for Windows
[2017.05.09-12.11.22:992][  0]LogMemory: Process Physical Memory: 263.37 MB used, 263.37 MB peak
[2017.05.09-12.11.22:992][  0]LogMemory: Process Virtual Memory: 262.24 MB used, 262.24 MB peak
[2017.05.09-12.11.22:992][  0]LogMemory: Physical Memory: 5316.86 MB used,  11029.69 MB free, 16346.55 MB total
[2017.05.09-12.11.22:992][  0]LogMemory: Virtual Memory: 644.83 MB used,  11029.69 MB free, 134217728.00 MB total
[2017.05.09-12.11.23:067][  0]LogTextLocalizationManager: No specific translations for ('ko-KR') exist, so ('ko') translations will be used.
[2017.05.09-12.11.23:116][  0]LogTextLocalizationManager:Warning: Loaded localization resources contain conflicting entries for (Namespace:KismetSchema, Key:Default):
Localization Resource: (D:/EpicGames/UE_4.15/Engine/Content/Localization/EditorTutorials/ko/EditorTutorials.locres) Source String Hash: (940523119) Localized String: (디폴트)
Localization Resource: (D:/EpicGames/UE_4.15/Engine/Content/Localization/Engine/ko/Engine.locres) Source String Hash: (940523119) Localized String: (기본)
[2017.05.09-12.11.23:116][  0]LogTextLocalizationManager:Warning: Loaded localization resources contain conflicting entries for (Namespace:UObjectToolTips, Key:AnimNode_AssetPlayerBase:InternalTimeAccumulator):
Localization Resource: (D:/EpicGames/UE_4.15/Engine/Content/Localization/EditorTutorials/ko/EditorTutorials.locres) Source String Hash: (502993589) Localized String: (이 노드에서 애셋을 레퍼런싱하는 데 사용되는 누적 시간입니다.)
Localization Resource: (D:/EpicGames/UE_4.15/Engine/Content/Localization/ToolTips/ko/ToolTips.locres) Source String Hash: (502993589) Localized String: (내부 시간 누산기 - 이 노드에서 애셋을 레퍼런싱하는 데 사용된 누적 시간입니다.)
Localization Resource: (D:/EpicGames/UE_4.15/Engine/Content/Localization/Engine/ko/Engine.locres) Source String Hash: (502993589) Localized String: (이 노드에서 애셋을 레퍼런싱하는 데 사용된 누적 시간입니다.)
[2017.05.09-12.11.23:116][  0]LogTextLocalizationManager:Warning: Loaded localization resources contain conflicting entries for (Namespace:UObjectToolTips, Key:AnimNode_AssetPlayerBase:bIgnoreForRelevancyTest):
Localization Resource: (D:/EpicGames/UE_4.15/Engine/Content/Localization/EditorTutorials/ko/EditorTutorials.locres) Source String Hash: (319969718) Localized String: (True 면, 스테이트에서 최고 가중치 애니메이션을 찾는 "Relevant anim" 노드는 이 노드를 무시합니다.
 )
Localization Resource: (D:/EpicGames/UE_4.15/Engine/Content/Localization/ToolTips/ko/ToolTips.locres) Source String Hash: (319969718) Localized String: (연관성 테스트에 무시 - true 인 경우 스테이트 내 최고 웨이팅된 애니메이션을 찾는 "Relevant anim" (연관 애님) 노드가
이 노드를 무시합니다.)
Localization Resource: (D:/EpicGames/UE_4.15/Engine/Content/Localization/Engine/ko/Engine.locres) Source String Hash: (319969718) Localized String: (True 면 스테이트 내 최고 웨이팅된 애니메이션을 찾는 "Relevant anim" 노드가 무시됩니다.
 )
[2017.05.09-12.11.23:116][  0]LogTextLocalizationManager:Warning: Loaded localization resources contain conflicting entries for (Namespace:UObjectToolTips, Key:AnimNode_AssetPlayerBase:BlendWeight):
Localization Resource: (D:/EpicGames/UE_4.15/Engine/Content/Localization/EditorTutorials/ko/EditorTutorials.locres) Source String Hash: (-1232800293) Localized String: (이 노드에 마지막 걸린 블렌드웨이트 입니다.)
Localization Resource: (D:/EpicGames/UE_4.15/Engine/Content/Localization/ToolTips/ko/ToolTips.locres) Source String Hash: (-1232800293) Localized String: (블렌드 웨이트 - 이 노드에 대해 마지막으로 접한 블렌드 웨이트입니다.)
Localization Resource: (D:/EpicGames/UE_4.15/Engine/Content/Localization/Engine/ko/Engine.locres) Source String Hash: (-1232800293) Localized String: (이 노드에 대해 마지막 접한 블렌드 웨이트)
[2017.05.09-12.11.23:116][  0]LogTextLocalizationManager:Warning: Loaded localization resources contain conflicting entries for (Namespace:UObjectToolTips, Key:AnimNode_BlendSpacePlayer:bLoop):
Localization Resource: (D:/EpicGames/UE_4.15/Engine/Content/Localization/EditorTutorials/ko/EditorTutorials.locres) Source String Hash: (2133979316) Localized String: (애니메이션이 끝까지 재생되면 반복할까요?)
Localization Resource: (D:/EpicGames/UE_4.15/Engine/Content/Localization/ToolTips/ko/ToolTips.locres) Source String Hash: (2133979316) Localized String: (루프 - 애니메이션이 끝에 도달했을 때 계속 반복할까요?)
[2017.05.09-12.11.23:116][  0]LogTextLocalizationManager:Warning: Loaded localization resources contain conflicting entries for (Namespace:UObjectToolTips, Key:AnimNode_StateMachine:bSkipFirstUpdateTransition):
Localization Resource: (D:/EpicGames/UE_4.15/Engine/Content/Localization/EditorTutorials/ko/EditorTutorials.locres) Source String Hash: (1865475011) Localized String: (첫 업데이트시 도입 상태에서의 트랜지션을 건너뛸까요? 
기본은 true 로, 첫 업데이트시에는 트랜지션 데이터를 버립니다.)
Localization Resource: (D:/EpicGames/UE_4.15/Engine/Content/Localization/ToolTips/ko/ToolTips.locres) Source String Hash: (1865475011) Localized String: (첫 번째 업데이트 트랜지션 건너뛰기 - 첫 번째 업데이트에서 입력 스테이트의 트랜지션을 건너뜁니까?
디폴트는 true 고 첫 번째 업데이트의 트랜지션 데이터를 버립니다.)
[2017.05.09-12.11.23:116][  0]LogTextLocalizationManager:Warning: Loaded localization resources contain conflicting entries for (Namespace:UObjectToolTips, Key:AnimNode_BlendSpacePlayer:X):
Localization Resource: (D:/EpicGames/UE_4.15/Engine/Content/Localization/EditorTutorials/ko/EditorTutorials.locres) Source String Hash: (2060772590) Localized String: (블렌드스페이스에서 샘플링할 X 좌표입니다.)
Localization Resource: (D:/EpicGames/UE_4.15/Engine/Content/Localization/ToolTips/ko/ToolTips.locres) Source String Hash: (2060772590) Localized String: (X - 블렌드스페이스 샘플의 X 좌표입니다.)
[2017.05.09-12.11.23:116][  0]LogTextLocalizationManager:Warning: Loaded localization resources contain conflicting entries for (Namespace:UObjectToolTips, Key:AnimNode_BlendSpacePlayer:Y):
Localization Resource: (D:/EpicGames/UE_4.15/Engine/Content/Localization/EditorTutorials/ko/EditorTutorials.locres) Source String Hash: (-1719607538) Localized String: (블렌드스페이스에서 샘플링할 Y 좌표입니다.)
Localization Resource: (D:/EpicGames/UE_4.15/Engine/Content/Localization/ToolTips/ko/ToolTips.locres) Source String Hash: (-1719607538) Localized String: (Y - 블렌드스페이스 샘플의 Y 좌표입니다.)
[2017.05.09-12.11.23:116][  0]LogTextLocalizationManager:Warning: Loaded localization resources contain conflicting entries for (Namespace:UObjectToolTips, Key:AnimNode_BlendSpacePlayer:Z):
Localization Resource: (D:/EpicGames/UE_4.15/Engine/Content/Localization/EditorTutorials/ko/EditorTutorials.locres) Source String Hash: (1728943471) Localized String: (블렌드스페이스에서 샘플링할 Z 좌표입니다.)
Localization Resource: (D:/EpicGames/UE_4.15/Engine/Content/Localization/ToolTips/ko/ToolTips.locres) Source String Hash: (1728943471) Localized String: (Z - 블렌드스페이스 샘플의 Z 좌표입니다.)
[2017.05.09-12.11.23:116][  0]LogTextLocalizationManager:Warning: Loaded localization resources contain conflicting entries for (Namespace:UObjectToolTips, Key:AnimNode_BlendSpacePlayer:BlendSpace):
Localization Resource: (D:/EpicGames/UE_4.15/Engine/Content/Localization/EditorTutorials/ko/EditorTutorials.locres) Source String Hash: (1599043277) Localized String: (재생할 블렌드스페이스 애셋입니다.)
Localization Resource: (D:/EpicGames/UE_4.15/Engine/Content/Localization/ToolTips/ko/ToolTips.locres) Source String Hash: (1599043277) Localized String: (블렌드스페이스 - 재생할 블렌드스페이스 애셋입니다.)
[2017.05.09-12.11.23:116][  0]LogTextLocalizationManager:Warning: Loaded localization resources contain conflicting entries for (Namespace:UObjectToolTips, Key:AnimNode_StateMachine:MaxTransitionsPerFrame):
Localization Resource: (D:/EpicGames/UE_4.15/Engine/Content/Localization/EditorTutorials/ko/EditorTutorials.locres) Source String Hash: (1567650430) Localized String: (이 머신에서 한 프레임 내 '동시에' 취할 수 있는 트랜지션 최대 수입니다.)
Localization Resource: (D:/EpicGames/UE_4.15/Engine/Content/Localization/ToolTips/ko/ToolTips.locres) Source String Hash: (1567650430) Localized String: (프레임 당 최대 트랜지션 - 한 프레임에서 이 머신이 동시에 취할 수 있는 트랜지션 최대 수입니다.)
[2017.05.09-12.11.23:116][  0]LogTextLocalizationManager:Warning: Loaded localization resources contain conflicting entries for (Namespace:UObjectToolTips, Key:AnimNode_BlendSpacePlayer:PlayRate):
Localization Resource: (D:/EpicGames/UE_4.15/Engine/Content/Localization/EditorTutorials/ko/EditorTutorials.locres) Source String Hash: (-1274923958) Localized String: (재생 속도 배수입니다. 음수가 되면 애니메이션을 역순으로 재생하게 됩니다.)
Localization Resource: (D:/EpicGames/UE_4.15/Engine/Content/Localization/ToolTips/ko/ToolTips.locres) Source String Hash: (-1274923958) Localized String: (재생 속도 - 재생 속도 배수입니다. 음수가 되면 애니메이션을 거꾸로 재생합니다.)
[2017.05.09-12.11.23:116][  0]LogTextLocalizationManager:Warning: Loaded localization resources contain conflicting entries for (Namespace:UObjectToolTips, Key:AnimNode_BlendSpacePlayer:StartPosition):
Localization Resource: (D:/EpicGames/UE_4.15/Engine/Content/Localization/EditorTutorials/ko/EditorTutorials.locres) Source String Hash: (-207153555) Localized String: (시작 위치 범위는 [0,1] 이며, 재초기화시에만 적용됩니다.
루핑을 하면, 1 회전 후 0.f 부터 시작할 것입니다.)
Localization Resource: (D:/EpicGames/UE_4.15/Engine/Content/Localization/ToolTips/ko/ToolTips.locres) Source String Hash: (-207153555) Localized String: (시작 위치 - [0, 1] 범위의 시작 위치로, 재초기화할 때만 적용됩니다.
반복하면 1회전 후 0.f 부터 시작됩니다.)
[2017.05.09-12.11.23:116][  0]LogTextLocalizationManager:Warning: Loaded localization resources contain conflicting entries for (Namespace:UObjectToolTips, Key:CameraFilmbackSettings:SensorWidth):
Localization Resource: (D:/EpicGames/UE_4.15/Engine/Content/Localization/ToolTips/ko/ToolTips.locres) Source String Hash: (-1448580153) Localized String: (센서 폭 - 필름백 또는 디지털 센서의 가로 크기로, mm 단위입니다.)
Localization Resource: (D:/EpicGames/UE_4.15/Engine/Content/Localization/Engine/ko/Engine.locres) Source String Hash: (-1448580153) Localized String: (필름백 또는 디지털 센서의 가로 크기로, mm 단위입니다.)
[2017.05.09-12.11.23:117][  0]LogTextLocalizationManager:Warning: Loaded localization resources contain conflicting entries for (Namespace:UObjectToolTips, Key:CameraFilmbackSettings:SensorAspectRatio):
Localization Resource: (D:/EpicGames/UE_4.15/Engine/Content/Localization/ToolTips/ko/ToolTips.locres) Source String Hash: (-194807515) Localized String: (센서 종횡비 - 읽기 전용입니다. 센서 치수에서 계산했습니다.)
Localization Resource: (D:/EpicGames/UE_4.15/Engine/Content/Localization/Engine/ko/Engine.locres) Source String Hash: (-194807515) Localized String: (읽기 전용입니다. 센서 크기에서 계산했습니다.)
[2017.05.09-12.11.23:117][  0]LogTextLocalizationManager:Warning: Loaded localization resources contain conflicting entries for (Namespace:UObjectToolTips, Key:AnimNode_SequencePlayer:bLoopAnimation):
Localization Resource: (D:/EpicGames/UE_4.15/Engine/Content/Localization/ToolTips/ko/ToolTips.locres) Source String Hash: (2133979316) Localized String: (루프 - 애니메이션이 끝에 도달했을 때 계속 반복시켜야 할까요?)
Localization Resource: (D:/EpicGames/UE_4.15/Engine/Content/Localization/Engine/ko/Engine.locres) Source String Hash: (2133979316) Localized String: (애니메이션이 끝에 도달하면 계속해서 루핑시킬것인지 입니다.)
[2017.05.09-12.11.23:117][  0]LogTextLocalizationManager:Warning: Loaded localization resources contain conflicting entries for (Namespace:UObjectToolTips, Key:AnimNode_SequencePlayer:Sequence):
Localization Resource: (D:/EpicGames/UE_4.15/Engine/Content/Localization/ToolTips/ko/ToolTips.locres) Source String Hash: (421436424) Localized String: (시퀀스 - 재생할 애니메이션 시퀀스 애셋입니다.)
Localization Resource: (D:/EpicGames/UE_4.15/Engine/Content/Localization/Engine/ko/Engine.locres) Source String Hash: (421436424) Localized String: (재생할 애니메이션 시퀀스 애셋입니다.)
[2017.05.09-12.11.23:117][  0]LogTextLocalizationManager:Warning: Loaded localization resources contain conflicting entries for (Namespace:UObjectToolTips, Key:AnimNode_SequencePlayer:PlayRate):
Localization Resource: (D:/EpicGames/UE_4.15/Engine/Content/Localization/ToolTips/ko/ToolTips.locres) Source String Hash: (-1274923958) Localized String: (재생 속도 - 재생 속도 배수입니다. 음수가 될 수 있으며, 그러면 애니메이션이 거꾸로 재생됩니다.)
Localization Resource: (D:/EpicGames/UE_4.15/Engine/Content/Localization/Engine/ko/Engine.locres) Source String Hash: (-1274923958) Localized String: (플레이 속도 배수입니다. 음수가 되면 애니메이션이 역방향으로 재생됩니다.)
[2017.05.09-12.11.23:117][  0]LogTextLocalizationManager:Warning: Loaded localization resources contain conflicting entries for (Namespace:UObjectToolTips, Key:AnimNode_SequencePlayer:StartPosition):
Localization Resource: (D:/EpicGames/UE_4.15/Engine/Content/Localization/ToolTips/ko/ToolTips.locres) Source String Hash: (771611000) Localized String: (시작 위치 - 시작 위치로 재초기화할 때만 적용됩니다.
반복하면, 1회전 후 0.f 부터 시작됩니다.)
Localization Resource: (D:/EpicGames/UE_4.15/Engine/Content/Localization/Engine/ko/Engine.locres) Source String Hash: (771611000) Localized String: (시작 위치로, 재초기화시에만 적용됩니다.
루핑을 하면, 1회전 후 0.f 부터 시작할 것입니다.)
[2017.05.09-12.11.23:117][  0]LogTextLocalizationManager:Warning: Loaded localization resources contain conflicting entries for (Namespace:UObjectToolTips, Key:CameraFilmbackSettings:SensorHeight):
Localization Resource: (D:/EpicGames/UE_4.15/Engine/Content/Localization/ToolTips/ko/ToolTips.locres) Source String Hash: (-1311569777) Localized String: (센서 높이 - 필름백 또는 디지털 센서의 세로 크기로, mm 단위입니다.)
Localization Resource: (D:/EpicGames/UE_4.15/Engine/Content/Localization/Engine/ko/Engine.locres) Source String Hash: (-1311569777) Localized String: (필름백 또는 디지털 센서의 세로 크기로, mm 단위입니다.)
[2017.05.09-12.11.23:556][  0]LogD3D11RHI: D3D11 adapters:
[2017.05.09-12.11.23:582][  0]LogD3D11RHI:    0. 'NVIDIA GeForce GTX 1080' (Feature Level 11_0)
[2017.05.09-12.11.23:582][  0]LogD3D11RHI:       8144/0/8173 MB DedicatedVideo/DedicatedSystem/SharedSystem, Outputs:2, VendorId:0x10de
[2017.05.09-12.11.23:584][  0]LogD3D11RHI:    1. 'Microsoft Basic Render Driver' (Feature Level 11_0)
[2017.05.09-12.11.23:584][  0]LogD3D11RHI:       0/0/8173 MB DedicatedVideo/DedicatedSystem/SharedSystem, Outputs:0, VendorId:0x1414
[2017.05.09-12.11.23:584][  0]LogD3D11RHI: Chosen D3D11 Adapter: 0
[2017.05.09-12.11.23:589][  0]LogD3D11RHI: Creating new Direct3DDevice
[2017.05.09-12.11.23:589][  0]LogD3D11RHI:     GPU DeviceId: 0x1b80 (for the marketing name, search the web for "GPU Device Id")
[2017.05.09-12.11.23:589][  0]LogWindows: EnumDisplayDevices:
[2017.05.09-12.11.23:589][  0]LogWindows:    0. 'NVIDIA GeForce GTX 1080' (P:0 D:1)
[2017.05.09-12.11.23:590][  0]LogWindows:    1. 'NVIDIA GeForce GTX 1080' (P:1 D:1)
[2017.05.09-12.11.23:590][  0]LogWindows:    2. 'NVIDIA GeForce GTX 1080' (P:0 D:0)
[2017.05.09-12.11.23:591][  0]LogWindows:    3. 'NVIDIA GeForce GTX 1080' (P:0 D:0)
[2017.05.09-12.11.23:591][  0]LogWindows: DebugString: FoundDriverCount:4 
[2017.05.09-12.11.23:591][  0]LogD3D11RHI:     Adapter Name: NVIDIA GeForce GTX 1080
[2017.05.09-12.11.23:591][  0]LogD3D11RHI:   Driver Version: 376.53 (internal:21.21.13.7653, unified:376.53)
[2017.05.09-12.11.23:591][  0]LogD3D11RHI:      Driver Date: 12-29-2016
[2017.05.09-12.11.23:591][  0]LogRHI: Texture pool is 1361 MB (70% of 1945 MB)
[2017.05.09-12.11.23:610][  0]LogD3D11RHI: [Aftermath] Aftermath enabled but failed to initialize due to reason: DriverVersionNotSupported
[2017.05.09-12.11.23:610][  0]LogD3D11RHI: Async texture creation enabled
[2017.05.09-12.11.23:626][  0]LogD3D11RHI: GPU Timing Frequency: 1000.000000 (Debug: 2 2)
[2017.05.09-12.11.23:721][  0]LogShaderCompilers: Guid format shader working directory is 9 characters bigger than the processId version (../../../../../GitHub/VR_Inventory/Inventory/Intermediate/Shaders/WorkingDirectory/14120/).
[2017.05.09-12.11.23:721][  0]LogShaderCompilers: Cleaned the shader compiler working directory 'C:/Users/Administrator/AppData/Local/Temp/UnrealShaderWorkingDir/30C295754580E91E366E439B1F1C3C3A/'.
[2017.05.09-12.11.23:721][  0]LogShaderCompilers:Display: Using Local Shader Compiler.
[2017.05.09-12.11.24:754][  0]LogTemp:Display: Loaded TP AllDesktopTargetPlatform
[2017.05.09-12.11.24:804][  0]LogTemp:Display: Loaded TP MacClientTargetPlatform
[2017.05.09-12.11.24:855][  0]LogTemp:Display: Loaded TP MacNoEditorTargetPlatform
[2017.05.09-12.11.24:906][  0]LogTemp:Display: Loaded TP MacServerTargetPlatform
[2017.05.09-12.11.24:958][  0]LogTemp:Display: Loaded TP MacTargetPlatform
[2017.05.09-12.11.25:006][  0]LogTemp:Display: Loaded TP WindowsClientTargetPlatform
[2017.05.09-12.11.25:056][  0]LogTemp:Display: Loaded TP WindowsNoEditorTargetPlatform
[2017.05.09-12.11.25:105][  0]LogTemp:Display: Loaded TP WindowsServerTargetPlatform
[2017.05.09-12.11.25:144][  0]LogTemp:Display: Loaded TP WindowsTargetPlatform
[2017.05.09-12.11.25:191][  0]LogTemp:Display: Loaded TP AndroidTargetPlatform
[2017.05.09-12.11.25:239][  0]LogTemp:Display: Loaded TP Android_ASTCTargetPlatform
[2017.05.09-12.11.25:288][  0]LogTemp:Display: Loaded TP Android_ATCTargetPlatform
[2017.05.09-12.11.25:339][  0]LogTemp:Display: Loaded TP Android_DXTTargetPlatform
[2017.05.09-12.11.25:387][  0]LogTemp:Display: Loaded TP Android_ETC1TargetPlatform
[2017.05.09-12.11.25:436][  0]LogTemp:Display: Loaded TP Android_ETC2TargetPlatform
[2017.05.09-12.11.25:535][  0]LogTemp:Display: Loaded TP Android_MultiTargetPlatform
[2017.05.09-12.11.25:535][  0]LogTemp:Display: Loaded TP Android_PVRTCTargetPlatform
[2017.05.09-12.11.25:568][  0]LogTemp:Display: Loaded TP HTML5TargetPlatform
[2017.05.09-12.11.25:655][  0]LogTemp:Display: Loaded TP IOSTargetPlatform
[2017.05.09-12.11.25:684][  0]LogTemp:Display: Loaded TP TVOSTargetPlatform
[2017.05.09-12.11.25:732][  0]LogTemp:Display: Loaded TP LinuxClientTargetPlatform
[2017.05.09-12.11.25:780][  0]LogTemp:Display: Loaded TP LinuxNoEditorTargetPlatform
[2017.05.09-12.11.25:827][  0]LogTemp:Display: Loaded TP LinuxServerTargetPlatform
[2017.05.09-12.11.25:872][  0]LogTemp:Display: Loaded TP LinuxTargetPlatform
[2017.05.09-12.11.25:872][  0]LogTargetPlatformManager:Display: Building Assets For Windows
[2017.05.09-12.11.26:213][  0]LogDerivedDataCache:Display: Max Cache Size: 512 MB
[2017.05.09-12.11.26:258][  0]LogDerivedDataCache: Loaded boot cache 0.05s 50MB C:/Users/Administrator/AppData/Local/UnrealEngine/4.15/DerivedDataCache/Boot.ddc.
[2017.05.09-12.11.26:258][  0]LogDerivedDataCache:Display: Loaded Boot cache: C:/Users/Administrator/AppData/Local/UnrealEngine/4.15/DerivedDataCache/Boot.ddc
[2017.05.09-12.11.26:258][  0]LogDerivedDataCache: FDerivedDataBackendGraph:  Pak pak cache file ../../../../../GitHub/VR_Inventory/Inventory/DerivedDataCache/DDC.ddp not found, will not use a pak cache.
[2017.05.09-12.11.26:258][  0]LogDerivedDataCache: Unable to find inner node Pak for hierarchical cache Hierarchy.
[2017.05.09-12.11.26:258][  0]LogDerivedDataCache: FDerivedDataBackendGraph:  CompressedPak pak cache file ../../../../../GitHub/VR_Inventory/Inventory/DerivedDataCache/Compressed.ddp not found, will not use a pak cache.
[2017.05.09-12.11.26:258][  0]LogDerivedDataCache: Unable to find inner node CompressedPak for hierarchical cache Hierarchy.
[2017.05.09-12.11.26:273][  0]LogDerivedDataCache:Display: Pak cache opened for reading ../../../Engine/DerivedDataCache/Compressed.ddp.
[2017.05.09-12.11.26:285][  0]LogDerivedDataCache: Using Local data cache path C:/Users/Administrator/AppData/Local/UnrealEngine/Common/DerivedDataCache: Writable
[2017.05.09-12.11.26:295][  0]LogSlate: Using Freetype 2.6.0
[2017.05.09-12.11.26:296][  0]LogSlate: SlateFontCache - WITH_FREETYPE: 1, WITH_HARFBUZZ: 1
[2017.05.09-12.11.26:296][  0]LogSlate: SlateFontCache - WITH_FREETYPE: 1, WITH_HARFBUZZ: 1
[2017.05.09-12.11.26:577][  0]LogInit: Selected Device Profile: [Windows]
[2017.05.09-12.11.26:579][  0]LogContentStreaming: Texture pool size is 0.00 MB
[2017.05.09-12.11.26:758][  0]LogMeshUtilities: Using QuadricMeshReduction for automatic static mesh reduction
[2017.05.09-12.11.26:795][  0]LogSimplygon: Simplygon DLL not present - disabling.
[2017.05.09-12.11.26:836][  0]LogMeshUtilities: Using SimplygonSwarm for distributed automatic mesh merging
[2017.05.09-12.11.26:836][  0]LogMeshUtilities: No automatic skeletal mesh reduction module available
[2017.05.09-12.11.26:836][  0]LogMeshUtilities: No automatic mesh merging module available
[2017.05.09-12.11.27:320][  0]LogNetVersion: GetLocalNetworkVersion: CL: 3299760, ProjectName: inventory, ProjectVersion: , EngineNetworkVersion: 2, GameNetworkVersion: 0, NetworkChecksum: 2716021693
[2017.05.09-12.11.27:359][  0]LogAssetRegistry: FAssetRegistry took 0.0211 seconds to start up
[2017.05.09-12.11.27:399][  0]LogPackageLocalizationCache: Processed 3 localized package path(s) for 2 prioritized culture(s) in 0.023749 seconds
[2017.05.09-12.11.27:404][  0]LogUObjectArray: 32493 objects as part of root set at end of initial load.
[2017.05.09-12.11.27:404][  0]LogUObjectAllocator: 7077032 out of 0 bytes used by permanent object pool.
[2017.05.09-12.11.27:404][  0]LogUObjectArray: CloseDisregardForGC: 0/0 objects in disregard for GC pool
[2017.05.09-12.11.27:446][  0]LogInit: WinSock: version 1.1 (2.2), MaxSocks=32767, MaxUdp=65467
[2017.05.09-12.11.29:134][  0]LogTcpMessaging: Initializing TcpMessaging bridge
[2017.05.09-12.11.29:166][  0]LogUdpMessaging: Initializing bridge on interface 0.0.0.0:0 to multicast group 230.0.0.1:6666.
[2017.05.09-12.11.29:584][  0]LogMaterial: Uniform references updated for custom material expression Custom.
[2017.05.09-12.11.29:945][  0]SourceControl: 정보 소스 콘트롤이 꺼졌습니다.
[2017.05.09-12.11.29:946][  0]SourceControl: 정보 소스 콘트롤이 꺼졌습니다.
[2017.05.09-12.11.29:991][  0]SourceControl: 정보 소스 콘트롤이 꺼졌습니다.
[2017.05.09-12.11.30:038][  0]SourceControl: 정보 소스 콘트롤이 꺼졌습니다.
[2017.05.09-12.11.31:234][  0]LogEngine: Initializing Engine...
[2017.05.09-12.11.31:269][  0]LogHMD: SteamVR initialized.  Driver: lighthouse  Display: LHR-C48F2C84
[2017.05.09-12.11.31:388][  0]LogStats: UGameplayTagsManager::ConstructGameplayTagTree: Construct from data asset -  0.000 s
[2017.05.09-12.11.31:388][  0]LogStats: UGameplayTagsManager::ConstructGameplayTagTree: GameplayTagTreeChangedEvent.Broadcast -  0.000 s
[2017.05.09-12.11.31:499][  0]LogAIModule: Creating AISystem for world Untitled
[2017.05.09-12.11.31:572][  0]LogInit: XAudio2 using '스피커(USB Audio Device)' : 2 channels at 44.1 kHz using 16 bits per sample (channel mask 0x3)
[2017.05.09-12.11.31:599][  0]LogInit: FAudioDevice initialized.
[2017.05.09-12.11.31:625][  0]LogDerivedDataCache: Saved boot cache 0.03s 50MB C:/Users/Administrator/AppData/Local/UnrealEngine/4.15/DerivedDataCache/Boot.ddc.
[2017.05.09-12.11.31:628][  0]LogInit: Texture streaming: Enabled
[2017.05.09-12.11.31:696][  0]LogEngineSessionManager: EngineSessionManager initialized
[2017.05.09-12.11.31:776][  0]LogInit: Transaction tracking system initialized
[2017.05.09-12.11.32:082][  0]BlueprintLog: New page: 에디터 로드
[2017.05.09-12.11.32:875][  0]LocalizationService: 정보 현지화 서비스가 비활성화되었습니다.
[2017.05.09-12.11.33:459][  0]LogConsoleResponse:Display: 
[2017.05.09-12.11.33:576][  0]LogCook:Display: Max memory allowance for cook 16384mb min free memory 0mb
[2017.05.09-12.11.33:576][  0]LogCook:Display: Mobile HDR setting 1
[2017.05.09-12.11.34:071][  0]LogFileCache: Scanning file cache for directory 'D:/GitHub/VR_Inventory/Inventory/Content/' took 0.01s
[2017.05.09-12.11.34:473][  0]SourceControl: 정보 소스 콘트롤이 꺼졌습니다.
[2017.05.09-12.11.34:474][  0]Cmd: MAP LOAD FILE="../../../../../GitHub/VR_Inventory/Inventory/Content/Level/NewMap.umap" TEMPLATE=0 SHOWPROGRESS=1 FEATURELEVEL=3
[2017.05.09-12.11.34:474][  0]LightingResults: New page: 라이팅 빌드
[2017.05.09-12.11.34:511][  0]MapCheck: New page: 맵 체크
[2017.05.09-12.11.34:511][  0]LightingResults: New page: 라이팅 빌드
[2017.05.09-12.11.35:403][  0]LogSpawn:Warning: UWorld::DestroyActor: World has no context! World: NewMap, Actor: /Game/Level/NewMap.NewMap:PersistentLevel.DESTROYED_VR_InvenSlot_C_CHILDACTOR_1244
[2017.05.09-12.11.35:403][  0]LogSpawn:Warning: UWorld::DestroyActor: World has no context! World: NewMap, Actor: /Game/Level/NewMap.NewMap:PersistentLevel.DESTROYED_VR_InvenSlot_C_CHILDACTOR_1245
[2017.05.09-12.11.35:404][  0]LogSpawn:Warning: UWorld::DestroyActor: World has no context! World: NewMap, Actor: /Game/Level/NewMap.NewMap:PersistentLevel.DESTROYED_VR_InvenSlot_C_CHILDACTOR_1246
[2017.05.09-12.11.35:404][  0]LogSpawn:Warning: UWorld::DestroyActor: World has no context! World: NewMap, Actor: /Game/Level/NewMap.NewMap:PersistentLevel.DESTROYED_VR_InvenSlot_C_CHILDACTOR_1247
[2017.05.09-12.11.35:404][  0]LogSpawn:Warning: UWorld::DestroyActor: World has no context! World: NewMap, Actor: /Game/Level/NewMap.NewMap:PersistentLevel.DESTROYED_VR_InvenSlot_C_CHILDACTOR_1248
[2017.05.09-12.11.35:404][  0]LogSpawn:Warning: UWorld::DestroyActor: World has no context! World: NewMap, Actor: /Game/Level/NewMap.NewMap:PersistentLevel.DESTROYED_VR_InvenSlot_C_CHILDACTOR_1249
[2017.05.09-12.11.35:404][  0]LogSpawn:Warning: UWorld::DestroyActor: World has no context! World: NewMap, Actor: /Game/Level/NewMap.NewMap:PersistentLevel.DESTROYED_VR_InvenSlot_C_CHILDACTOR_1998
[2017.05.09-12.11.35:404][  0]LogSpawn:Warning: UWorld::DestroyActor: World has no context! World: NewMap, Actor: /Game/Level/NewMap.NewMap:PersistentLevel.DESTROYED_VR_InvenSlot_C_CHILDACTOR_2013
[2017.05.09-12.11.35:404][  0]LogSpawn:Warning: UWorld::DestroyActor: World has no context! World: NewMap, Actor: /Game/Level/NewMap.NewMap:PersistentLevel.DESTROYED_VR_InvenSlot_C_CHILDACTOR_2030
[2017.05.09-12.11.35:731][  0]LogAIModule: Creating AISystem for world NewMap
[2017.05.09-12.11.35:763][  0]LogEditorServer: Finished looking for orphan Actors (0.000 secs)
[2017.05.09-12.11.35:764][  0]Cmd: MAP CHECKDEP NOCLEARLOG
[2017.05.09-12.11.35:849][  0]MapCheck: 정보 맵 체크 완료: 오류 0 회, 경고 0 회, 소요 시간 85.474ms.
[2017.05.09-12.11.35:849][  0]LogFileHelpers: Loading map 'NewMap' took 1.376
[2017.05.09-12.11.35:920][  0]LogWindowsTextInputMethodSystem:Display: IME system now activated using TSF (Microsoft 입력기).
[2017.05.09-12.11.36:036][  0]LogCollectionManager: Loaded 0 collections in 0.001660 seconds
[2017.05.09-12.11.36:114][  0]LogFileCache: Scanning file cache for directory 'D:/GitHub/VR_Inventory/Inventory/Saved/Collections/' took 0.01s
[2017.05.09-12.11.36:114][  0]LogFileCache: Scanning file cache for directory 'D:/GitHub/VR_Inventory/Inventory/Content/Developers/Administrator/Collections/' took 0.01s
[2017.05.09-12.11.36:114][  0]LogFileCache: Scanning file cache for directory 'D:/GitHub/VR_Inventory/Inventory/Content/Collections/' took 0.01s
[2017.05.09-12.11.36:114][  0]LogCollectionManager: Rebuilt the GUID cache for 0 collections in 0.000001 seconds
[2017.05.09-12.11.36:122][  0]LogContentBrowser: Native class hierarchy populated in 0.0081 seconds. Added 2245 classes and 453 folders.
[2017.05.09-12.11.36:173][  0]LogContentBrowser: Native class hierarchy updated for 'WidgetCarousel' in 0.0004 seconds. Added 0 classes and 0 folders.
[2017.05.09-12.11.36:229][  0]LogContentBrowser: Native class hierarchy updated for 'AddContentDialog' in 0.0004 seconds. Added 0 classes and 0 folders.
[2017.05.09-12.11.36:271][  0]LogContentBrowser: Native class hierarchy updated for 'SceneOutliner' in 0.0005 seconds. Added 1 classes and 2 folders.
[2017.05.09-12.11.36:312][  0]LogCrashTracker: Crashtracker disabled due to settings.
[2017.05.09-12.11.36:320][  0]LogUObjectGlobals:Warning: 'Class 없음.' 오브젝트를 찾는 데 실패했습니다.
[2017.05.09-12.11.36:381][  0]LogContentBrowser: Native class hierarchy updated for 'HierarchicalLODOutliner' in 0.0006 seconds. Added 1 classes and 2 folders.
[2017.05.09-12.11.36:381][  0]LogLoad: (Engine Initialization) Total time: 15.24 seconds
[2017.05.09-12.11.36:381][  0]LogLoad: (Engine Initialization) Total Blueprint compile time: 0.53 seconds
[2017.05.09-12.11.36:381][  0]LogExternalProfiler: Found external profiler: VSPerf
[2017.05.09-12.11.36:381][  0]LogExternalProfiler: Using external profiler: VSPerf
[2017.05.09-12.11.36:396][  0]LogOcInput: OculusInput pre-init called
[2017.05.09-12.11.36:396][  0]LogSteamVRController: Controller role for device 1 is 1 (invalid=0, left=1, right=2).
[2017.05.09-12.11.36:396][  0]LogSteamVRController:Warning: Controller device 1 is being assigned to its prefered role 'left'.
[2017.05.09-12.11.36:396][  0]LogSteamVRController: Controller device 1 is being assigned unreal hand 0 (left=0, right=1).
[2017.05.09-12.11.36:396][  0]LogSteamVRController: Controller role for device 2 is 2 (invalid=0, left=1, right=2).
[2017.05.09-12.11.36:396][  0]LogSteamVRController: Putting controller 2 on the right hand because there is already a controller for the left.
[2017.05.09-12.11.36:396][  0]LogSteamVRController: Controller device 2 is being assigned unreal hand 1 (left=0, right=1).
[2017.05.09-12.11.36:416][  0]LogContentStreaming: Texture pool size now 1000 MB
[2017.05.09-12.11.36:417][  0]LogSlate: Took 0.000385 seconds to synchronously load lazily loaded font '../../../Engine/Content/Slate/Fonts/Roboto-Regular.ttf' (155K)
[2017.05.09-12.11.36:422][  0]LogSlate: Took 0.002710 seconds to synchronously load lazily loaded font '../../../Engine/Content/Slate/Fonts/NanumGothic.ttf' (4243K)
[2017.05.09-12.11.36:423][  0]LogSlate: Took 0.000253 seconds to synchronously load lazily loaded font '../../../Engine/Content/Slate/Fonts/Roboto-Bold.ttf' (160K)
[2017.05.09-12.11.36:583][  0]LogRenderer: Reallocating scene render targets to support 1240x600 NumSamples 1 (Frame:2).
[2017.05.09-12.11.36:632][  1]LogAssetRegistry: Asset discovery search completed in 9.2939 seconds
[2017.05.09-12.11.36:632][  1]LogCollectionManager: Rebuilt the object cache for 0 collections in 0.000017 seconds (found 0 objects)
[2017.05.09-12.11.36:632][  1]LogCollectionManager: Fixed up redirectors for 0 collections in 0.000032 seconds (updated 0 objects)
[2017.05.09-12.11.37:408][ 90]LogSlate: Took 0.000455 seconds to synchronously load lazily loaded font '../../../Engine/Content/Slate/Fonts/Roboto-Light.ttf' (159K)
[2017.05.09-12.11.37:886][ 90]LogContentBrowser: Native class hierarchy updated for 'BlueprintGraph' in 0.0009 seconds. Added 112 classes and 0 folders.
[2017.05.09-12.11.38:573][ 90]LogSlate: Took 0.000305 seconds to synchronously load lazily loaded font '../../../Engine/Content/Editor/Slate/Fonts/FontAwesome.ttf' (139K)
[2017.05.09-12.11.38:574][ 90]LogSlate: Took 0.000303 seconds to synchronously load lazily loaded font '../../../Engine/Content/Editor/Slate/Fonts/Roboto-BoldCondensed.ttf' (158K)
[2017.05.09-12.11.38:771][ 91]LogSlate: Took 0.000412 seconds to synchronously load lazily loaded font '../../../Engine/Content/Editor/Slate/Fonts/Roboto-Italic.ttf' (157K)
[2017.05.09-12.12.37:324][390]LogSlate: Took 0.000392 seconds to synchronously load lazily loaded font '../../../Engine/Content/Slate/Fonts/Roboto-Light.ttf' (159K)
[2017.05.09-12.20.27:565][634]Cmd: OBJ SAVEPACKAGE PACKAGE="/Game/BluePrint/VR_Inven/VR_Inventory" FILE="../../../../../GitHub/VR_Inventory/Inventory/Content/BluePrint/VR_Inven/VR_Inventory.uasset" SILENT=true
[2017.05.09-12.20.27:808][634]LogSavePackage: Save=204.23ms
[2017.05.09-12.20.27:808][634]LogSavePackage: Moving '../../../../../GitHub/VR_Inventory/Inventory/Saved/VR_InventoryE553FD3A42D127E746AFFFA76034B169.tmp' to '../../../../../GitHub/VR_Inventory/Inventory/Content/BluePrint/VR_Inven/VR_Inventory.uasset'
[2017.05.09-12.20.27:810][634]LogSavePackage:Display: Finished SavePackage ../../../../../GitHub/VR_Inventory/Inventory/Content/BluePrint/VR_Inven/VR_Inventory.uasset
[2017.05.09-12.20.28:824][743]LogRenderer: Reallocating scene render targets to support 1240x712 NumSamples 1 (Frame:38358).
[2017.05.09-12.25.50:025][230]LogSlate:Warning: Prevented a slow task dialog from being summoned while a context menu was open
[2017.05.09-12.25.51:804][424]LogBlueprint:Warning: Reparenting blueprint Blueprint /Game/BluePrint/VR_Inven/Items/ItemActor.ItemActor from Actor to StaticMeshActor...
[2017.05.09-12.25.51:809][424]BlueprintLog: New page: ItemActor 컴파일
[2017.05.09-12.25.54:820][706]LogSlate:Warning: Prevented a slow task dialog from being summoned while a context menu was open
[2017.05.09-12.25.58:331][103]Cmd: OBJ SAVEPACKAGE PACKAGE="/Game/BluePrint/VR_Inven/Items/ItemActor" FILE="../../../../../GitHub/VR_Inventory/Inventory/Content/BluePrint/VR_Inven/Items/ItemActor.uasset" SILENT=true
[2017.05.09-12.25.58:341][103]LogSavePackage: Save=8.48ms
[2017.05.09-12.25.58:341][103]LogSavePackage: Moving '../../../../../GitHub/VR_Inventory/Inventory/Saved/ItemActor20957E1F4245A50176E95F827FE5A9D0.tmp' to '../../../../../GitHub/VR_Inventory/Inventory/Content/BluePrint/VR_Inven/Items/ItemActor.uasset'
[2017.05.09-12.25.58:342][103]LogSavePackage:Display: Finished SavePackage ../../../../../GitHub/VR_Inventory/Inventory/Content/BluePrint/VR_Inven/Items/ItemActor.uasset
[2017.05.09-12.25.58:914][167]BlueprintLog: New page: ItemActor 컴파일
[2017.05.09-12.27.52:689][383]LogEnum:Warning: In asset 'None', there is an enum property of type 'GrabMode' with an invalid value of 'GrabMode::NewEnumerator0'
[2017.05.09-12.27.53:064][427]LogEnum:Warning: In asset 'None', there is an enum property of type 'GrabMode' with an invalid value of 'GrabMode::NewEnumerator1'
[2017.05.09-12.28.04:104][743]Cmd: OBJ SAVEPACKAGE PACKAGE="/Game/VirtualRealityBP/Blueprints/GrabMode" FILE="../../../../../GitHub/VR_Inventory/Inventory/Content/VirtualRealityBP/Blueprints/GrabMode.uasset" SILENT=true
[2017.05.09-12.28.04:107][743]LogSavePackage: Save=1.43ms
[2017.05.09-12.28.04:107][743]LogSavePackage: Moving '../../../../../GitHub/VR_Inventory/Inventory/Saved/GrabMode09E133A848C04626806E989A5ACBD949.tmp' to '../../../../../GitHub/VR_Inventory/Inventory/Content/VirtualRealityBP/Blueprints/GrabMode.uasset'
[2017.05.09-12.28.04:109][743]LogSavePackage:Display: Finished SavePackage ../../../../../GitHub/VR_Inventory/Inventory/Content/VirtualRealityBP/Blueprints/GrabMode.uasset
[2017.05.09-12.29.18:187][265]LogSlate: Took 0.022683 seconds to synchronously load lazily loaded font '../../../Engine/Content/Editor/Slate/Fonts/Roboto-BoldCondensedItalic.ttf' (160K)
[2017.05.09-12.29.23:551][766]LogSavePackage: Save=65.91ms
[2017.05.09-12.29.23:551][766]LogSavePackage: Moving '../../../../../GitHub/VR_Inventory/Inventory/Saved/MotionControllerPawnC6C753B14F809F255082DDA0E43CDFD8.tmp' to '../../../../../GitHub/VR_Inventory/Inventory/Content/VirtualRealityBP/Blueprints/MotionControllerPawn.uasset'
[2017.05.09-12.29.23:553][766]LogSavePackage:Display: Finished SavePackage ../../../../../GitHub/VR_Inventory/Inventory/Content/VirtualRealityBP/Blueprints/MotionControllerPawn.uasset
[2017.05.09-12.29.23:870][796]BlueprintLog: New page: MotionControllerPawn 컴파일
[2017.05.09-12.31.16:978][ 19]LogSavePackage: Save=217.79ms
[2017.05.09-12.31.16:978][ 19]LogSavePackage: Moving '../../../../../GitHub/VR_Inventory/Inventory/Saved/BP_MotionController8020681D4B35E9DA6762308A0640ED0F.tmp' to '../../../../../GitHub/VR_Inventory/Inventory/Content/VirtualRealityBP/Blueprints/BP_MotionController.uasset'
[2017.05.09-12.31.16:980][ 19]LogSavePackage:Display: Finished SavePackage ../../../../../GitHub/VR_Inventory/Inventory/Content/VirtualRealityBP/Blueprints/BP_MotionController.uasset
[2017.05.09-12.31.17:318][ 51]BlueprintLog: New page: BP_MotionController 컴파일
[2017.05.09-12.31.46:868][319]LogSavePackage: Save=72.76ms
[2017.05.09-12.31.46:868][319]LogSavePackage: Moving '../../../../../GitHub/VR_Inventory/Inventory/Saved/MotionControllerPawnA1D730E1432C6D5ACD2DC683673E70E3.tmp' to '../../../../../GitHub/VR_Inventory/Inventory/Content/VirtualRealityBP/Blueprints/MotionControllerPawn.uasset'
[2017.05.09-12.31.46:870][319]LogSavePackage:Display: Finished SavePackage ../../../../../GitHub/VR_Inventory/Inventory/Content/VirtualRealityBP/Blueprints/MotionControllerPawn.uasset
[2017.05.09-12.31.47:303][354]BlueprintLog: New page: MotionControllerPawn 컴파일
[2017.05.09-12.31.51:428][468]LogSavePackage: Save=84.24ms
[2017.05.09-12.31.51:428][468]LogSavePackage: Moving '../../../../../GitHub/VR_Inventory/Inventory/Saved/MotionControllerPawn202DA18E4946C8FBED44E7B3A7FA9422.tmp' to '../../../../../GitHub/VR_Inventory/Inventory/Content/VirtualRealityBP/Blueprints/MotionControllerPawn.uasset'
[2017.05.09-12.31.51:430][468]LogSavePackage:Display: Finished SavePackage ../../../../../GitHub/VR_Inventory/Inventory/Content/VirtualRealityBP/Blueprints/MotionControllerPawn.uasset
[2017.05.09-12.31.51:864][505]BlueprintLog: New page: MotionControllerPawn 컴파일
[2017.05.09-12.32.57:126][904]LogSavePackage: Save=76.79ms
[2017.05.09-12.32.57:126][904]LogSavePackage: Moving '../../../../../GitHub/VR_Inventory/Inventory/Saved/MotionControllerPawn236072AE4C1E65C7786D8CB3DD3968A3.tmp' to '../../../../../GitHub/VR_Inventory/Inventory/Content/VirtualRealityBP/Blueprints/MotionControllerPawn.uasset'
[2017.05.09-12.32.57:128][904]LogSavePackage:Display: Finished SavePackage ../../../../../GitHub/VR_Inventory/Inventory/Content/VirtualRealityBP/Blueprints/MotionControllerPawn.uasset
[2017.05.09-12.32.57:520][937]BlueprintLog: New page: MotionControllerPawn 컴파일
[2017.05.09-12.33.48:461][660]LogSavePackage: Save=228.21ms
[2017.05.09-12.33.48:461][660]LogSavePackage: Moving '../../../../../GitHub/VR_Inventory/Inventory/Saved/BP_MotionControllerF9D666DE4CF691A3D2B7568F2A1777B9.tmp' to '../../../../../GitHub/VR_Inventory/Inventory/Content/VirtualRealityBP/Blueprints/BP_MotionController.uasset'
[2017.05.09-12.33.48:464][660]LogSavePackage:Display: Finished SavePackage ../../../../../GitHub/VR_Inventory/Inventory/Content/VirtualRealityBP/Blueprints/BP_MotionController.uasset
[2017.05.09-12.33.48:723][681]BlueprintLog: New page: BP_MotionController 컴파일
[2017.05.09-12.34.17:501][947]LogSavePackage: Save=206.63ms
[2017.05.09-12.34.17:501][947]LogSavePackage: Moving '../../../../../GitHub/VR_Inventory/Inventory/Saved/BP_MotionController24BB660047E08245F5388D8E88A13B0C.tmp' to '../../../../../GitHub/VR_Inventory/Inventory/Content/VirtualRealityBP/Blueprints/BP_MotionController.uasset'
[2017.05.09-12.34.17:503][947]LogSavePackage:Display: Finished SavePackage ../../../../../GitHub/VR_Inventory/Inventory/Content/VirtualRealityBP/Blueprints/BP_MotionController.uasset
[2017.05.09-12.34.17:856][976]BlueprintLog: New page: BP_MotionController 컴파일
[2017.05.09-12.34.27:341][663]LogContentBrowser: Native class hierarchy updated for 'SkeletonEditor' in 0.0005 seconds. Added 1 classes and 2 folders.
[2017.05.09-12.34.27:589][663]LogActorComponent: RegisterComponentWithWorld: (/Engine/Transient.World_11:PersistentLevel.Actor_0.DebugSkelMeshComponent_0) Already registered. Aborting.
[2017.05.09-12.34.27:887][663]LogSkeletalMesh: USkeletalMeshComponent::InitArticulated : Bodies already created (/Engine/Transient.World_11:PersistentLevel.Actor_0.DebugSkelMeshComponent_0) - call TermArticulated first.
[2017.05.09-12.34.27:947][663]LogSlate: Took 0.000296 seconds to synchronously load lazily loaded font '../../../Engine/Content/Slate/Fonts/Roboto-Regular.ttf' (155K)
[2017.05.09-12.34.55:074][ 19]LogSavePackage: Save=21.83ms
[2017.05.09-12.34.55:074][ 19]LogSavePackage: Moving '../../../../../GitHub/VR_Inventory/Inventory/Saved/RightHand_AnimBP66B2A4FD4D332CCBBB96D4AFCA9845B6.tmp' to '../../../../../GitHub/VR_Inventory/Inventory/Content/VirtualReality/Mannequin/Animations/RightHand_AnimBP.uasset'
[2017.05.09-12.34.55:086][ 19]LogSavePackage:Display: Finished SavePackage ../../../../../GitHub/VR_Inventory/Inventory/Content/VirtualReality/Mannequin/Animations/RightHand_AnimBP.uasset
[2017.05.09-12.34.55:886][ 91]BlueprintLog: New page: RightHand_AnimBP 컴파일
[2017.05.09-12.35.24:765][155]LogSavePackage: Save=201.34ms
[2017.05.09-12.35.24:765][155]LogSavePackage: Moving '../../../../../GitHub/VR_Inventory/Inventory/Saved/BP_MotionController78309CCA441ED6035CF75A8F46681D78.tmp' to '../../../../../GitHub/VR_Inventory/Inventory/Content/VirtualRealityBP/Blueprints/BP_MotionController.uasset'
[2017.05.09-12.35.24:766][155]LogSavePackage:Display: Finished SavePackage ../../../../../GitHub/VR_Inventory/Inventory/Content/VirtualRealityBP/Blueprints/BP_MotionController.uasset
[2017.05.09-12.35.25:224][189]BlueprintLog: New page: BP_MotionController 컴파일
[2017.05.09-12.35.48:113][167]LogSavePackage: Save=22.51ms
[2017.05.09-12.35.48:113][167]LogSavePackage: Moving '../../../../../GitHub/VR_Inventory/Inventory/Saved/RightHand_AnimBP5C4E45BA4A685EE60DFE27A3B00FF25C.tmp' to '../../../../../GitHub/VR_Inventory/Inventory/Content/VirtualReality/Mannequin/Animations/RightHand_AnimBP.uasset'
[2017.05.09-12.35.48:115][167]LogSavePackage:Display: Finished SavePackage ../../../../../GitHub/VR_Inventory/Inventory/Content/VirtualReality/Mannequin/Animations/RightHand_AnimBP.uasset
[2017.05.09-12.35.48:689][219]BlueprintLog: New page: RightHand_AnimBP 컴파일
[2017.05.09-12.35.48:944][219]BlueprintEditorCompileResults: 정보  Result  was visible but ignored
[2017.05.09-12.35.51:442][435]LogSavePackage: Save=23.25ms
[2017.05.09-12.35.51:442][435]LogSavePackage: Moving '../../../../../GitHub/VR_Inventory/Inventory/Saved/RightHand_AnimBPBA14BBFF463EBFFA77CE188E5ED86723.tmp' to '../../../../../GitHub/VR_Inventory/Inventory/Content/VirtualReality/Mannequin/Animations/RightHand_AnimBP.uasset'
[2017.05.09-12.35.51:444][435]LogSavePackage:Display: Finished SavePackage ../../../../../GitHub/VR_Inventory/Inventory/Content/VirtualReality/Mannequin/Animations/RightHand_AnimBP.uasset
[2017.05.09-12.36.40:104][696]LogSavePackage: Save=219.71ms
[2017.05.09-12.36.40:104][696]LogSavePackage: Moving '../../../../../GitHub/VR_Inventory/Inventory/Saved/BP_MotionController173EDAED421D3D673E1582B3B6E7EDF8.tmp' to '../../../../../GitHub/VR_Inventory/Inventory/Content/VirtualRealityBP/Blueprints/BP_MotionController.uasset'
[2017.05.09-12.36.40:106][696]LogSavePackage:Display: Finished SavePackage ../../../../../GitHub/VR_Inventory/Inventory/Content/VirtualRealityBP/Blueprints/BP_MotionController.uasset
[2017.05.09-12.36.40:907][774]BlueprintLog: New page: BP_MotionController 컴파일
[2017.05.09-12.36.56:535][ 22]LogSavePackage: Save=76.05ms
[2017.05.09-12.36.56:535][ 22]LogSavePackage: Moving '../../../../../GitHub/VR_Inventory/Inventory/Saved/MotionControllerPawn7EE9DE1F4BEF000BFBD132905FD80683.tmp' to '../../../../../GitHub/VR_Inventory/Inventory/Content/VirtualRealityBP/Blueprints/MotionControllerPawn.uasset'
[2017.05.09-12.36.56:537][ 22]LogSavePackage:Display: Finished SavePackage ../../../../../GitHub/VR_Inventory/Inventory/Content/VirtualRealityBP/Blueprints/MotionControllerPawn.uasset
[2017.05.09-12.36.56:875][ 51]BlueprintLog: New page: MotionControllerPawn 컴파일
[2017.05.09-12.37.34:412][880]LogSavePackage: Save=202.30ms
[2017.05.09-12.37.34:412][880]LogSavePackage: Moving '../../../../../GitHub/VR_Inventory/Inventory/Saved/BP_MotionController46E150D846A60AEB2E212DAA1A28932E.tmp' to '../../../../../GitHub/VR_Inventory/Inventory/Content/VirtualRealityBP/Blueprints/BP_MotionController.uasset'
[2017.05.09-12.37.34:415][880]LogSavePackage:Display: Finished SavePackage ../../../../../GitHub/VR_Inventory/Inventory/Content/VirtualRealityBP/Blueprints/BP_MotionController.uasset
[2017.05.09-12.37.34:794][913]BlueprintLog: New page: BP_MotionController 컴파일
[2017.05.09-12.37.59:542][895]LogSavePackage: Save=203.98ms
[2017.05.09-12.37.59:542][895]LogSavePackage: Moving '../../../../../GitHub/VR_Inventory/Inventory/Saved/BP_MotionControllerB560E5A84331583C2767C68808D19CD8.tmp' to '../../../../../GitHub/VR_Inventory/Inventory/Content/VirtualRealityBP/Blueprints/BP_MotionController.uasset'
[2017.05.09-12.37.59:544][895]LogSavePackage:Display: Finished SavePackage ../../../../../GitHub/VR_Inventory/Inventory/Content/VirtualRealityBP/Blueprints/BP_MotionController.uasset
[2017.05.09-12.37.59:905][928]BlueprintLog: New page: BP_MotionController 컴파일
[2017.05.09-12.43.39:423][ 47]Cmd: OBJ SAVEPACKAGE PACKAGE="/Game/Level/NewMap" FILE="../../../../../GitHub/VR_Inventory/Inventory/Content/Level/NewMap.umap" SILENT=true AUTOSAVING=false KEEPDIRTY=false
[2017.05.09-12.43.39:537][ 47]LogSavePackage: Save=76.97ms
[2017.05.09-12.43.39:537][ 47]LogSavePackage: Moving '../../../../../GitHub/VR_Inventory/Inventory/Saved/NewMapA63CFF9A4183ED5ECEA82483E35227B3.tmp' to '../../../../../GitHub/VR_Inventory/Inventory/Content/Level/NewMap.umap'
[2017.05.09-12.43.39:538][ 47]LogSavePackage:Display: Finished SavePackage ../../../../../GitHub/VR_Inventory/Inventory/Content/Level/NewMap.umap
[2017.05.09-12.43.39:558][ 47]LogFileHelpers: Saving map 'NewMap' took 0.227
[2017.05.09-12.43.39:671][ 47]LogActorComponent: UnregisterComponent: (/Engine/Transient.EditorFloorComp) Not registered. Aborting.
[2017.05.09-12.43.39:721][ 47]LogActorComponent: UnregisterComponent: (/Engine/Transient.EditorFloorComp) Not registered. Aborting.
[2017.05.09-12.43.39:817][ 47]LogActorComponent: UnregisterComponent: (/Engine/Transient.EditorFloorComp) Not registered. Aborting.
[2017.05.09-12.43.40:016][ 47]LogWindowsTextInputMethodSystem:Display: IME system now activated using TSF (Microsoft 입력기).
[2017.05.09-12.43.40:200][ 48]Cmd: QUIT_EDITOR
[2017.05.09-12.43.40:253][ 48]LogExit: Preparing to exit.
[2017.05.09-12.43.40:879][ 48]LogDirectoryWatcher: A directory notification for 'D:/GitHub/VR_Inventory/Inventory/Content/' was aborted.
[2017.05.09-12.43.40:914][ 48]LogExit: Editor shut down
[2017.05.09-12.43.40:914][ 48]LogExit: Transaction tracking system shut down
[2017.05.09-12.43.41:004][ 48]LogObj: Freed 0b from 0 cluster array pools.
[2017.05.09-12.43.41:004][ 48]LogExit: Object subsystem successfully closed.
[2017.05.09-12.43.41:023][ 48]LogD3D11RHI: Shutdown
[2017.05.09-12.43.41:023][ 48]LogD3D11RHI: CleanupD3DDevice
[2017.05.09-12.43.41:103][ 48]LogD3D11RHI: ~FD3D11DynamicRHI
[2017.05.09-12.43.41:110][ 48]LogModuleManager: Shutting down and abandoning module SkeletonEditor (506)
[2017.05.09-12.43.41:110][ 48]LogModuleManager: Shutting down and abandoning module AnimationBlueprintEditor (504)
[2017.05.09-12.43.41:110][ 48]LogModuleManager: Shutting down and abandoning module BlueprintGraph (502)
[2017.05.09-12.43.41:110][ 48]LogModuleManager: Shutting down and abandoning module BlueprintProfiler (500)
[2017.05.09-12.43.41:110][ 48]LogModuleManager: Shutting down and abandoning module HierarchicalLODOutliner (498)
[2017.05.09-12.43.41:110][ 48]LogModuleManager: Shutting down and abandoning module CrashTracker (496)
[2017.05.09-12.43.41:110][ 48]LogModuleManager: Shutting down and abandoning module SceneOutliner (494)
[2017.05.09-12.43.41:110][ 48]LogModuleManager: Shutting down and abandoning module AddContentDialog (492)
[2017.05.09-12.43.41:110][ 48]LogDirectoryWatcher: A directory notification for 'D:/EpicGames/UE_4.15/FeaturePacks/' was aborted.
[2017.05.09-12.43.41:111][ 48]LogModuleManager: Shutting down and abandoning module WidgetCarousel (491)
[2017.05.09-12.43.41:111][ 48]LogModuleManager: Shutting down and abandoning module EditorWidgets (488)
[2017.05.09-12.43.41:111][ 48]LogModuleManager: Shutting down and abandoning module CollectionManager (486)
[2017.05.09-12.43.41:111][ 48]LogDirectoryWatcher: A directory notification for 'D:/GitHub/VR_Inventory/Inventory/Content/Collections/' was aborted.
[2017.05.09-12.43.41:111][ 48]LogDirectoryWatcher: A directory notification for 'D:/GitHub/VR_Inventory/Inventory/Content/Developers/Administrator/Collections/' was aborted.
[2017.05.09-12.43.41:111][ 48]LogDirectoryWatcher: A directory notification for 'D:/GitHub/VR_Inventory/Inventory/Saved/Collections/' was aborted.
[2017.05.09-12.43.41:111][ 48]LogModuleManager: Shutting down and abandoning module StatsViewer (484)
[2017.05.09-12.43.41:111][ 48]LogModuleManager: Shutting down and abandoning module FoliageEdit (482)
[2017.05.09-12.43.41:111][ 48]LogModuleManager: Shutting down and abandoning module LandscapeEditor (480)
[2017.05.09-12.43.41:112][ 48]LogModuleManager: Shutting down and abandoning module SceneDepthPickerMode (478)
[2017.05.09-12.43.41:112][ 48]LogModuleManager: Shutting down and abandoning module ActorPickerMode (476)
[2017.05.09-12.43.41:112][ 48]LogModuleManager: Shutting down and abandoning module GeometryMode (474)
[2017.05.09-12.43.41:112][ 48]LogModuleManager: Shutting down and abandoning module TextureAlignMode (472)
[2017.05.09-12.43.41:112][ 48]LogModuleManager: Shutting down and abandoning module BspMode (470)
[2017.05.09-12.43.41:112][ 48]LogModuleManager: Shutting down and abandoning module HardwareSurvey (468)
[2017.05.09-12.43.41:112][ 48]LogModuleManager: Shutting down and abandoning module SequenceRecorderSections (466)
[2017.05.09-12.43.41:112][ 48]LogModuleManager: Shutting down and abandoning module AutomationWorker (464)
[2017.05.09-12.43.41:112][ 48]LogModuleManager: Shutting down and abandoning module MatineeToLevelSequence (462)
[2017.05.09-12.43.41:112][ 48]LogModuleManager: Shutting down and abandoning module LevelSequenceEditor (460)
[2017.05.09-12.43.41:112][ 48]LogModuleManager: Shutting down and abandoning module PlacementMode (459)
[2017.05.09-12.43.41:112][ 48]LogModuleManager: Shutting down and abandoning module WmfMediaFactory (456)
[2017.05.09-12.43.41:112][ 48]LogModuleManager: Shutting down and abandoning module WmfMediaEditor (454)
[2017.05.09-12.43.41:112][ 48]LogModuleManager: Shutting down and abandoning module MfMediaFactory (452)
[2017.05.09-12.43.41:112][ 48]LogModuleManager: Shutting down and abandoning module MfMediaEditor (450)
[2017.05.09-12.43.41:112][ 48]LogModuleManager: Shutting down and abandoning module AvfMediaFactory (448)
[2017.05.09-12.43.41:112][ 48]LogModuleManager: Shutting down and abandoning module AvfMediaEditor (446)
[2017.05.09-12.43.41:112][ 48]LogModuleManager: Shutting down and abandoning module AndroidMediaFactory (444)
[2017.05.09-12.43.41:112][ 48]LogModuleManager: Shutting down and abandoning module Media (443)
[2017.05.09-12.43.41:112][ 48]LogModuleManager: Shutting down and abandoning module AndroidMediaEditor (440)
[2017.05.09-12.43.41:112][ 48]LogModuleManager: Shutting down and abandoning module CharacterAI (438)
[2017.05.09-12.43.41:112][ 48]LogModuleManager: Shutting down and abandoning module AudioCapture (436)
[2017.05.09-12.43.41:112][ 48]LogModuleManager: Shutting down and abandoning module SequenceRecorder (435)
[2017.05.09-12.43.41:112][ 48]LogModuleManager: Shutting down and abandoning module SmartSnapping (432)
[2017.05.09-12.43.41:112][ 48]LogModuleManager: Shutting down and abandoning module SessionServices (430)
[2017.05.09-12.43.41:112][ 48]LogModuleManager: Shutting down and abandoning module ViewportSnapping (428)
[2017.05.09-12.43.41:112][ 48]LogModuleManager: Shutting down and abandoning module ViewportInteraction (426)
[2017.05.09-12.43.41:112][ 48]LogModuleManager: Shutting down and abandoning module LogVisualizer (424)
[2017.05.09-12.43.41:112][ 48]LogModuleManager: Shutting down and abandoning module IntroTutorials (422)
[2017.05.09-12.43.41:112][ 48]LogModuleManager: Shutting down and abandoning module GameProjectGeneration (421)
[2017.05.09-12.43.41:112][ 48]LogModuleManager: Shutting down and abandoning module EditorLiveStreaming (418)
[2017.05.09-12.43.41:112][ 48]LogModuleManager: Shutting down and abandoning module IOSPlatformEditor (416)
[2017.05.09-12.43.41:112][ 48]LogModuleManager: Shutting down and abandoning module HTML5PlatformEditor (414)
[2017.05.09-12.43.41:112][ 48]LogModuleManager: Shutting down and abandoning module AndroidPlatformEditor (412)
[2017.05.09-12.43.41:112][ 48]LogModuleManager: Shutting down and abandoning module AndroidDeviceDetection (411)
[2017.05.09-12.43.41:804][ 48]LogModuleManager: Shutting down and abandoning module IOSRuntimeSettings (408)
[2017.05.09-12.43.41:804][ 48]LogModuleManager: Shutting down and abandoning module AndroidRuntimeSettings (406)
[2017.05.09-12.43.41:804][ 48]LogModuleManager: Shutting down and abandoning module InputBindingEditor (404)
[2017.05.09-12.43.41:804][ 48]LogModuleManager: Shutting down and abandoning module NiagaraEditor (402)
[2017.05.09-12.43.41:804][ 48]LogModuleManager: Shutting down and abandoning module MergeActors (400)
[2017.05.09-12.43.41:804][ 48]LogModuleManager: Shutting down and abandoning module SizeMap (398)
[2017.05.09-12.43.41:804][ 48]LogModuleManager: Shutting down and abandoning module TreeMap (396)
[2017.05.09-12.43.41:804][ 48]LogModuleManager: Shutting down and abandoning module ReferenceViewer (394)
[2017.05.09-12.43.41:804][ 48]LogModuleManager: Shutting down and abandoning module LocalizationDashboard (392)
[2017.05.09-12.43.41:804][ 48]LogModuleManager: Shutting down and abandoning module LocalizationService (391)
[2017.05.09-12.43.41:804][ 48]LogModuleManager: Shutting down and abandoning module HardwareTargeting (388)
[2017.05.09-12.43.41:804][ 48]LogModuleManager: Shutting down and abandoning module DeviceProfileEditor (386)
[2017.05.09-12.43.41:804][ 48]LogModuleManager: Shutting down and abandoning module UndoHistory (384)
[2017.05.09-12.43.41:804][ 48]LogModuleManager: Shutting down and abandoning module UserFeedback (382)
[2017.05.09-12.43.41:804][ 48]LogModuleManager: Shutting down and abandoning module XmlParser (380)
[2017.05.09-12.43.41:804][ 48]LogModuleManager: Shutting down and abandoning module Blutility (378)
[2017.05.09-12.43.41:804][ 48]LogModuleManager: Shutting down and abandoning module ProjectSettingsViewer (376)
[2017.05.09-12.43.41:804][ 48]LogModuleManager: Shutting down and abandoning module ProjectTargetPlatformEditor (375)
[2017.05.09-12.43.41:804][ 48]LogModuleManager: Shutting down and abandoning module EditorSettingsViewer (372)
[2017.05.09-12.43.41:804][ 48]LogModuleManager: Shutting down and abandoning module SettingsEditor (370)
[2017.05.09-12.43.41:804][ 48]LogModuleManager: Shutting down and abandoning module ProjectLauncher (368)
[2017.05.09-12.43.41:804][ 48]LogModuleManager: Shutting down and abandoning module SessionFrontend (366)
[2017.05.09-12.43.41:804][ 48]LogModuleManager: Shutting down and abandoning module ProfilerClient (364)
[2017.05.09-12.43.41:804][ 48]LogModuleManager: Shutting down and abandoning module DeviceManager (362)
[2017.05.09-12.43.41:804][ 48]LogModuleManager: Shutting down and abandoning module TargetDeviceServices (361)
[2017.05.09-12.43.41:847][ 48]LogModuleManager: Shutting down and abandoning module AutomationController (358)
[2017.05.09-12.43.41:847][ 48]LogModuleManager: Shutting down and abandoning module AutomationWindow (356)
[2017.05.09-12.43.41:847][ 48]LogModuleManager: Shutting down and abandoning module Layers (354)
[2017.05.09-12.43.41:847][ 48]LogModuleManager: Shutting down and abandoning module ComponentVisualizers (352)
[2017.05.09-12.43.41:847][ 48]LogModuleManager: Shutting down and abandoning module DetailCustomizations (350)
[2017.05.09-12.43.41:847][ 48]LogModuleManager: Shutting down and abandoning module PackagesDialog (348)
[2017.05.09-12.43.41:847][ 48]LogModuleManager: Shutting down and abandoning module Persona (346)
[2017.05.09-12.43.41:847][ 48]LogModuleManager: Shutting down and abandoning module AnimGraph (345)
[2017.05.09-12.43.41:847][ 48]LogModuleManager: Shutting down and abandoning module Kismet (342)
[2017.05.09-12.43.41:856][ 48]LogModuleManager: Shutting down and abandoning module GraphEditor (340)
[2017.05.09-12.43.41:857][ 48]LogModuleManager: Shutting down and abandoning module ClassViewer (338)
[2017.05.09-12.43.41:857][ 48]LogModuleManager: Shutting down and abandoning module Toolbox (336)
[2017.05.09-12.43.41:857][ 48]LogModuleManager: Shutting down and abandoning module ModuleUI (334)
[2017.05.09-12.43.41:857][ 48]LogModuleManager: Shutting down and abandoning module MovieSceneTools (332)
[2017.05.09-12.43.41:858][ 48]LogModuleManager: Shutting down and abandoning module OutputLog (330)
[2017.05.09-12.43.41:858][ 48]LogModuleManager: Shutting down and abandoning module GammaUI (328)
[2017.05.09-12.43.41:858][ 48]LogModuleManager: Shutting down and abandoning module Documentation (326)
[2017.05.09-12.43.41:858][ 48]LogModuleManager: Shutting down and abandoning module Niagara (324)
[2017.05.09-12.43.41:858][ 48]LogModuleManager: Shutting down and abandoning module StreamingPauseRendering (322)
[2017.05.09-12.43.41:858][ 48]LogModuleManager: Shutting down and abandoning module AnalyticsET (320)
[2017.05.09-12.43.41:858][ 48]LogModuleManager: Shutting down and abandoning module PortalServices (318)
[2017.05.09-12.43.41:858][ 48]LogModuleManager: Shutting down and abandoning module PortalRpc (316)
[2017.05.09-12.43.41:858][ 48]LogModuleManager: Shutting down and abandoning module MessagingRpc (314)
[2017.05.09-12.43.41:858][ 48]LogModuleManager: Shutting down and abandoning module AIModule (312)
[2017.05.09-12.43.41:858][ 48]LogModuleManager: Shutting down and abandoning module GameplayDebugger (311)
[2017.05.09-12.43.41:858][ 48]LogModuleManager: Shutting down and abandoning module AITestSuite (309)
[2017.05.09-12.43.41:858][ 48]LogModuleManager: Shutting down and abandoning module ProfilerService (306)
[2017.05.09-12.43.41:993][ 48]LogModuleManager: Shutting down and abandoning module TaskGraph (304)
[2017.05.09-12.43.41:993][ 48]LogModuleManager: Shutting down and abandoning module SteamVRController (302)
[2017.05.09-12.43.41:993][ 48]LogModuleManager: Shutting down and abandoning module SteamVR (300)
[2017.05.09-12.43.41:993][ 48]LogModuleManager: Shutting down and abandoning module ProceduralMeshComponentEditor (298)
[2017.05.09-12.43.41:993][ 48]LogModuleManager: Shutting down and abandoning module ProceduralMeshComponent (296)
[2017.05.09-12.43.41:993][ 48]LogModuleManager: Shutting down and abandoning module OculusLibrary (294)
[2017.05.09-12.43.41:993][ 48]LogModuleManager: Shutting down and abandoning module OculusInput (292)
[2017.05.09-12.43.41:993][ 48]LogModuleManager: Shutting down and abandoning module MobilePatchingUtils (290)
[2017.05.09-12.43.41:993][ 48]LogModuleManager: Shutting down and abandoning module CustomMeshComponent (288)
[2017.05.09-12.43.41:993][ 48]LogModuleManager: Shutting down and abandoning module CableComponent (286)
[2017.05.09-12.43.41:993][ 48]LogModuleManager: Shutting down and abandoning module ArchVisCharacter (284)
[2017.05.09-12.43.41:993][ 48]LogModuleManager: Shutting down and abandoning module MediaPlayerEditor (280)
[2017.05.09-12.43.41:993][ 48]LogModuleManager: Shutting down and abandoning module HTML5Networking (278)
[2017.05.09-12.43.41:993][ 48]LogModuleManager: Shutting down and abandoning module AlembicImporter (276)
[2017.05.09-12.43.41:993][ 48]LogModuleManager: Shutting down and abandoning module AlembicLibrary (275)
[2017.05.09-12.43.41:993][ 48]LogModuleManager: Shutting down and abandoning module GeometryCache (274)
[2017.05.09-12.43.41:993][ 48]LogModuleManager: Shutting down and abandoning module GeometryCacheEd (273)
[2017.05.09-12.43.41:993][ 48]LogModuleManager: Shutting down and abandoning module SuperSearchEditor (268)
[2017.05.09-12.43.41:993][ 48]LogModuleManager: Shutting down and abandoning module SuperSearch (267)
[2017.05.09-12.43.41:993][ 48]LogModuleManager: Shutting down and abandoning module SpeedTreeImporter (264)
[2017.05.09-12.43.41:993][ 48]LogModuleManager: Shutting down and abandoning module PluginBrowser (262)
[2017.05.09-12.43.41:993][ 48]LogModuleManager: Shutting down and abandoning module MobileLauncherProfileWizard (260)
[2017.05.09-12.43.41:993][ 48]LogModuleManager: Shutting down and abandoning module EpicSurvey (258)
[2017.05.09-12.43.41:993][ 48]LogModuleManager: Shutting down and abandoning module VisualStudioSourceCodeAccess (256)
[2017.05.09-12.43.41:993][ 48]LogModuleManager: Shutting down and abandoning module DesktopPlatform (255)
[2017.05.09-12.43.41:993][ 48]LogModuleManager: Shutting down and abandoning module UObjectPlugin (252)
[2017.05.09-12.43.41:993][ 48]LogModuleManager: Shutting down and abandoning module SubversionSourceControl (250)
[2017.05.09-12.43.41:993][ 48]LogModuleManager: Shutting down and abandoning module PerforceSourceControl (248)
[2017.05.09-12.43.41:993][ 48]LogModuleManager: Shutting down and abandoning module GitSourceControl (246)
[2017.05.09-12.43.41:993][ 48]LogModuleManager: Shutting down and abandoning module SourceControl (245)
[2017.05.09-12.43.41:993][ 48]LogModuleManager: Shutting down and abandoning module LightPropagationVolumeEditor (242)
[2017.05.09-12.43.41:993][ 48]LogModuleManager: Shutting down and abandoning module PaperTiledImporter (240)
[2017.05.09-12.43.41:993][ 48]LogModuleManager: Shutting down and abandoning module PaperSpriteSheetImporter (238)
[2017.05.09-12.43.41:993][ 48]LogModuleManager: Shutting down and abandoning module Paper2DEditor (236)
[2017.05.09-12.43.41:993][ 48]LogModuleManager: Shutting down and abandoning module MeshPaint (235)
[2017.05.09-12.43.41:993][ 48]LogModuleManager: Shutting down and abandoning module LevelEditor (233)
[2017.05.09-12.43.41:994][ 48]LogModuleManager: Shutting down and abandoning module PixelInspectorModule (232)
[2017.05.09-12.43.41:994][ 48]LogModuleManager: Shutting down and abandoning module MainFrame (230)
[2017.05.09-12.43.41:994][ 48]LogModuleManager: Shutting down and abandoning module HotReload (229)
[2017.05.09-12.43.41:994][ 48]LogModuleManager: Shutting down and abandoning module ContentBrowser (225)
[2017.05.09-12.43.41:995][ 48]LogModuleManager: Shutting down and abandoning module PhysXVehiclesEditor (222)
[2017.05.09-12.43.41:995][ 48]LogModuleManager: Shutting down and abandoning module PhysXVehicles (220)
[2017.05.09-12.43.41:995][ 48]LogModuleManager: Shutting down and abandoning module LocationServicesBPLibrary (218)
[2017.05.09-12.43.41:995][ 48]LogModuleManager: Shutting down and abandoning module UdpMessaging (216)
[2017.05.09-12.43.42:096][ 48]LogModuleManager: Shutting down and abandoning module TcpMessaging (214)
[2017.05.09-12.43.42:196][ 48]LogModuleManager: Shutting down and abandoning module GameplayTagsEditor (212)
[2017.05.09-12.43.42:196][ 48]LogModuleManager: Shutting down and abandoning module FacialAnimationEditor (210)
[2017.05.09-12.43.42:196][ 48]LogModuleManager: Shutting down and abandoning module FacialAnimation (208)
[2017.05.09-12.43.42:196][ 48]LogModuleManager: Shutting down and abandoning module LightPropagationVolumeRuntime (206)
[2017.05.09-12.43.42:196][ 48]LogModuleManager: Shutting down and abandoning module Paper2D (204)
[2017.05.09-12.43.42:196][ 48]LogModuleManager: Shutting down and abandoning module WindowsMoviePlayer (202)
[2017.05.09-12.43.42:196][ 48]LogModuleManager: Shutting down and abandoning module WmfMedia (200)
[2017.05.09-12.43.42:196][ 48]LogModuleManager: Shutting down and abandoning module MfMedia (198)
[2017.05.09-12.43.42:196][ 48]LogModuleManager: Shutting down and abandoning module MediaAssets (196)
[2017.05.09-12.43.42:196][ 48]LogModuleManager: Shutting down and abandoning module GameLiveStreaming (194)
[2017.05.09-12.43.42:196][ 48]LogModuleManager: Shutting down and abandoning module VREditor (192)
[2017.05.09-12.43.42:196][ 48]LogModuleManager: Shutting down and abandoning module GameplayTasksEditor (190)
[2017.05.09-12.43.42:196][ 48]LogModuleManager: Shutting down and abandoning module BehaviorTreeEditor (188)
[2017.05.09-12.43.42:196][ 48]LogModuleManager: Shutting down and abandoning module FunctionalTesting (186)
[2017.05.09-12.43.42:196][ 48]LogModuleManager: Shutting down and abandoning module CollisionAnalyzer (184)
[2017.05.09-12.43.42:196][ 48]LogModuleManager: Shutting down and abandoning module UMG (182)
[2017.05.09-12.43.42:196][ 48]LogModuleManager: Shutting down and abandoning module UMGEditor (181)
[2017.05.09-12.43.42:196][ 48]LogModuleManager: Shutting down and abandoning module Sequencer (180)
[2017.05.09-12.43.42:196][ 48]LogModuleManager: Shutting down and abandoning module AssetTools (178)
[2017.05.09-12.43.42:196][ 48]LogModuleManager: Shutting down and abandoning module MessageLog (177)
[2017.05.09-12.43.42:196][ 48]LogModuleManager: Shutting down and abandoning module WorkspaceMenuStructure (176)
[2017.05.09-12.43.42:196][ 48]LogModuleManager: Shutting down and abandoning module SlateReflector (170)
[2017.05.09-12.43.42:197][ 48]LogModuleManager: Shutting down and abandoning module Slate (168)
[2017.05.09-12.43.42:197][ 48]LogModuleManager: Shutting down and abandoning module EditorStyle (166)
[2017.05.09-12.43.42:198][ 48]LogModuleManager: Shutting down and abandoning module SourceCodeAccess (164)
[2017.05.09-12.43.42:198][ 48]LogModuleManager: Shutting down and abandoning module HeadMountedDisplay (162)
[2017.05.09-12.43.42:198][ 48]LogModuleManager: Shutting down and abandoning module XAudio2 (160)
[2017.05.09-12.43.42:198][ 48]LogModuleManager: Shutting down and abandoning module Networking (158)
[2017.05.09-12.43.42:198][ 48]LogModuleManager: Shutting down and abandoning module Core (154)
[2017.05.09-12.43.42:198][ 48]LogModuleManager: Shutting down and abandoning module AssetRegistry (152)
[2017.05.09-12.43.42:368][ 48]LogDirectoryWatcher: A directory notification for '../../../Engine/Content/' was aborted.
[2017.05.09-12.43.42:368][ 48]LogDirectoryWatcher: A directory notification for '../../../../../GitHub/VR_Inventory/Inventory/Content/' was aborted.
[2017.05.09-12.43.42:368][ 48]LogDirectoryWatcher: A directory notification for '../../../Engine/Plugins/2D/Paper2D/Content/' was aborted.
[2017.05.09-12.43.42:368][ 48]LogModuleManager: Shutting down and abandoning module DirectoryWatcher (151)
[2017.05.09-12.43.42:369][ 48]LogModuleManager: Shutting down and abandoning module KismetCompiler (148)
[2017.05.09-12.43.42:369][ 48]LogModuleManager: Shutting down and abandoning module PhysXFormats (146)
[2017.05.09-12.43.42:369][ 48]LogModuleManager: Shutting down and abandoning module MeshUtilities (144)
[2017.05.09-12.43.42:369][ 48]LogModuleManager: Shutting down and abandoning module SimplygonSwarm (143)
[2017.05.09-12.43.42:369][ 48]LogModuleManager: Shutting down and abandoning module SimplygonMeshReduction (141)
[2017.05.09-12.43.42:369][ 48]LogModuleManager: Shutting down and abandoning module QuadricMeshReduction (139)
[2017.05.09-12.43.42:369][ 48]LogModuleManager: Shutting down and abandoning module PropertyEditor (137)
[2017.05.09-12.43.42:369][ 48]LogModuleManager: Shutting down and abandoning module DerivedDataCache (134)
[2017.05.09-12.43.42:458][ 48]LogDerivedDataCache: Shutdown
[2017.05.09-12.43.42:458][ 48]LogModuleManager: Shutting down and abandoning module TargetPlatform (132)
[2017.05.09-12.43.42:458][ 48]LogModuleManager: Shutting down and abandoning module VulkanShaderFormat (131)
[2017.05.09-12.43.42:458][ 48]LogModuleManager: Shutting down and abandoning module ShaderFormatOpenGL (129)
[2017.05.09-12.43.42:458][ 48]LogModuleManager: Shutting down and abandoning module ShaderFormatD3D (127)
[2017.05.09-12.43.42:458][ 48]LogModuleManager: Shutting down and abandoning module MetalShaderFormat (125)
[2017.05.09-12.43.42:458][ 48]LogModuleManager: Shutting down and abandoning module TextureFormatUncompressed (123)
[2017.05.09-12.43.42:458][ 48]LogModuleManager: Shutting down and abandoning module TextureFormatPVR (121)
[2017.05.09-12.43.42:458][ 48]LogModuleManager: Shutting down and abandoning module TextureFormatDXT (119)
[2017.05.09-12.43.42:458][ 48]LogModuleManager: Shutting down and abandoning module TextureFormatIntelISPCTexComp (117)
[2017.05.09-12.43.42:458][ 48]LogModuleManager: Shutting down and abandoning module TextureFormatASTC (115)
[2017.05.09-12.43.42:458][ 48]LogModuleManager: Shutting down and abandoning module ImageWrapper (114)
[2017.05.09-12.43.42:458][ 48]LogModuleManager: Shutting down and abandoning module TextureFormatAndroid (111)
[2017.05.09-12.43.42:458][ 48]LogModuleManager: Shutting down and abandoning module AudioFormatOpus (109)
[2017.05.09-12.43.42:458][ 48]LogModuleManager: Shutting down and abandoning module AudioFormatOgg (107)
[2017.05.09-12.43.42:458][ 48]LogModuleManager: Shutting down and abandoning module AudioFormatADPCM (105)
[2017.05.09-12.43.42:458][ 48]LogModuleManager: Shutting down and abandoning module LinuxTargetPlatform (103)
[2017.05.09-12.43.42:458][ 48]LogModuleManager: Shutting down and abandoning module LinuxServerTargetPlatform (101)
[2017.05.09-12.43.42:458][ 48]LogModuleManager: Shutting down and abandoning module LinuxNoEditorTargetPlatform (99)
[2017.05.09-12.43.42:458][ 48]LogModuleManager: Shutting down and abandoning module LinuxClientTargetPlatform (97)
[2017.05.09-12.43.42:458][ 48]LogModuleManager: Shutting down and abandoning module TVOSTargetPlatform (95)
[2017.05.09-12.43.42:458][ 48]LogModuleManager: Shutting down and abandoning module Messaging (93)
[2017.05.09-12.43.42:458][ 48]LogModuleManager: Shutting down and abandoning module IOSTargetPlatform (91)
[2017.05.09-12.43.42:458][ 48]LogModuleManager: Shutting down and abandoning module HTML5TargetPlatform (89)
[2017.05.09-12.43.42:458][ 48]LogModuleManager: Shutting down and abandoning module Android_PVRTCTargetPlatform (87)
[2017.05.09-12.43.42:458][ 48]LogModuleManager: Shutting down and abandoning module Android_MultiTargetPlatform (85)
[2017.05.09-12.43.42:458][ 48]LogModuleManager: Shutting down and abandoning module Android_ETC2TargetPlatform (83)
[2017.05.09-12.43.42:458][ 48]LogModuleManager: Shutting down and abandoning module Android_ETC1TargetPlatform (81)
[2017.05.09-12.43.42:458][ 48]LogModuleManager: Shutting down and abandoning module Android_DXTTargetPlatform (79)
[2017.05.09-12.43.42:458][ 48]LogModuleManager: Shutting down and abandoning module Android_ATCTargetPlatform (77)
[2017.05.09-12.43.42:458][ 48]LogModuleManager: Shutting down and abandoning module Android_ASTCTargetPlatform (75)
[2017.05.09-12.43.42:459][ 48]LogModuleManager: Shutting down and abandoning module AndroidTargetPlatform (73)
[2017.05.09-12.43.42:459][ 48]LogModuleManager: Shutting down and abandoning module WindowsTargetPlatform (71)
[2017.05.09-12.43.42:459][ 48]LogModuleManager: Shutting down and abandoning module WindowsServerTargetPlatform (69)
[2017.05.09-12.43.42:459][ 48]LogModuleManager: Shutting down and abandoning module WindowsNoEditorTargetPlatform (67)
[2017.05.09-12.43.42:459][ 48]LogModuleManager: Shutting down and abandoning module WindowsClientTargetPlatform (65)
[2017.05.09-12.43.42:459][ 48]LogModuleManager: Shutting down and abandoning module MacTargetPlatform (63)
[2017.05.09-12.43.42:459][ 48]LogModuleManager: Shutting down and abandoning module MacServerTargetPlatform (61)
[2017.05.09-12.43.42:459][ 48]LogModuleManager: Shutting down and abandoning module MacNoEditorTargetPlatform (59)
[2017.05.09-12.43.42:459][ 48]LogModuleManager: Shutting down and abandoning module MacClientTargetPlatform (57)
[2017.05.09-12.43.42:459][ 48]LogModuleManager: Shutting down and abandoning module AllDesktopTargetPlatform (55)
[2017.05.09-12.43.42:459][ 48]LogModuleManager: Shutting down and abandoning module InputCore (52)
[2017.05.09-12.43.42:459][ 48]LogModuleManager: Shutting down and abandoning module Settings (50)
[2017.05.09-12.43.42:459][ 48]LogModuleManager: Shutting down and abandoning module OculusRift (48)
[2017.05.09-12.43.42:459][ 48]LogModuleManager: Shutting down and abandoning module GearVR (46)
[2017.05.09-12.43.42:459][ 48]LogModuleManager: Shutting down and abandoning module ExampleDeviceProfileSelector (44)
[2017.05.09-12.43.42:459][ 48]LogModuleManager: Shutting down and abandoning module OnlineBlueprintSupport (42)
[2017.05.09-12.43.42:459][ 48]LogModuleManager: Shutting down and abandoning module OnlineSubsystem (38)
[2017.05.09-12.43.42:459][ 48]LogOnline:Display: Unloading online subsystem: NULL
[2017.05.09-12.43.42:459][ 48]LogModuleManager: Shutting down and abandoning module XMPP (37)
[2017.05.09-12.43.42:459][ 48]LogModuleManager: Shutting down and abandoning module HTTP (35)
[2017.05.09-12.43.42:459][ 48]LogHttp:Display: Http module shutting down, but needs to wait on 2 outstanding Http requests:
[2017.05.09-12.43.42:459][ 48]LogHttp:Display: 	verb=[POST] url=[https://datarouter.ol.epicgames.com/datarouter/api/v1/public/data?SessionID=%7B97368BA2-462C-3E8B-4087-2995622E04F0%7D&AppID=UEEditor.Rocket.Release&AppVersion=4.15.2-3416026%2B%2B%2BUE4%2BRelease-4.15&UserID=f2134d0c4d815fe5deb956a68c25832f%7C79d9d70e03a94da2a36573f877b3400e%7Ca671821a-70f2-4aa6-b3fa-d9feac38d6e8&AppEnvironment=datacollector-binary&UploadType=eteventstream] status=Processing
[2017.05.09-12.43.42:459][ 48]LogHttp:Display: 	verb=[POST] url=[https://datarouter.ol.epicgames.com/datarouter/api/v1/public/data?SessionID=%7B97368BA2-462C-3E8B-4087-2995622E04F0%7D&AppID=UEEditor.Rocket.Release&AppVersion=4.15.2-3416026%2B%2B%2BUE4%2BRelease-4.15&UserID=f2134d0c4d815fe5deb956a68c25832f%7C79d9d70e03a94da2a36573f877b3400e%7Ca671821a-70f2-4aa6-b3fa-d9feac38d6e8&AppEnvironment=datacollector-binary&UploadType=eteventstream] status=Processing
[2017.05.09-12.43.42:460][ 48]LogModuleManager: Shutting down and abandoning module SSL (34)
[2017.05.09-12.43.42:462][ 48]LogModuleManager: Shutting down and abandoning module AudioEditor (30)
[2017.05.09-12.43.42:462][ 48]LogModuleManager: Shutting down and abandoning module TextureCompressor (28)
[2017.05.09-12.43.42:462][ 48]LogModuleManager: Shutting down and abandoning module ShaderCore (26)
[2017.05.09-12.43.42:462][ 48]LogModuleManager: Shutting down and abandoning module Landscape (24)
[2017.05.09-12.43.42:462][ 48]LogModuleManager: Shutting down and abandoning module SlateRHIRenderer (22)
[2017.05.09-12.43.42:466][ 48]LogModuleManager: Shutting down and abandoning module OpenGLDrv (20)
[2017.05.09-12.43.42:466][ 48]LogModuleManager: Shutting down and abandoning module D3D11RHI (18)
[2017.05.09-12.43.42:466][ 48]LogModuleManager: Shutting down and abandoning module AnimGraphRuntime (16)
[2017.05.09-12.43.42:466][ 48]LogModuleManager: Shutting down and abandoning module Renderer (14)
[2017.05.09-12.43.42:466][ 48]LogModuleManager: Shutting down and abandoning module Engine (12)
[2017.05.09-12.43.42:466][ 48]LogModuleManager: Shutting down and abandoning module CoreUObject (10)
[2017.05.09-12.43.42:466][ 48]LogModuleManager: Shutting down and abandoning module NetworkFile (8)
[2017.05.09-12.43.42:466][ 48]LogModuleManager: Shutting down and abandoning module StreamingFile (6)
[2017.05.09-12.43.42:466][ 48]LogModuleManager: Shutting down and abandoning module SandboxFile (4)
[2017.05.09-12.43.42:466][ 48]LogModuleManager: Shutting down and abandoning module PakFile (2)
[2017.05.09-12.43.42:468][ 48]LogExit: Exiting.
[2017.05.09-12.43.42:478][ 48]Log file closed, 05/09/17 21:43:42
