Log file open, 05/04/17 19:14:40
LogInit:Display: Running engine for game: Inventory
LogPlatformFile: Not using cached read wrapper
LogInit:Display: RandInit(1288854904) SRandInit(1288854904).
LogTaskGraph: Started task graph with 5 named threads and 8 total threads with 1 sets of task threads.
LogStats: Stats thread started at 0.078369
LogInit: Using libcurl 7.47.1
LogInit:  - built for x86_64-pc-win32
LogInit:  - supports SSL with OpenSSL/1.0.2g
LogInit:  - supports HTTP deflate (compression) using libz 1.2.8
LogInit:  - other features:
LogInit:      CURL_VERSION_SSL
LogInit:      CURL_VERSION_LIBZ
LogInit:      CURL_VERSION_IPV6
LogInit:      CURL_VERSION_ASYNCHDNS
LogInit:      CURL_VERSION_LARGEFILE
LogInit:      CURL_VERSION_IDN
LogInit:  CurlRequestOptions (configurable via config and command line):
LogInit:  - bVerifyPeer = false  - Libcurl will NOT verify peer certificate
LogInit:  - bUseHttpProxy = false  - Libcurl will NOT use HTTP proxy
LogInit:  - bDontReuseConnections = false  - Libcurl will reuse connections
LogInit:  - CertBundlePath = nullptr  - Libcurl will use whatever was configured at build time.
LogInit: Build: ++UE4+Release-4.15-CL-3416026
LogInit: Engine Version: 4.15.2-3416026+++UE4+Release-4.15
LogInit: Compatible Engine Version: 4.15.0-3299760+++UE4+Release-4.15
LogInit: Net CL: 3299760
LogDevObjectVersion: Number of dev versions registered: 14
LogDevObjectVersion:   Dev-Blueprints (B0D832E4-1F89-4F0D-ACCF-7EB736FD4AA2): 8
LogDevObjectVersion:   Dev-Build (E1C64328-A22C-4D53-A36C-8E866417BD8C): 0
LogDevObjectVersion:   Dev-Core (375EC13C-06E4-48FB-B500-84F0262A717E): 2
LogDevObjectVersion:   Dev-Editor (E4B068ED-F494-42E9-A231-DA0B2E46BB41): 14
LogDevObjectVersion:   Dev-Framework (CFFC743F-43B0-4480-9391-14DF171D2073): 22
LogDevObjectVersion:   Dev-Mobile (B02B49B5-BB20-44E9-A304-32B752E40360): 0
LogDevObjectVersion:   Dev-Networking (A4E4105C-59A1-49B5-A7C5-40C4547EDFEE): 0
LogDevObjectVersion:   Dev-Online (39C831C9-5AE6-47DC-9A44-9C173E1C8E7C): 0
LogDevObjectVersion:   Dev-Physics (78F01B33-EBEA-4F98-B9B4-84EACCB95AA2): 0
LogDevObjectVersion:   Dev-Platform (6631380F-2D4D-43E0-8009-CF276956A95A): 0
LogDevObjectVersion:   Dev-Rendering (12F88B9F-8875-4AFC-A67C-D90C383ABD29): 12
LogDevObjectVersion:   Dev-Sequencer (7B5AE74C-D270-4C10-A958-57980B212A5A): 3
LogDevObjectVersion:   Dev-VR (D7296918-1DD6-4BDD-9DE2-64A83CC13884): 0
LogDevObjectVersion:   Dev-LoadTimes (C2A15278-BFE7-4AFE-6C17-90FF531DF755): 1
LogInit: Compiled (64-bit): May  1 2017 13:11:28
LogInit: Compiled with Visual C++: 19.00.23026.00
LogInit: Build Configuration: Development
LogInit: Branch Name: ++UE4+Release-4.15
LogInit: Command line: 
LogInit: Base directory: D:/EpicGames/UE_4.15/Engine/Binaries/Win64/
LogInit: Installed Engine Build: 1
LogInit: Presizing for max 8388607 objects, including 0 objects not considered by GC, pre-allocating 0 bytes for permanent pool.
LogInit: Object subsystem initialized
[2017.05.04-10.14.41:880][  0]LogInit: Selected Device Profile: [Windows]
[2017.05.04-10.14.41:880][  0]LogInit: Applying CVar settings loaded from the selected device profile: [Windows]
[2017.05.04-10.14.41:889][  0]LogInit: Computer: DESKTOP-DIJL62K
[2017.05.04-10.14.41:889][  0]LogInit: User: Administrator
[2017.05.04-10.14.41:889][  0]LogInit: CPU Page size=65536, Cores=4
[2017.05.04-10.14.41:889][  0]LogInit: High frequency timer resolution =3.328125 MHz
[2017.05.04-10.14.41:889][  0]LogMemory: Memory total: Physical=16.0GB (16GB approx)
[2017.05.04-10.14.41:889][  0]LogMemory: Platform Memory Stats for Windows
[2017.05.04-10.14.41:889][  0]LogMemory: Process Physical Memory: 263.53 MB used, 263.53 MB peak
[2017.05.04-10.14.41:889][  0]LogMemory: Process Virtual Memory: 262.45 MB used, 262.45 MB peak
[2017.05.04-10.14.41:889][  0]LogMemory: Physical Memory: 4943.53 MB used,  11403.02 MB free, 16346.55 MB total
[2017.05.04-10.14.41:889][  0]LogMemory: Virtual Memory: 644.83 MB used,  11403.02 MB free, 134217728.00 MB total
[2017.05.04-10.14.41:960][  0]LogTextLocalizationManager: No specific translations for ('ko-KR') exist, so ('ko') translations will be used.
[2017.05.04-10.14.42:009][  0]LogTextLocalizationManager:Warning: Loaded localization resources contain conflicting entries for (Namespace:KismetSchema, Key:Default):
Localization Resource: (D:/EpicGames/UE_4.15/Engine/Content/Localization/EditorTutorials/ko/EditorTutorials.locres) Source String Hash: (940523119) Localized String: (디폴트)
Localization Resource: (D:/EpicGames/UE_4.15/Engine/Content/Localization/Engine/ko/Engine.locres) Source String Hash: (940523119) Localized String: (기본)
[2017.05.04-10.14.42:009][  0]LogTextLocalizationManager:Warning: Loaded localization resources contain conflicting entries for (Namespace:UObjectToolTips, Key:AnimNode_AssetPlayerBase:InternalTimeAccumulator):
Localization Resource: (D:/EpicGames/UE_4.15/Engine/Content/Localization/EditorTutorials/ko/EditorTutorials.locres) Source String Hash: (502993589) Localized String: (이 노드에서 애셋을 레퍼런싱하는 데 사용되는 누적 시간입니다.)
Localization Resource: (D:/EpicGames/UE_4.15/Engine/Content/Localization/ToolTips/ko/ToolTips.locres) Source String Hash: (502993589) Localized String: (내부 시간 누산기 - 이 노드에서 애셋을 레퍼런싱하는 데 사용된 누적 시간입니다.)
Localization Resource: (D:/EpicGames/UE_4.15/Engine/Content/Localization/Engine/ko/Engine.locres) Source String Hash: (502993589) Localized String: (이 노드에서 애셋을 레퍼런싱하는 데 사용된 누적 시간입니다.)
[2017.05.04-10.14.42:009][  0]LogTextLocalizationManager:Warning: Loaded localization resources contain conflicting entries for (Namespace:UObjectToolTips, Key:AnimNode_AssetPlayerBase:bIgnoreForRelevancyTest):
Localization Resource: (D:/EpicGames/UE_4.15/Engine/Content/Localization/EditorTutorials/ko/EditorTutorials.locres) Source String Hash: (319969718) Localized String: (True 면, 스테이트에서 최고 가중치 애니메이션을 찾는 "Relevant anim" 노드는 이 노드를 무시합니다.
 )
Localization Resource: (D:/EpicGames/UE_4.15/Engine/Content/Localization/ToolTips/ko/ToolTips.locres) Source String Hash: (319969718) Localized String: (연관성 테스트에 무시 - true 인 경우 스테이트 내 최고 웨이팅된 애니메이션을 찾는 "Relevant anim" (연관 애님) 노드가
이 노드를 무시합니다.)
Localization Resource: (D:/EpicGames/UE_4.15/Engine/Content/Localization/Engine/ko/Engine.locres) Source String Hash: (319969718) Localized String: (True 면 스테이트 내 최고 웨이팅된 애니메이션을 찾는 "Relevant anim" 노드가 무시됩니다.
 )
[2017.05.04-10.14.42:009][  0]LogTextLocalizationManager:Warning: Loaded localization resources contain conflicting entries for (Namespace:UObjectToolTips, Key:AnimNode_AssetPlayerBase:BlendWeight):
Localization Resource: (D:/EpicGames/UE_4.15/Engine/Content/Localization/EditorTutorials/ko/EditorTutorials.locres) Source String Hash: (-1232800293) Localized String: (이 노드에 마지막 걸린 블렌드웨이트 입니다.)
Localization Resource: (D:/EpicGames/UE_4.15/Engine/Content/Localization/ToolTips/ko/ToolTips.locres) Source String Hash: (-1232800293) Localized String: (블렌드 웨이트 - 이 노드에 대해 마지막으로 접한 블렌드 웨이트입니다.)
Localization Resource: (D:/EpicGames/UE_4.15/Engine/Content/Localization/Engine/ko/Engine.locres) Source String Hash: (-1232800293) Localized String: (이 노드에 대해 마지막 접한 블렌드 웨이트)
[2017.05.04-10.14.42:009][  0]LogTextLocalizationManager:Warning: Loaded localization resources contain conflicting entries for (Namespace:UObjectToolTips, Key:AnimNode_BlendSpacePlayer:bLoop):
Localization Resource: (D:/EpicGames/UE_4.15/Engine/Content/Localization/EditorTutorials/ko/EditorTutorials.locres) Source String Hash: (2133979316) Localized String: (애니메이션이 끝까지 재생되면 반복할까요?)
Localization Resource: (D:/EpicGames/UE_4.15/Engine/Content/Localization/ToolTips/ko/ToolTips.locres) Source String Hash: (2133979316) Localized String: (루프 - 애니메이션이 끝에 도달했을 때 계속 반복할까요?)
[2017.05.04-10.14.42:009][  0]LogTextLocalizationManager:Warning: Loaded localization resources contain conflicting entries for (Namespace:UObjectToolTips, Key:AnimNode_StateMachine:bSkipFirstUpdateTransition):
Localization Resource: (D:/EpicGames/UE_4.15/Engine/Content/Localization/EditorTutorials/ko/EditorTutorials.locres) Source String Hash: (1865475011) Localized String: (첫 업데이트시 도입 상태에서의 트랜지션을 건너뛸까요? 
기본은 true 로, 첫 업데이트시에는 트랜지션 데이터를 버립니다.)
Localization Resource: (D:/EpicGames/UE_4.15/Engine/Content/Localization/ToolTips/ko/ToolTips.locres) Source String Hash: (1865475011) Localized String: (첫 번째 업데이트 트랜지션 건너뛰기 - 첫 번째 업데이트에서 입력 스테이트의 트랜지션을 건너뜁니까?
디폴트는 true 고 첫 번째 업데이트의 트랜지션 데이터를 버립니다.)
[2017.05.04-10.14.42:009][  0]LogTextLocalizationManager:Warning: Loaded localization resources contain conflicting entries for (Namespace:UObjectToolTips, Key:AnimNode_BlendSpacePlayer:X):
Localization Resource: (D:/EpicGames/UE_4.15/Engine/Content/Localization/EditorTutorials/ko/EditorTutorials.locres) Source String Hash: (2060772590) Localized String: (블렌드스페이스에서 샘플링할 X 좌표입니다.)
Localization Resource: (D:/EpicGames/UE_4.15/Engine/Content/Localization/ToolTips/ko/ToolTips.locres) Source String Hash: (2060772590) Localized String: (X - 블렌드스페이스 샘플의 X 좌표입니다.)
[2017.05.04-10.14.42:009][  0]LogTextLocalizationManager:Warning: Loaded localization resources contain conflicting entries for (Namespace:UObjectToolTips, Key:AnimNode_BlendSpacePlayer:Y):
Localization Resource: (D:/EpicGames/UE_4.15/Engine/Content/Localization/EditorTutorials/ko/EditorTutorials.locres) Source String Hash: (-1719607538) Localized String: (블렌드스페이스에서 샘플링할 Y 좌표입니다.)
Localization Resource: (D:/EpicGames/UE_4.15/Engine/Content/Localization/ToolTips/ko/ToolTips.locres) Source String Hash: (-1719607538) Localized String: (Y - 블렌드스페이스 샘플의 Y 좌표입니다.)
[2017.05.04-10.14.42:009][  0]LogTextLocalizationManager:Warning: Loaded localization resources contain conflicting entries for (Namespace:UObjectToolTips, Key:AnimNode_BlendSpacePlayer:Z):
Localization Resource: (D:/EpicGames/UE_4.15/Engine/Content/Localization/EditorTutorials/ko/EditorTutorials.locres) Source String Hash: (1728943471) Localized String: (블렌드스페이스에서 샘플링할 Z 좌표입니다.)
Localization Resource: (D:/EpicGames/UE_4.15/Engine/Content/Localization/ToolTips/ko/ToolTips.locres) Source String Hash: (1728943471) Localized String: (Z - 블렌드스페이스 샘플의 Z 좌표입니다.)
[2017.05.04-10.14.42:009][  0]LogTextLocalizationManager:Warning: Loaded localization resources contain conflicting entries for (Namespace:UObjectToolTips, Key:AnimNode_BlendSpacePlayer:BlendSpace):
Localization Resource: (D:/EpicGames/UE_4.15/Engine/Content/Localization/EditorTutorials/ko/EditorTutorials.locres) Source String Hash: (1599043277) Localized String: (재생할 블렌드스페이스 애셋입니다.)
Localization Resource: (D:/EpicGames/UE_4.15/Engine/Content/Localization/ToolTips/ko/ToolTips.locres) Source String Hash: (1599043277) Localized String: (블렌드스페이스 - 재생할 블렌드스페이스 애셋입니다.)
[2017.05.04-10.14.42:009][  0]LogTextLocalizationManager:Warning: Loaded localization resources contain conflicting entries for (Namespace:UObjectToolTips, Key:AnimNode_StateMachine:MaxTransitionsPerFrame):
Localization Resource: (D:/EpicGames/UE_4.15/Engine/Content/Localization/EditorTutorials/ko/EditorTutorials.locres) Source String Hash: (1567650430) Localized String: (이 머신에서 한 프레임 내 '동시에' 취할 수 있는 트랜지션 최대 수입니다.)
Localization Resource: (D:/EpicGames/UE_4.15/Engine/Content/Localization/ToolTips/ko/ToolTips.locres) Source String Hash: (1567650430) Localized String: (프레임 당 최대 트랜지션 - 한 프레임에서 이 머신이 동시에 취할 수 있는 트랜지션 최대 수입니다.)
[2017.05.04-10.14.42:009][  0]LogTextLocalizationManager:Warning: Loaded localization resources contain conflicting entries for (Namespace:UObjectToolTips, Key:AnimNode_BlendSpacePlayer:PlayRate):
Localization Resource: (D:/EpicGames/UE_4.15/Engine/Content/Localization/EditorTutorials/ko/EditorTutorials.locres) Source String Hash: (-1274923958) Localized String: (재생 속도 배수입니다. 음수가 되면 애니메이션을 역순으로 재생하게 됩니다.)
Localization Resource: (D:/EpicGames/UE_4.15/Engine/Content/Localization/ToolTips/ko/ToolTips.locres) Source String Hash: (-1274923958) Localized String: (재생 속도 - 재생 속도 배수입니다. 음수가 되면 애니메이션을 거꾸로 재생합니다.)
[2017.05.04-10.14.42:009][  0]LogTextLocalizationManager:Warning: Loaded localization resources contain conflicting entries for (Namespace:UObjectToolTips, Key:AnimNode_BlendSpacePlayer:StartPosition):
Localization Resource: (D:/EpicGames/UE_4.15/Engine/Content/Localization/EditorTutorials/ko/EditorTutorials.locres) Source String Hash: (-207153555) Localized String: (시작 위치 범위는 [0,1] 이며, 재초기화시에만 적용됩니다.
루핑을 하면, 1 회전 후 0.f 부터 시작할 것입니다.)
Localization Resource: (D:/EpicGames/UE_4.15/Engine/Content/Localization/ToolTips/ko/ToolTips.locres) Source String Hash: (-207153555) Localized String: (시작 위치 - [0, 1] 범위의 시작 위치로, 재초기화할 때만 적용됩니다.
반복하면 1회전 후 0.f 부터 시작됩니다.)
[2017.05.04-10.14.42:009][  0]LogTextLocalizationManager:Warning: Loaded localization resources contain conflicting entries for (Namespace:UObjectToolTips, Key:CameraFilmbackSettings:SensorWidth):
Localization Resource: (D:/EpicGames/UE_4.15/Engine/Content/Localization/ToolTips/ko/ToolTips.locres) Source String Hash: (-1448580153) Localized String: (센서 폭 - 필름백 또는 디지털 센서의 가로 크기로, mm 단위입니다.)
Localization Resource: (D:/EpicGames/UE_4.15/Engine/Content/Localization/Engine/ko/Engine.locres) Source String Hash: (-1448580153) Localized String: (필름백 또는 디지털 센서의 가로 크기로, mm 단위입니다.)
[2017.05.04-10.14.42:009][  0]LogTextLocalizationManager:Warning: Loaded localization resources contain conflicting entries for (Namespace:UObjectToolTips, Key:CameraFilmbackSettings:SensorAspectRatio):
Localization Resource: (D:/EpicGames/UE_4.15/Engine/Content/Localization/ToolTips/ko/ToolTips.locres) Source String Hash: (-194807515) Localized String: (센서 종횡비 - 읽기 전용입니다. 센서 치수에서 계산했습니다.)
Localization Resource: (D:/EpicGames/UE_4.15/Engine/Content/Localization/Engine/ko/Engine.locres) Source String Hash: (-194807515) Localized String: (읽기 전용입니다. 센서 크기에서 계산했습니다.)
[2017.05.04-10.14.42:009][  0]LogTextLocalizationManager:Warning: Loaded localization resources contain conflicting entries for (Namespace:UObjectToolTips, Key:AnimNode_SequencePlayer:bLoopAnimation):
Localization Resource: (D:/EpicGames/UE_4.15/Engine/Content/Localization/ToolTips/ko/ToolTips.locres) Source String Hash: (2133979316) Localized String: (루프 - 애니메이션이 끝에 도달했을 때 계속 반복시켜야 할까요?)
Localization Resource: (D:/EpicGames/UE_4.15/Engine/Content/Localization/Engine/ko/Engine.locres) Source String Hash: (2133979316) Localized String: (애니메이션이 끝에 도달하면 계속해서 루핑시킬것인지 입니다.)
[2017.05.04-10.14.42:009][  0]LogTextLocalizationManager:Warning: Loaded localization resources contain conflicting entries for (Namespace:UObjectToolTips, Key:AnimNode_SequencePlayer:Sequence):
Localization Resource: (D:/EpicGames/UE_4.15/Engine/Content/Localization/ToolTips/ko/ToolTips.locres) Source String Hash: (421436424) Localized String: (시퀀스 - 재생할 애니메이션 시퀀스 애셋입니다.)
Localization Resource: (D:/EpicGames/UE_4.15/Engine/Content/Localization/Engine/ko/Engine.locres) Source String Hash: (421436424) Localized String: (재생할 애니메이션 시퀀스 애셋입니다.)
[2017.05.04-10.14.42:009][  0]LogTextLocalizationManager:Warning: Loaded localization resources contain conflicting entries for (Namespace:UObjectToolTips, Key:AnimNode_SequencePlayer:PlayRate):
Localization Resource: (D:/EpicGames/UE_4.15/Engine/Content/Localization/ToolTips/ko/ToolTips.locres) Source String Hash: (-1274923958) Localized String: (재생 속도 - 재생 속도 배수입니다. 음수가 될 수 있으며, 그러면 애니메이션이 거꾸로 재생됩니다.)
Localization Resource: (D:/EpicGames/UE_4.15/Engine/Content/Localization/Engine/ko/Engine.locres) Source String Hash: (-1274923958) Localized String: (플레이 속도 배수입니다. 음수가 되면 애니메이션이 역방향으로 재생됩니다.)
[2017.05.04-10.14.42:009][  0]LogTextLocalizationManager:Warning: Loaded localization resources contain conflicting entries for (Namespace:UObjectToolTips, Key:AnimNode_SequencePlayer:StartPosition):
Localization Resource: (D:/EpicGames/UE_4.15/Engine/Content/Localization/ToolTips/ko/ToolTips.locres) Source String Hash: (771611000) Localized String: (시작 위치 - 시작 위치로 재초기화할 때만 적용됩니다.
반복하면, 1회전 후 0.f 부터 시작됩니다.)
Localization Resource: (D:/EpicGames/UE_4.15/Engine/Content/Localization/Engine/ko/Engine.locres) Source String Hash: (771611000) Localized String: (시작 위치로, 재초기화시에만 적용됩니다.
루핑을 하면, 1회전 후 0.f 부터 시작할 것입니다.)
[2017.05.04-10.14.42:009][  0]LogTextLocalizationManager:Warning: Loaded localization resources contain conflicting entries for (Namespace:UObjectToolTips, Key:CameraFilmbackSettings:SensorHeight):
Localization Resource: (D:/EpicGames/UE_4.15/Engine/Content/Localization/ToolTips/ko/ToolTips.locres) Source String Hash: (-1311569777) Localized String: (센서 높이 - 필름백 또는 디지털 센서의 세로 크기로, mm 단위입니다.)
Localization Resource: (D:/EpicGames/UE_4.15/Engine/Content/Localization/Engine/ko/Engine.locres) Source String Hash: (-1311569777) Localized String: (필름백 또는 디지털 센서의 세로 크기로, mm 단위입니다.)
[2017.05.04-10.14.42:434][  0]LogD3D11RHI: D3D11 adapters:
[2017.05.04-10.14.42:458][  0]LogD3D11RHI:    0. 'NVIDIA GeForce GTX 1080' (Feature Level 11_0)
[2017.05.04-10.14.42:458][  0]LogD3D11RHI:       8144/0/8173 MB DedicatedVideo/DedicatedSystem/SharedSystem, Outputs:2, VendorId:0x10de
[2017.05.04-10.14.42:459][  0]LogD3D11RHI:    1. 'Microsoft Basic Render Driver' (Feature Level 11_0)
[2017.05.04-10.14.42:459][  0]LogD3D11RHI:       0/0/8173 MB DedicatedVideo/DedicatedSystem/SharedSystem, Outputs:0, VendorId:0x1414
[2017.05.04-10.14.42:459][  0]LogD3D11RHI: Chosen D3D11 Adapter: 0
[2017.05.04-10.14.42:465][  0]LogD3D11RHI: Creating new Direct3DDevice
[2017.05.04-10.14.42:465][  0]LogD3D11RHI:     GPU DeviceId: 0x1b80 (for the marketing name, search the web for "GPU Device Id")
[2017.05.04-10.14.42:465][  0]LogWindows: EnumDisplayDevices:
[2017.05.04-10.14.42:465][  0]LogWindows:    0. 'NVIDIA GeForce GTX 1080' (P:0 D:1)
[2017.05.04-10.14.42:465][  0]LogWindows:    1. 'NVIDIA GeForce GTX 1080' (P:1 D:1)
[2017.05.04-10.14.42:466][  0]LogWindows:    2. 'NVIDIA GeForce GTX 1080' (P:0 D:0)
[2017.05.04-10.14.42:466][  0]LogWindows:    3. 'NVIDIA GeForce GTX 1080' (P:0 D:0)
[2017.05.04-10.14.42:467][  0]LogWindows: DebugString: FoundDriverCount:4 
[2017.05.04-10.14.42:467][  0]LogD3D11RHI:     Adapter Name: NVIDIA GeForce GTX 1080
[2017.05.04-10.14.42:467][  0]LogD3D11RHI:   Driver Version: 376.53 (internal:21.21.13.7653, unified:376.53)
[2017.05.04-10.14.42:467][  0]LogD3D11RHI:      Driver Date: 12-29-2016
[2017.05.04-10.14.42:467][  0]LogRHI: Texture pool is 1361 MB (70% of 1945 MB)
[2017.05.04-10.14.42:485][  0]LogD3D11RHI: [Aftermath] Aftermath enabled but failed to initialize due to reason: DriverVersionNotSupported
[2017.05.04-10.14.42:485][  0]LogD3D11RHI: Async texture creation enabled
[2017.05.04-10.14.42:495][  0]LogD3D11RHI: GPU Timing Frequency: 1000.000000 (Debug: 2 1)
[2017.05.04-10.14.42:589][  0]LogShaderCompilers: Guid format shader working directory is -5 characters bigger than the processId version (C:/Users/Administrator/Documents/Unreal Projects/Inventory/Intermediate/Shaders/WorkingDirectory/11168/).
[2017.05.04-10.14.42:589][  0]LogShaderCompilers: Cleaned the shader compiler working directory 'C:/Users/Administrator/AppData/Local/Temp/UnrealShaderWorkingDir/8F09559B4AAC433FD23D1D95F0B5BFA5/'.
[2017.05.04-10.14.42:589][  0]LogShaderCompilers:Display: Using Local Shader Compiler.
[2017.05.04-10.14.43:609][  0]LogTemp:Display: Loaded TP AllDesktopTargetPlatform
[2017.05.04-10.14.43:659][  0]LogTemp:Display: Loaded TP MacClientTargetPlatform
[2017.05.04-10.14.43:711][  0]LogTemp:Display: Loaded TP MacNoEditorTargetPlatform
[2017.05.04-10.14.43:759][  0]LogTemp:Display: Loaded TP MacServerTargetPlatform
[2017.05.04-10.14.43:809][  0]LogTemp:Display: Loaded TP MacTargetPlatform
[2017.05.04-10.14.43:855][  0]LogTemp:Display: Loaded TP WindowsClientTargetPlatform
[2017.05.04-10.14.43:904][  0]LogTemp:Display: Loaded TP WindowsNoEditorTargetPlatform
[2017.05.04-10.14.43:951][  0]LogTemp:Display: Loaded TP WindowsServerTargetPlatform
[2017.05.04-10.14.43:991][  0]LogTemp:Display: Loaded TP WindowsTargetPlatform
[2017.05.04-10.14.44:042][  0]LogTemp:Display: Loaded TP AndroidTargetPlatform
[2017.05.04-10.14.44:090][  0]LogTemp:Display: Loaded TP Android_ASTCTargetPlatform
[2017.05.04-10.14.44:138][  0]LogTemp:Display: Loaded TP Android_ATCTargetPlatform
[2017.05.04-10.14.44:187][  0]LogTemp:Display: Loaded TP Android_DXTTargetPlatform
[2017.05.04-10.14.44:235][  0]LogTemp:Display: Loaded TP Android_ETC1TargetPlatform
[2017.05.04-10.14.44:286][  0]LogTemp:Display: Loaded TP Android_ETC2TargetPlatform
[2017.05.04-10.14.44:385][  0]LogTemp:Display: Loaded TP Android_MultiTargetPlatform
[2017.05.04-10.14.44:385][  0]LogTemp:Display: Loaded TP Android_PVRTCTargetPlatform
[2017.05.04-10.14.44:416][  0]LogTemp:Display: Loaded TP HTML5TargetPlatform
[2017.05.04-10.14.44:500][  0]LogTemp:Display: Loaded TP IOSTargetPlatform
[2017.05.04-10.14.44:532][  0]LogTemp:Display: Loaded TP TVOSTargetPlatform
[2017.05.04-10.14.44:582][  0]LogTemp:Display: Loaded TP LinuxClientTargetPlatform
[2017.05.04-10.14.44:631][  0]LogTemp:Display: Loaded TP LinuxNoEditorTargetPlatform
[2017.05.04-10.14.44:680][  0]LogTemp:Display: Loaded TP LinuxServerTargetPlatform
[2017.05.04-10.14.44:732][  0]LogTemp:Display: Loaded TP LinuxTargetPlatform
[2017.05.04-10.14.44:732][  0]LogTargetPlatformManager:Display: Building Assets For Windows
[2017.05.04-10.14.45:072][  0]LogDerivedDataCache:Display: Max Cache Size: 512 MB
[2017.05.04-10.14.45:120][  0]LogDerivedDataCache: Loaded boot cache 0.05s 50MB C:/Users/Administrator/AppData/Local/UnrealEngine/4.15/DerivedDataCache/Boot.ddc.
[2017.05.04-10.14.45:120][  0]LogDerivedDataCache:Display: Loaded Boot cache: C:/Users/Administrator/AppData/Local/UnrealEngine/4.15/DerivedDataCache/Boot.ddc
[2017.05.04-10.14.45:120][  0]LogDerivedDataCache: FDerivedDataBackendGraph:  Pak pak cache file C:/Users/Administrator/Documents/Unreal Projects/Inventory/DerivedDataCache/DDC.ddp not found, will not use a pak cache.
[2017.05.04-10.14.45:120][  0]LogDerivedDataCache: Unable to find inner node Pak for hierarchical cache Hierarchy.
[2017.05.04-10.14.45:120][  0]LogDerivedDataCache: FDerivedDataBackendGraph:  CompressedPak pak cache file C:/Users/Administrator/Documents/Unreal Projects/Inventory/DerivedDataCache/Compressed.ddp not found, will not use a pak cache.
[2017.05.04-10.14.45:120][  0]LogDerivedDataCache: Unable to find inner node CompressedPak for hierarchical cache Hierarchy.
[2017.05.04-10.14.45:135][  0]LogDerivedDataCache:Display: Pak cache opened for reading ../../../Engine/DerivedDataCache/Compressed.ddp.
[2017.05.04-10.14.45:147][  0]LogDerivedDataCache: Using Local data cache path C:/Users/Administrator/AppData/Local/UnrealEngine/Common/DerivedDataCache: Writable
[2017.05.04-10.14.45:156][  0]LogSlate: Using Freetype 2.6.0
[2017.05.04-10.14.45:157][  0]LogSlate: SlateFontCache - WITH_FREETYPE: 1, WITH_HARFBUZZ: 1
[2017.05.04-10.14.45:157][  0]LogSlate: SlateFontCache - WITH_FREETYPE: 1, WITH_HARFBUZZ: 1
[2017.05.04-10.14.45:427][  0]LogInit: Selected Device Profile: [Windows]
[2017.05.04-10.14.45:429][  0]LogContentStreaming: Texture pool size is 0.00 MB
[2017.05.04-10.14.45:606][  0]LogMeshUtilities: Using QuadricMeshReduction for automatic static mesh reduction
[2017.05.04-10.14.45:643][  0]LogSimplygon: Simplygon DLL not present - disabling.
[2017.05.04-10.14.45:687][  0]LogMeshUtilities: Using SimplygonSwarm for distributed automatic mesh merging
[2017.05.04-10.14.45:687][  0]LogMeshUtilities: No automatic skeletal mesh reduction module available
[2017.05.04-10.14.45:687][  0]LogMeshUtilities: No automatic mesh merging module available
[2017.05.04-10.14.46:165][  0]LogNetVersion: GetLocalNetworkVersion: CL: 3299760, ProjectName: inventory, ProjectVersion: , EngineNetworkVersion: 2, GameNetworkVersion: 0, NetworkChecksum: 2716021693
[2017.05.04-10.14.46:204][  0]LogAssetRegistry: FAssetRegistry took 0.0213 seconds to start up
[2017.05.04-10.14.46:248][  0]LogPackageLocalizationCache: Processed 3 localized package path(s) for 2 prioritized culture(s) in 0.029614 seconds
[2017.05.04-10.14.46:253][  0]LogUObjectArray: 32493 objects as part of root set at end of initial load.
[2017.05.04-10.14.46:254][  0]LogUObjectAllocator: 7077032 out of 0 bytes used by permanent object pool.
[2017.05.04-10.14.46:254][  0]LogUObjectArray: CloseDisregardForGC: 0/0 objects in disregard for GC pool
[2017.05.04-10.14.46:294][  0]LogInit: WinSock: version 1.1 (2.2), MaxSocks=32767, MaxUdp=65467
[2017.05.04-10.14.47:925][  0]LogTcpMessaging: Initializing TcpMessaging bridge
[2017.05.04-10.14.47:957][  0]LogUdpMessaging: Initializing bridge on interface 0.0.0.0:0 to multicast group 230.0.0.1:6666.
[2017.05.04-10.14.48:367][  0]LogMaterial: Uniform references updated for custom material expression Custom.
[2017.05.04-10.14.48:696][  0]SourceControl: 정보 소스 콘트롤이 꺼졌습니다.
[2017.05.04-10.14.48:697][  0]SourceControl: 정보 소스 콘트롤이 꺼졌습니다.
[2017.05.04-10.14.48:740][  0]SourceControl: 정보 소스 콘트롤이 꺼졌습니다.
[2017.05.04-10.14.48:779][  0]SourceControl: 정보 소스 콘트롤이 꺼졌습니다.
[2017.05.04-10.14.49:836][  0]LogEngine: Initializing Engine...
[2017.05.04-10.14.49:866][  0]LogHMD: SteamVR initialized.  Driver: lighthouse  Display: LHR-C48F2C84
[2017.05.04-10.14.49:969][  0]LogStats: UGameplayTagsManager::ConstructGameplayTagTree: Construct from data asset -  0.000 s
[2017.05.04-10.14.49:969][  0]LogStats: UGameplayTagsManager::ConstructGameplayTagTree: GameplayTagTreeChangedEvent.Broadcast -  0.000 s
[2017.05.04-10.14.50:071][  0]LogAIModule: Creating AISystem for world Untitled
[2017.05.04-10.14.50:143][  0]LogInit: XAudio2 using '스피커(USB Audio Device)' : 2 channels at 44.1 kHz using 16 bits per sample (channel mask 0x3)
[2017.05.04-10.14.50:168][  0]LogInit: FAudioDevice initialized.
[2017.05.04-10.14.50:193][  0]LogDerivedDataCache: Saved boot cache 0.03s 50MB C:/Users/Administrator/AppData/Local/UnrealEngine/4.15/DerivedDataCache/Boot.ddc.
[2017.05.04-10.14.50:196][  0]LogInit: Texture streaming: Enabled
[2017.05.04-10.14.50:259][  0]LogEngineSessionManager: EngineSessionManager initialized
[2017.05.04-10.14.50:259][  0]LogEngineSessionManager: EngineSessionManager sent abnormal shutdown report. Type=Crashed, SessionId={C54CCAF8-4824-4833-BD69-0585E279A3B0}
[2017.05.04-10.14.50:335][  0]LogInit: Transaction tracking system initialized
[2017.05.04-10.14.50:619][  0]BlueprintLog: New page: 에디터 로드
[2017.05.04-10.14.51:338][  0]LocalizationService: 정보 현지화 서비스가 비활성화되었습니다.
[2017.05.04-10.14.51:904][  0]LogConsoleResponse:Display: 
[2017.05.04-10.14.52:018][  0]LogCook:Display: Max memory allowance for cook 16384mb min free memory 0mb
[2017.05.04-10.14.52:018][  0]LogCook:Display: Mobile HDR setting 1
[2017.05.04-10.14.52:849][  0]LogFileCache: Scanning file cache for directory 'C:/Users/Administrator/Documents/Unreal Projects/Inventory/Content/' took 0.01s
[2017.05.04-10.14.52:887][  0]SourceControl: 정보 소스 콘트롤이 꺼졌습니다.
[2017.05.04-10.14.52:887][  0]Cmd: MAP LOAD FILE="C:/Users/Administrator/Documents/Unreal Projects/Inventory/Content/Level/NewMap.umap" TEMPLATE=0 SHOWPROGRESS=1 FEATURELEVEL=3
[2017.05.04-10.14.52:888][  0]LightingResults: New page: 라이팅 빌드
[2017.05.04-10.14.52:922][  0]MapCheck: New page: 맵 체크
[2017.05.04-10.14.52:922][  0]LightingResults: New page: 라이팅 빌드
[2017.05.04-10.14.53:162][  0]LogBlueprint:Warning: [VR_InvenSlot] 'HoveredSlot' variable not found. Base class was probably changed.
[2017.05.04-10.14.53:163][  0]LogBlueprint:Warning: [VR_InvenSlot] 'HoveredSlot' variable not found. Base class was probably changed.
[2017.05.04-10.14.53:163][  0]LogBlueprint:Warning: [VR_InvenSlot] 'HoveredSlot' variable not found. Base class was probably changed.
[2017.05.04-10.14.53:163][  0]LogBlueprint:Warning: [VR_InvenSlot] 'HoveredSlot' variable not found. Base class was probably changed.
[2017.05.04-10.14.53:163][  0]LogBlueprint:Warning: [VR_InvenSlot] 'HoveredSlot' variable not found. Base class was probably changed.
[2017.05.04-10.14.53:592][  0]LogWindows:Error: === Critical error: ===
[2017.05.04-10.14.53:592][  0]LogWindows:Error: 
[2017.05.04-10.14.53:592][  0]LogWindows:Error: Fatal error!
[2017.05.04-10.14.53:592][  0]LogWindows:Error: 
[2017.05.04-10.14.53:592][  0]LogWindows:Error: Unhandled Exception: EXCEPTION_ACCESS_VIOLATION reading address 0x00000048
[2017.05.04-10.14.53:592][  0]LogWindows:Error: 
[2017.05.04-10.14.53:592][  0]LogWindows:Error: UE4Editor-BlueprintGraph.dll!0x000000000A088B0B
[2017.05.04-10.14.53:592][  0]LogWindows:Error: UE4Editor-BlueprintGraph.dll!0x000000000A082E53
[2017.05.04-10.14.53:592][  0]LogWindows:Error: UE4Editor-BlueprintGraph.dll!0x000000000A07E22D
[2017.05.04-10.14.53:592][  0]LogWindows:Error: UE4Editor-KismetCompiler.dll!0x0000000006E6D004
[2017.05.04-10.14.53:592][  0]LogWindows:Error: UE4Editor-KismetCompiler.dll!0x0000000006E6854B
[2017.05.04-10.14.53:592][  0]LogWindows:Error: UE4Editor-KismetCompiler.dll!0x0000000006E6C2C6
[2017.05.04-10.14.53:592][  0]LogWindows:Error: UE4Editor-KismetCompiler.dll!0x0000000006E6B94D
[2017.05.04-10.14.53:592][  0]LogWindows:Error: UE4Editor-UnrealEd.dll!0x000000000FCC6AD9
[2017.05.04-10.14.53:592][  0]LogWindows:Error: UE4Editor-UnrealEd.dll!0x000000000FC88A1A
[2017.05.04-10.14.53:592][  0]LogWindows:Error: UE4Editor-CoreUObject.dll!0x0000000014210C37
[2017.05.04-10.14.53:592][  0]LogWindows:Error: UE4Editor-CoreUObject.dll!0x00000000141EB086
[2017.05.04-10.14.53:592][  0]LogWindows:Error: UE4Editor-CoreUObject.dll!0x00000000142EE5DA
[2017.05.04-10.14.53:592][  0]LogWindows:Error: UE4Editor-CoreUObject.dll!0x00000000142C868E
[2017.05.04-10.14.53:592][  0]LogWindows:Error: UE4Editor-CoreUObject.dll!0x00000000142E2C11
[2017.05.04-10.14.53:592][  0]LogWindows:Error: UE4Editor-CoreUObject.dll!0x00000000142C7709
[2017.05.04-10.14.53:592][  0]LogWindows:Error: UE4Editor-CoreUObject.dll!0x00000000142C8ACB
[2017.05.04-10.14.53:592][  0]LogWindows:Error: UE4Editor-CoreUObject.dll!0x00000000142E51B6
[2017.05.04-10.14.53:592][  0]LogWindows:Error: UE4Editor-CoreUObject.dll!0x00000000143C4D72
[2017.05.04-10.14.53:592][  0]LogWindows:Error: UE4Editor-CoreUObject.dll!0x00000000143C4327
[2017.05.04-10.14.53:592][  0]LogWindows:Error: UE4Editor-CoreUObject.dll!0x0000000014310CB4
[2017.05.04-10.14.53:592][  0]LogWindows:Error: UE4Editor-CoreUObject.dll!0x000000001430F9E5
[2017.05.04-10.14.53:592][  0]LogWindows:Error: UE4Editor-CoreUObject.dll!0x0000000014310F05
[2017.05.04-10.14.53:592][  0]LogWindows:Error: UE4Editor-CoreUObject.dll!0x000000001430F9E5
[2017.05.04-10.14.53:592][  0]LogWindows:Error: UE4Editor-CoreUObject.dll!0x00000000142C9846
[2017.05.04-10.14.53:592][  0]LogWindows:Error: UE4Editor-CoreUObject.dll!0x0000000014222DDF
[2017.05.04-10.14.53:592][  0]LogWindows:Error: UE4Editor-CoreUObject.dll!0x0000000014221B85
[2017.05.04-10.14.53:592][  0]LogWindows:Error: UE4Editor-CoreUObject.dll!0x00000000142EE5CF
[2017.05.04-10.14.53:592][  0]LogWindows:Error: UE4Editor-CoreUObject.dll!0x00000000142C868E
[2017.05.04-10.14.53:592][  0]LogWindows:Error: UE4Editor-CoreUObject.dll!0x00000000142E2C11
[2017.05.04-10.14.53:592][  0]LogWindows:Error: UE4Editor-CoreUObject.dll!0x00000000142C7709
[2017.05.04-10.14.53:592][  0]LogWindows:Error: UE4Editor-CoreUObject.dll!0x00000000142E2C11
[2017.05.04-10.14.53:592][  0]LogWindows:Error: UE4Editor-CoreUObject.dll!0x00000000142C7709
[2017.05.04-10.14.53:592][  0]LogWindows:Error: UE4Editor-CoreUObject.dll!0x00000000142C8ACB
[2017.05.04-10.14.53:592][  0]LogWindows:Error: UE4Editor-CoreUObject.dll!0x00000000142E51B6
[2017.05.04-10.14.53:592][  0]LogWindows:Error: UE4Editor-CoreUObject.dll!0x00000000143C4D72
[2017.05.04-10.14.53:592][  0]LogWindows:Error: UE4Editor-CoreUObject.dll!0x00000000143C4327
[2017.05.04-10.14.53:592][  0]LogWindows:Error: UE4Editor-CoreUObject.dll!0x0000000014310CB4
[2017.05.04-10.14.53:592][  0]LogWindows:Error: UE4Editor-CoreUObject.dll!0x000000001430F9E5
[2017.05.04-10.14.53:592][  0]LogWindows:Error: UE4Editor-CoreUObject.dll!0x0000000014310F05
[2017.05.04-10.14.53:592][  0]LogWindows:Error: UE4Editor-CoreUObject.dll!0x000000001430F9E5
[2017.05.04-10.14.53:592][  0]LogWindows:Error: UE4Editor-CoreUObject.dll!0x000000001430F828
[2017.05.04-10.14.53:592][  0]LogWindows:Error: UE4Editor-CoreUObject.dll!0x00000000142D22EA
[2017.05.04-10.14.53:592][  0]LogWindows:Error: UE4Editor-CoreUObject.dll!0x000000001430EA45
[2017.05.04-10.14.53:592][  0]LogWindows:Error: UE4Editor-CoreUObject.dll!0x00000000142CAB6B
[2017.05.04-10.14.53:592][  0]LogWindows:Error: UE4Editor-CoreUObject.dll!0x00000000142E0B64
[2017.05.04-10.14.53:592][  0]LogWindows:Error: UE4Editor-CoreUObject.dll!0x00000000143C4B2C
[2017.05.04-10.14.53:592][  0]LogWindows:Error: UE4Editor-CoreUObject.dll!0x00000000143C4327
[2017.05.04-10.14.53:592][  0]LogWindows:Error: UE4Editor-CoreUObject.dll!0x0000000014310CB4
[2017.05.04-10.14.53:592][  0]LogWindows:Error: UE4Editor-CoreUObject.dll!0x000000001430F9E5
[2017.05.04-10.14.53:592][  0]LogWindows:Error: UE4Editor-CoreUObject.dll!0x0000000014310F05
[2017.05.04-10.14.53:593][  0]LogWindows:Error: UE4Editor-CoreUObject.dll!0x000000001430F9E5
[2017.05.04-10.14.53:593][  0]LogWindows:Error: UE4Editor-CoreUObject.dll!0x000000001430F828
[2017.05.04-10.14.53:593][  0]LogWindows:Error: UE4Editor-CoreUObject.dll!0x00000000142D22EA
[2017.05.04-10.14.53:593][  0]LogWindows:Error: UE4Editor-CoreUObject.dll!0x000000001430EA45
[2017.05.04-10.14.53:593][  0]LogWindows:Error: UE4Editor-CoreUObject.dll!0x00000000142CAB6B
[2017.05.04-10.14.53:593][  0]LogWindows:Error: UE4Editor-CoreUObject.dll!0x00000000142E0B64
[2017.05.04-10.14.53:593][  0]LogWindows:Error: UE4Editor-CoreUObject.dll!0x00000000143C4B2C
[2017.05.04-10.14.53:593][  0]LogWindows:Error: UE4Editor-CoreUObject.dll!0x00000000143C4327
[2017.05.04-10.14.53:593][  0]LogWindows:Error: UE4Editor-CoreUObject.dll!0x0000000014310CB4
[2017.05.04-10.14.53:593][  0]LogWindows:Error: UE4Editor-CoreUObject.dll!0x000000001430F9E5
[2017.05.04-10.14.53:593][  0]LogWindows:Error: UE4Editor-CoreUObject.dll!0x0000000014310F05
[2017.05.04-10.14.53:593][  0]LogWindows:Error: UE4Editor-CoreUObject.dll!0x000000001430F9E5
[2017.05.04-10.14.53:593][  0]LogWindows:Error: UE4Editor-CoreUObject.dll!0x000000001430F828
[2017.05.04-10.14.53:593][  0]LogWindows:Error: UE4Editor-CoreUObject.dll!0x00000000142D22EA
[2017.05.04-10.14.53:593][  0]LogWindows:Error: UE4Editor-CoreUObject.dll!0x000000001430EA45
[2017.05.04-10.14.53:593][  0]LogWindows:Error: UE4Editor-CoreUObject.dll!0x00000000142CAB6B
[2017.05.04-10.14.53:593][  0]LogWindows:Error: UE4Editor-CoreUObject.dll!0x00000000142E0B64
[2017.05.04-10.14.53:593][  0]LogWindows:Error: UE4Editor-CoreUObject.dll!0x00000000143C4B2C
[2017.05.04-10.14.53:593][  0]LogWindows:Error: UE4Editor-CoreUObject.dll!0x00000000143C42B7
[2017.05.04-10.14.53:593][  0]LogWindows:Error: UE4Editor-UnrealEd.dll!0x000000000F982D37
[2017.05.04-10.14.53:593][  0]LogWindows:Error: UE4Editor-UnrealEd.dll!0x000000000F973A25
[2017.05.04-10.14.53:593][  0]LogWindows:Error: UE4Editor-UnrealEd.dll!0x000000000F9593F3
[2017.05.04-10.14.53:593][  0]LogWindows:Error: UE4Editor-UnrealEd.dll!0x000000001014AA15
[2017.05.04-10.14.53:593][  0]LogWindows:Error: UE4Editor-UnrealEd.dll!0x000000000FBE9BCB
[2017.05.04-10.14.53:593][  0]LogWindows:Error: UE4Editor-UnrealEd.dll!0x000000000FBE9816
[2017.05.04-10.14.53:593][  0]LogWindows:Error: UE4Editor-UnrealEd.dll!0x00000000100FD0FE
[2017.05.04-10.14.53:593][  0]LogWindows:Error: UE4Editor-UnrealEd.dll!0x00000000100C0A4D
[2017.05.04-10.14.53:593][  0]LogWindows:Error: UE4Editor.exe!0x000000006392EA36
[2017.05.04-10.14.53:593][  0]LogWindows:Error: UE4Editor.exe!0x000000006392EBBA
[2017.05.04-10.14.53:593][  0]LogWindows:Error: UE4Editor.exe!0x0000000063940A29
[2017.05.04-10.14.53:593][  0]LogWindows:Error: UE4Editor.exe!0x00000000639422B6
[2017.05.04-10.14.53:593][  0]LogWindows:Error: KERNEL32.DLL!0x000000004E222774
[2017.05.04-10.14.53:593][  0]LogWindows:Error: ntdll.dll!0x000000004EAA0D61
[2017.05.04-10.14.53:593][  0]LogWindows:Error: ntdll.dll!0x000000004EAA0D61
[2017.05.04-10.14.53:593][  0]LogWindows:Error: 
[2017.05.04-10.14.53:617][  0]LogExit: Executing StaticShutdownAfterError
[2017.05.04-10.14.53:619][  0]LogWindows: FPlatformMisc::RequestExit(1)
[2017.05.04-10.14.53:619][  0]Log file closed, 05/04/17 19:14:53
