Log file open, 05/16/17 15:44:51
LogInit:Display: Running engine for game: Inventory
LogPlatformFile: Not using cached read wrapper
LogInit:Display: RandInit(-219596810) SRandInit(-219596810).
LogTaskGraph: Started task graph with 5 named threads and 8 total threads with 1 sets of task threads.
LogStats: Stats thread started at 0.078698
LogInit: Using libcurl 7.47.1
LogInit:  - built for x86_64-pc-win32
LogInit:  - supports SSL with OpenSSL/1.0.2g
LogInit:  - supports HTTP deflate (compression) using libz 1.2.8
LogInit:  - other features:
LogInit:      CURL_VERSION_SSL
LogInit:      CURL_VERSION_LIBZ
LogInit:      CURL_VERSION_IPV6
LogInit:      CURL_VERSION_ASYNCHDNS
LogInit:      CURL_VERSION_LARGEFILE
LogInit:      CURL_VERSION_IDN
LogInit:  CurlRequestOptions (configurable via config and command line):
LogInit:  - bVerifyPeer = false  - Libcurl will NOT verify peer certificate
LogInit:  - bUseHttpProxy = false  - Libcurl will NOT use HTTP proxy
LogInit:  - bDontReuseConnections = false  - Libcurl will reuse connections
LogInit:  - CertBundlePath = nullptr  - Libcurl will use whatever was configured at build time.
LogInit: Build: ++UE4+Release-4.15-CL-3416026
LogInit: Engine Version: 4.15.2-3416026+++UE4+Release-4.15
LogInit: Compatible Engine Version: 4.15.0-3299760+++UE4+Release-4.15
LogInit: Net CL: 3299760
LogDevObjectVersion: Number of dev versions registered: 14
LogDevObjectVersion:   Dev-Blueprints (B0D832E4-1F89-4F0D-ACCF-7EB736FD4AA2): 8
LogDevObjectVersion:   Dev-Build (E1C64328-A22C-4D53-A36C-8E866417BD8C): 0
LogDevObjectVersion:   Dev-Core (375EC13C-06E4-48FB-B500-84F0262A717E): 2
LogDevObjectVersion:   Dev-Editor (E4B068ED-F494-42E9-A231-DA0B2E46BB41): 14
LogDevObjectVersion:   Dev-Framework (CFFC743F-43B0-4480-9391-14DF171D2073): 22
LogDevObjectVersion:   Dev-Mobile (B02B49B5-BB20-44E9-A304-32B752E40360): 0
LogDevObjectVersion:   Dev-Networking (A4E4105C-59A1-49B5-A7C5-40C4547EDFEE): 0
LogDevObjectVersion:   Dev-Online (39C831C9-5AE6-47DC-9A44-9C173E1C8E7C): 0
LogDevObjectVersion:   Dev-Physics (78F01B33-EBEA-4F98-B9B4-84EACCB95AA2): 0
LogDevObjectVersion:   Dev-Platform (6631380F-2D4D-43E0-8009-CF276956A95A): 0
LogDevObjectVersion:   Dev-Rendering (12F88B9F-8875-4AFC-A67C-D90C383ABD29): 12
LogDevObjectVersion:   Dev-Sequencer (7B5AE74C-D270-4C10-A958-57980B212A5A): 3
LogDevObjectVersion:   Dev-VR (D7296918-1DD6-4BDD-9DE2-64A83CC13884): 0
LogDevObjectVersion:   Dev-LoadTimes (C2A15278-BFE7-4AFE-6C17-90FF531DF755): 1
LogInit: Compiled (64-bit): May  1 2017 13:11:28
LogInit: Compiled with Visual C++: 19.00.23026.00
LogInit: Build Configuration: Development
LogInit: Branch Name: ++UE4+Release-4.15
LogInit: Command line:  
LogInit: Base directory: D:/Program Files (x86)/Epic Games/UE_4.15/Engine/Binaries/Win64/
LogInit: Installed Engine Build: 1
LogInit: Presizing for max 8388607 objects, including 0 objects not considered by GC, pre-allocating 0 bytes for permanent pool.
LogInit: Object subsystem initialized
[2017.05.16-06.44.53:237][  0]LogInit: Selected Device Profile: [Windows]
[2017.05.16-06.44.53:237][  0]LogInit: Applying CVar settings loaded from the selected device profile: [Windows]
[2017.05.16-06.44.53:301][  0]LogInit: Computer: DESKTOP-PMUG0R5
[2017.05.16-06.44.53:301][  0]LogInit: User: lhs
[2017.05.16-06.44.53:301][  0]LogInit: CPU Page size=65536, Cores=4
[2017.05.16-06.44.53:301][  0]LogInit: High frequency timer resolution =3.328121 MHz
[2017.05.16-06.44.53:309][  0]LogMemory: Memory total: Physical=15.9GB (16GB approx)
[2017.05.16-06.44.53:309][  0]LogMemory: Platform Memory Stats for Windows
[2017.05.16-06.44.53:309][  0]LogMemory: Process Physical Memory: 266.44 MB used, 266.44 MB peak
[2017.05.16-06.44.53:309][  0]LogMemory: Process Virtual Memory: 262.73 MB used, 262.73 MB peak
[2017.05.16-06.44.53:309][  0]LogMemory: Physical Memory: 3754.27 MB used,  12562.55 MB free, 16316.82 MB total
[2017.05.16-06.44.53:309][  0]LogMemory: Virtual Memory: 645.46 MB used,  12562.55 MB free, 134217728.00 MB total
[2017.05.16-06.44.53:663][  0]LogTextLocalizationManager: No specific translations for ('ko-KR') exist, so ('ko') translations will be used.
[2017.05.16-06.44.53:848][  0]LogTextLocalizationManager:Warning: Loaded localization resources contain conflicting entries for (Namespace:KismetSchema, Key:Default):
Localization Resource: (D:/Program Files (x86)/Epic Games/UE_4.15/Engine/Content/Localization/EditorTutorials/ko/EditorTutorials.locres) Source String Hash: (940523119) Localized String: (디폴트)
Localization Resource: (D:/Program Files (x86)/Epic Games/UE_4.15/Engine/Content/Localization/Engine/ko/Engine.locres) Source String Hash: (940523119) Localized String: (기본)
[2017.05.16-06.44.53:848][  0]LogTextLocalizationManager:Warning: Loaded localization resources contain conflicting entries for (Namespace:UObjectToolTips, Key:AnimNode_AssetPlayerBase:InternalTimeAccumulator):
Localization Resource: (D:/Program Files (x86)/Epic Games/UE_4.15/Engine/Content/Localization/EditorTutorials/ko/EditorTutorials.locres) Source String Hash: (502993589) Localized String: (이 노드에서 애셋을 레퍼런싱하는 데 사용되는 누적 시간입니다.)
Localization Resource: (D:/Program Files (x86)/Epic Games/UE_4.15/Engine/Content/Localization/ToolTips/ko/ToolTips.locres) Source String Hash: (502993589) Localized String: (내부 시간 누산기 - 이 노드에서 애셋을 레퍼런싱하는 데 사용된 누적 시간입니다.)
Localization Resource: (D:/Program Files (x86)/Epic Games/UE_4.15/Engine/Content/Localization/Engine/ko/Engine.locres) Source String Hash: (502993589) Localized String: (이 노드에서 애셋을 레퍼런싱하는 데 사용된 누적 시간입니다.)
[2017.05.16-06.44.53:848][  0]LogTextLocalizationManager:Warning: Loaded localization resources contain conflicting entries for (Namespace:UObjectToolTips, Key:AnimNode_AssetPlayerBase:bIgnoreForRelevancyTest):
Localization Resource: (D:/Program Files (x86)/Epic Games/UE_4.15/Engine/Content/Localization/EditorTutorials/ko/EditorTutorials.locres) Source String Hash: (319969718) Localized String: (True 면, 스테이트에서 최고 가중치 애니메이션을 찾는 "Relevant anim" 노드는 이 노드를 무시합니다.
 )
Localization Resource: (D:/Program Files (x86)/Epic Games/UE_4.15/Engine/Content/Localization/ToolTips/ko/ToolTips.locres) Source String Hash: (319969718) Localized String: (연관성 테스트에 무시 - true 인 경우 스테이트 내 최고 웨이팅된 애니메이션을 찾는 "Relevant anim" (연관 애님) 노드가
이 노드를 무시합니다.)
Localization Resource: (D:/Program Files (x86)/Epic Games/UE_4.15/Engine/Content/Localization/Engine/ko/Engine.locres) Source String Hash: (319969718) Localized String: (True 면 스테이트 내 최고 웨이팅된 애니메이션을 찾는 "Relevant anim" 노드가 무시됩니다.
 )
[2017.05.16-06.44.53:848][  0]LogTextLocalizationManager:Warning: Loaded localization resources contain conflicting entries for (Namespace:UObjectToolTips, Key:AnimNode_AssetPlayerBase:BlendWeight):
Localization Resource: (D:/Program Files (x86)/Epic Games/UE_4.15/Engine/Content/Localization/EditorTutorials/ko/EditorTutorials.locres) Source String Hash: (-1232800293) Localized String: (이 노드에 마지막 걸린 블렌드웨이트 입니다.)
Localization Resource: (D:/Program Files (x86)/Epic Games/UE_4.15/Engine/Content/Localization/ToolTips/ko/ToolTips.locres) Source String Hash: (-1232800293) Localized String: (블렌드 웨이트 - 이 노드에 대해 마지막으로 접한 블렌드 웨이트입니다.)
Localization Resource: (D:/Program Files (x86)/Epic Games/UE_4.15/Engine/Content/Localization/Engine/ko/Engine.locres) Source String Hash: (-1232800293) Localized String: (이 노드에 대해 마지막 접한 블렌드 웨이트)
[2017.05.16-06.44.53:848][  0]LogTextLocalizationManager:Warning: Loaded localization resources contain conflicting entries for (Namespace:UObjectToolTips, Key:AnimNode_BlendSpacePlayer:bLoop):
Localization Resource: (D:/Program Files (x86)/Epic Games/UE_4.15/Engine/Content/Localization/EditorTutorials/ko/EditorTutorials.locres) Source String Hash: (2133979316) Localized String: (애니메이션이 끝까지 재생되면 반복할까요?)
Localization Resource: (D:/Program Files (x86)/Epic Games/UE_4.15/Engine/Content/Localization/ToolTips/ko/ToolTips.locres) Source String Hash: (2133979316) Localized String: (루프 - 애니메이션이 끝에 도달했을 때 계속 반복할까요?)
[2017.05.16-06.44.53:848][  0]LogTextLocalizationManager:Warning: Loaded localization resources contain conflicting entries for (Namespace:UObjectToolTips, Key:AnimNode_StateMachine:bSkipFirstUpdateTransition):
Localization Resource: (D:/Program Files (x86)/Epic Games/UE_4.15/Engine/Content/Localization/EditorTutorials/ko/EditorTutorials.locres) Source String Hash: (1865475011) Localized String: (첫 업데이트시 도입 상태에서의 트랜지션을 건너뛸까요? 
기본은 true 로, 첫 업데이트시에는 트랜지션 데이터를 버립니다.)
Localization Resource: (D:/Program Files (x86)/Epic Games/UE_4.15/Engine/Content/Localization/ToolTips/ko/ToolTips.locres) Source String Hash: (1865475011) Localized String: (첫 번째 업데이트 트랜지션 건너뛰기 - 첫 번째 업데이트에서 입력 스테이트의 트랜지션을 건너뜁니까?
디폴트는 true 고 첫 번째 업데이트의 트랜지션 데이터를 버립니다.)
[2017.05.16-06.44.53:848][  0]LogTextLocalizationManager:Warning: Loaded localization resources contain conflicting entries for (Namespace:UObjectToolTips, Key:AnimNode_BlendSpacePlayer:X):
Localization Resource: (D:/Program Files (x86)/Epic Games/UE_4.15/Engine/Content/Localization/EditorTutorials/ko/EditorTutorials.locres) Source String Hash: (2060772590) Localized String: (블렌드스페이스에서 샘플링할 X 좌표입니다.)
Localization Resource: (D:/Program Files (x86)/Epic Games/UE_4.15/Engine/Content/Localization/ToolTips/ko/ToolTips.locres) Source String Hash: (2060772590) Localized String: (X - 블렌드스페이스 샘플의 X 좌표입니다.)
[2017.05.16-06.44.53:848][  0]LogTextLocalizationManager:Warning: Loaded localization resources contain conflicting entries for (Namespace:UObjectToolTips, Key:AnimNode_BlendSpacePlayer:Y):
Localization Resource: (D:/Program Files (x86)/Epic Games/UE_4.15/Engine/Content/Localization/EditorTutorials/ko/EditorTutorials.locres) Source String Hash: (-1719607538) Localized String: (블렌드스페이스에서 샘플링할 Y 좌표입니다.)
Localization Resource: (D:/Program Files (x86)/Epic Games/UE_4.15/Engine/Content/Localization/ToolTips/ko/ToolTips.locres) Source String Hash: (-1719607538) Localized String: (Y - 블렌드스페이스 샘플의 Y 좌표입니다.)
[2017.05.16-06.44.53:848][  0]LogTextLocalizationManager:Warning: Loaded localization resources contain conflicting entries for (Namespace:UObjectToolTips, Key:AnimNode_BlendSpacePlayer:Z):
Localization Resource: (D:/Program Files (x86)/Epic Games/UE_4.15/Engine/Content/Localization/EditorTutorials/ko/EditorTutorials.locres) Source String Hash: (1728943471) Localized String: (블렌드스페이스에서 샘플링할 Z 좌표입니다.)
Localization Resource: (D:/Program Files (x86)/Epic Games/UE_4.15/Engine/Content/Localization/ToolTips/ko/ToolTips.locres) Source String Hash: (1728943471) Localized String: (Z - 블렌드스페이스 샘플의 Z 좌표입니다.)
[2017.05.16-06.44.53:848][  0]LogTextLocalizationManager:Warning: Loaded localization resources contain conflicting entries for (Namespace:UObjectToolTips, Key:AnimNode_BlendSpacePlayer:BlendSpace):
Localization Resource: (D:/Program Files (x86)/Epic Games/UE_4.15/Engine/Content/Localization/EditorTutorials/ko/EditorTutorials.locres) Source String Hash: (1599043277) Localized String: (재생할 블렌드스페이스 애셋입니다.)
Localization Resource: (D:/Program Files (x86)/Epic Games/UE_4.15/Engine/Content/Localization/ToolTips/ko/ToolTips.locres) Source String Hash: (1599043277) Localized String: (블렌드스페이스 - 재생할 블렌드스페이스 애셋입니다.)
[2017.05.16-06.44.53:848][  0]LogTextLocalizationManager:Warning: Loaded localization resources contain conflicting entries for (Namespace:UObjectToolTips, Key:AnimNode_StateMachine:MaxTransitionsPerFrame):
Localization Resource: (D:/Program Files (x86)/Epic Games/UE_4.15/Engine/Content/Localization/EditorTutorials/ko/EditorTutorials.locres) Source String Hash: (1567650430) Localized String: (이 머신에서 한 프레임 내 '동시에' 취할 수 있는 트랜지션 최대 수입니다.)
Localization Resource: (D:/Program Files (x86)/Epic Games/UE_4.15/Engine/Content/Localization/ToolTips/ko/ToolTips.locres) Source String Hash: (1567650430) Localized String: (프레임 당 최대 트랜지션 - 한 프레임에서 이 머신이 동시에 취할 수 있는 트랜지션 최대 수입니다.)
[2017.05.16-06.44.53:848][  0]LogTextLocalizationManager:Warning: Loaded localization resources contain conflicting entries for (Namespace:UObjectToolTips, Key:AnimNode_BlendSpacePlayer:PlayRate):
Localization Resource: (D:/Program Files (x86)/Epic Games/UE_4.15/Engine/Content/Localization/EditorTutorials/ko/EditorTutorials.locres) Source String Hash: (-1274923958) Localized String: (재생 속도 배수입니다. 음수가 되면 애니메이션을 역순으로 재생하게 됩니다.)
Localization Resource: (D:/Program Files (x86)/Epic Games/UE_4.15/Engine/Content/Localization/ToolTips/ko/ToolTips.locres) Source String Hash: (-1274923958) Localized String: (재생 속도 - 재생 속도 배수입니다. 음수가 되면 애니메이션을 거꾸로 재생합니다.)
[2017.05.16-06.44.53:848][  0]LogTextLocalizationManager:Warning: Loaded localization resources contain conflicting entries for (Namespace:UObjectToolTips, Key:AnimNode_BlendSpacePlayer:StartPosition):
Localization Resource: (D:/Program Files (x86)/Epic Games/UE_4.15/Engine/Content/Localization/EditorTutorials/ko/EditorTutorials.locres) Source String Hash: (-207153555) Localized String: (시작 위치 범위는 [0,1] 이며, 재초기화시에만 적용됩니다.
루핑을 하면, 1 회전 후 0.f 부터 시작할 것입니다.)
Localization Resource: (D:/Program Files (x86)/Epic Games/UE_4.15/Engine/Content/Localization/ToolTips/ko/ToolTips.locres) Source String Hash: (-207153555) Localized String: (시작 위치 - [0, 1] 범위의 시작 위치로, 재초기화할 때만 적용됩니다.
반복하면 1회전 후 0.f 부터 시작됩니다.)
[2017.05.16-06.44.53:848][  0]LogTextLocalizationManager:Warning: Loaded localization resources contain conflicting entries for (Namespace:UObjectToolTips, Key:CameraFilmbackSettings:SensorWidth):
Localization Resource: (D:/Program Files (x86)/Epic Games/UE_4.15/Engine/Content/Localization/ToolTips/ko/ToolTips.locres) Source String Hash: (-1448580153) Localized String: (센서 폭 - 필름백 또는 디지털 센서의 가로 크기로, mm 단위입니다.)
Localization Resource: (D:/Program Files (x86)/Epic Games/UE_4.15/Engine/Content/Localization/Engine/ko/Engine.locres) Source String Hash: (-1448580153) Localized String: (필름백 또는 디지털 센서의 가로 크기로, mm 단위입니다.)
[2017.05.16-06.44.53:848][  0]LogTextLocalizationManager:Warning: Loaded localization resources contain conflicting entries for (Namespace:UObjectToolTips, Key:CameraFilmbackSettings:SensorAspectRatio):
Localization Resource: (D:/Program Files (x86)/Epic Games/UE_4.15/Engine/Content/Localization/ToolTips/ko/ToolTips.locres) Source String Hash: (-194807515) Localized String: (센서 종횡비 - 읽기 전용입니다. 센서 치수에서 계산했습니다.)
Localization Resource: (D:/Program Files (x86)/Epic Games/UE_4.15/Engine/Content/Localization/Engine/ko/Engine.locres) Source String Hash: (-194807515) Localized String: (읽기 전용입니다. 센서 크기에서 계산했습니다.)
[2017.05.16-06.44.53:848][  0]LogTextLocalizationManager:Warning: Loaded localization resources contain conflicting entries for (Namespace:UObjectToolTips, Key:AnimNode_SequencePlayer:bLoopAnimation):
Localization Resource: (D:/Program Files (x86)/Epic Games/UE_4.15/Engine/Content/Localization/ToolTips/ko/ToolTips.locres) Source String Hash: (2133979316) Localized String: (루프 - 애니메이션이 끝에 도달했을 때 계속 반복시켜야 할까요?)
Localization Resource: (D:/Program Files (x86)/Epic Games/UE_4.15/Engine/Content/Localization/Engine/ko/Engine.locres) Source String Hash: (2133979316) Localized String: (애니메이션이 끝에 도달하면 계속해서 루핑시킬것인지 입니다.)
[2017.05.16-06.44.53:848][  0]LogTextLocalizationManager:Warning: Loaded localization resources contain conflicting entries for (Namespace:UObjectToolTips, Key:AnimNode_SequencePlayer:Sequence):
Localization Resource: (D:/Program Files (x86)/Epic Games/UE_4.15/Engine/Content/Localization/ToolTips/ko/ToolTips.locres) Source String Hash: (421436424) Localized String: (시퀀스 - 재생할 애니메이션 시퀀스 애셋입니다.)
Localization Resource: (D:/Program Files (x86)/Epic Games/UE_4.15/Engine/Content/Localization/Engine/ko/Engine.locres) Source String Hash: (421436424) Localized String: (재생할 애니메이션 시퀀스 애셋입니다.)
[2017.05.16-06.44.53:848][  0]LogTextLocalizationManager:Warning: Loaded localization resources contain conflicting entries for (Namespace:UObjectToolTips, Key:AnimNode_SequencePlayer:PlayRate):
Localization Resource: (D:/Program Files (x86)/Epic Games/UE_4.15/Engine/Content/Localization/ToolTips/ko/ToolTips.locres) Source String Hash: (-1274923958) Localized String: (재생 속도 - 재생 속도 배수입니다. 음수가 될 수 있으며, 그러면 애니메이션이 거꾸로 재생됩니다.)
Localization Resource: (D:/Program Files (x86)/Epic Games/UE_4.15/Engine/Content/Localization/Engine/ko/Engine.locres) Source String Hash: (-1274923958) Localized String: (플레이 속도 배수입니다. 음수가 되면 애니메이션이 역방향으로 재생됩니다.)
[2017.05.16-06.44.53:848][  0]LogTextLocalizationManager:Warning: Loaded localization resources contain conflicting entries for (Namespace:UObjectToolTips, Key:AnimNode_SequencePlayer:StartPosition):
Localization Resource: (D:/Program Files (x86)/Epic Games/UE_4.15/Engine/Content/Localization/ToolTips/ko/ToolTips.locres) Source String Hash: (771611000) Localized String: (시작 위치 - 시작 위치로 재초기화할 때만 적용됩니다.
반복하면, 1회전 후 0.f 부터 시작됩니다.)
Localization Resource: (D:/Program Files (x86)/Epic Games/UE_4.15/Engine/Content/Localization/Engine/ko/Engine.locres) Source String Hash: (771611000) Localized String: (시작 위치로, 재초기화시에만 적용됩니다.
루핑을 하면, 1회전 후 0.f 부터 시작할 것입니다.)
[2017.05.16-06.44.53:849][  0]LogTextLocalizationManager:Warning: Loaded localization resources contain conflicting entries for (Namespace:UObjectToolTips, Key:CameraFilmbackSettings:SensorHeight):
Localization Resource: (D:/Program Files (x86)/Epic Games/UE_4.15/Engine/Content/Localization/ToolTips/ko/ToolTips.locres) Source String Hash: (-1311569777) Localized String: (센서 높이 - 필름백 또는 디지털 센서의 세로 크기로, mm 단위입니다.)
Localization Resource: (D:/Program Files (x86)/Epic Games/UE_4.15/Engine/Content/Localization/Engine/ko/Engine.locres) Source String Hash: (-1311569777) Localized String: (필름백 또는 디지털 센서의 세로 크기로, mm 단위입니다.)
[2017.05.16-06.44.56:578][  0]LogD3D11RHI: D3D11 adapters:
[2017.05.16-06.44.56:611][  0]LogD3D11RHI:    0. 'NVIDIA GeForce GTX 1080' (Feature Level 11_0)
[2017.05.16-06.44.56:611][  0]LogD3D11RHI:       8144/0/8158 MB DedicatedVideo/DedicatedSystem/SharedSystem, Outputs:2, VendorId:0x10de
[2017.05.16-06.44.56:621][  0]LogD3D11RHI:    1. 'Microsoft Basic Render Driver' (Feature Level 11_0)
[2017.05.16-06.44.56:621][  0]LogD3D11RHI:       0/0/8158 MB DedicatedVideo/DedicatedSystem/SharedSystem, Outputs:0, VendorId:0x1414
[2017.05.16-06.44.56:621][  0]LogD3D11RHI: Chosen D3D11 Adapter: 0
[2017.05.16-06.44.56:625][  0]LogD3D11RHI: Creating new Direct3DDevice
[2017.05.16-06.44.56:625][  0]LogD3D11RHI:     GPU DeviceId: 0x1b80 (for the marketing name, search the web for "GPU Device Id")
[2017.05.16-06.44.56:625][  0]LogWindows: EnumDisplayDevices:
[2017.05.16-06.44.56:625][  0]LogWindows:    0. 'NVIDIA GeForce GTX 1080' (P:1 D:1)
[2017.05.16-06.44.56:626][  0]LogWindows:    1. 'NVIDIA GeForce GTX 1080' (P:0 D:1)
[2017.05.16-06.44.56:626][  0]LogWindows:    2. 'NVIDIA GeForce GTX 1080' (P:0 D:0)
[2017.05.16-06.44.56:627][  0]LogWindows:    3. 'NVIDIA GeForce GTX 1080' (P:0 D:0)
[2017.05.16-06.44.56:627][  0]LogWindows: DebugString: FoundDriverCount:4 
[2017.05.16-06.44.56:627][  0]LogD3D11RHI:     Adapter Name: NVIDIA GeForce GTX 1080
[2017.05.16-06.44.56:627][  0]LogD3D11RHI:   Driver Version: 376.53 (internal:21.21.13.7653, unified:376.53)
[2017.05.16-06.44.56:627][  0]LogD3D11RHI:      Driver Date: 12-29-2016
[2017.05.16-06.44.56:627][  0]LogRHI: Texture pool is 1361 MB (70% of 1945 MB)
[2017.05.16-06.44.56:673][  0]LogD3D11RHI: [Aftermath] Aftermath enabled but failed to initialize due to reason: DriverVersionNotSupported
[2017.05.16-06.44.56:673][  0]LogD3D11RHI: Async texture creation enabled
[2017.05.16-06.44.56:728][  0]LogD3D11RHI: GPU Timing Frequency: 1000.000000 (Debug: 2 1)
[2017.05.16-06.44.56:844][  0]LogShaderCompilers: Guid format shader working directory is -18 characters bigger than the processId version (C:/Users/lhs/Documents/GitHub/My_VR_InventoryProject/Inventory/Intermediate/Shaders/WorkingDirectory/4616/).
[2017.05.16-06.44.56:844][  0]LogShaderCompilers: Cleaned the shader compiler working directory 'C:/Users/lhs/AppData/Local/Temp/UnrealShaderWorkingDir/AA403DFB40BF80F883DAD395895F7881/'.
[2017.05.16-06.44.56:844][  0]LogShaderCompilers:Display: Using Local Shader Compiler.
[2017.05.16-06.44.59:678][  0]LogTemp:Display: Loaded TP AllDesktopTargetPlatform
[2017.05.16-06.44.59:728][  0]LogTemp:Display: Loaded TP MacClientTargetPlatform
[2017.05.16-06.44.59:779][  0]LogTemp:Display: Loaded TP MacNoEditorTargetPlatform
[2017.05.16-06.44.59:829][  0]LogTemp:Display: Loaded TP MacServerTargetPlatform
[2017.05.16-06.44.59:904][  0]LogTemp:Display: Loaded TP MacTargetPlatform
[2017.05.16-06.44.59:955][  0]LogTemp:Display: Loaded TP WindowsClientTargetPlatform
[2017.05.16-06.45.00:006][  0]LogTemp:Display: Loaded TP WindowsNoEditorTargetPlatform
[2017.05.16-06.45.00:055][  0]LogTemp:Display: Loaded TP WindowsServerTargetPlatform
[2017.05.16-06.45.00:095][  0]LogTemp:Display: Loaded TP WindowsTargetPlatform
[2017.05.16-06.45.00:170][  0]LogTemp:Display: Loaded TP AndroidTargetPlatform
[2017.05.16-06.45.00:222][  0]LogTemp:Display: Loaded TP Android_ASTCTargetPlatform
[2017.05.16-06.45.00:271][  0]LogTemp:Display: Loaded TP Android_ATCTargetPlatform
[2017.05.16-06.45.00:320][  0]LogTemp:Display: Loaded TP Android_DXTTargetPlatform
[2017.05.16-06.45.00:372][  0]LogTemp:Display: Loaded TP Android_ETC1TargetPlatform
[2017.05.16-06.45.00:422][  0]LogTemp:Display: Loaded TP Android_ETC2TargetPlatform
[2017.05.16-06.45.00:521][  0]LogTemp:Display: Loaded TP Android_MultiTargetPlatform
[2017.05.16-06.45.00:521][  0]LogTemp:Display: Loaded TP Android_PVRTCTargetPlatform
[2017.05.16-06.45.00:554][  0]LogTemp:Display: Loaded TP HTML5TargetPlatform
[2017.05.16-06.45.00:705][  0]LogTemp:Display: Loaded TP IOSTargetPlatform
[2017.05.16-06.45.00:735][  0]LogTemp:Display: Loaded TP TVOSTargetPlatform
[2017.05.16-06.45.00:789][  0]LogTemp:Display: Loaded TP LinuxClientTargetPlatform
[2017.05.16-06.45.00:838][  0]LogTemp:Display: Loaded TP LinuxNoEditorTargetPlatform
[2017.05.16-06.45.00:892][  0]LogTemp:Display: Loaded TP LinuxServerTargetPlatform
[2017.05.16-06.45.00:984][  0]LogTemp:Display: Loaded TP LinuxTargetPlatform
[2017.05.16-06.45.00:984][  0]LogTargetPlatformManager:Display: Building Assets For Windows
[2017.05.16-06.45.01:755][  0]LogDerivedDataCache:Display: Max Cache Size: 512 MB
[2017.05.16-06.45.01:948][  0]LogDerivedDataCache: Loaded boot cache 0.19s 50MB C:/Users/lhs/AppData/Local/UnrealEngine/4.15/DerivedDataCache/Boot.ddc.
[2017.05.16-06.45.01:948][  0]LogDerivedDataCache:Display: Loaded Boot cache: C:/Users/lhs/AppData/Local/UnrealEngine/4.15/DerivedDataCache/Boot.ddc
[2017.05.16-06.45.01:948][  0]LogDerivedDataCache: FDerivedDataBackendGraph:  Pak pak cache file C:/Users/lhs/Documents/GitHub/My_VR_InventoryProject/Inventory/DerivedDataCache/DDC.ddp not found, will not use a pak cache.
[2017.05.16-06.45.01:948][  0]LogDerivedDataCache: Unable to find inner node Pak for hierarchical cache Hierarchy.
[2017.05.16-06.45.01:948][  0]LogDerivedDataCache: FDerivedDataBackendGraph:  CompressedPak pak cache file C:/Users/lhs/Documents/GitHub/My_VR_InventoryProject/Inventory/DerivedDataCache/Compressed.ddp not found, will not use a pak cache.
[2017.05.16-06.45.01:948][  0]LogDerivedDataCache: Unable to find inner node CompressedPak for hierarchical cache Hierarchy.
[2017.05.16-06.45.02:002][  0]LogDerivedDataCache:Display: Pak cache opened for reading ../../../Engine/DerivedDataCache/Compressed.ddp.
[2017.05.16-06.45.02:013][  0]LogDerivedDataCache: Using Local data cache path C:/Users/lhs/AppData/Local/UnrealEngine/Common/DerivedDataCache: Writable
[2017.05.16-06.45.02:022][  0]LogSlate: Using Freetype 2.6.0
[2017.05.16-06.45.02:091][  0]LogSlate: SlateFontCache - WITH_FREETYPE: 1, WITH_HARFBUZZ: 1
[2017.05.16-06.45.02:091][  0]LogSlate: SlateFontCache - WITH_FREETYPE: 1, WITH_HARFBUZZ: 1
[2017.05.16-06.45.08:660][  0]LogInit: Selected Device Profile: [Windows]
[2017.05.16-06.45.08:667][  0]LogContentStreaming: Texture pool size is 0.00 MB
[2017.05.16-06.45.08:966][  0]LogMeshUtilities: Using QuadricMeshReduction for automatic static mesh reduction
[2017.05.16-06.45.09:034][  0]LogSimplygon: Simplygon DLL not present - disabling.
[2017.05.16-06.45.09:100][  0]LogMeshUtilities: Using SimplygonSwarm for distributed automatic mesh merging
[2017.05.16-06.45.09:100][  0]LogMeshUtilities: No automatic skeletal mesh reduction module available
[2017.05.16-06.45.09:100][  0]LogMeshUtilities: No automatic mesh merging module available
[2017.05.16-06.45.10:581][  0]LogNetVersion: GetLocalNetworkVersion: CL: 3299760, ProjectName: inventory, ProjectVersion: , EngineNetworkVersion: 2, GameNetworkVersion: 0, NetworkChecksum: 2716021693
[2017.05.16-06.45.10:684][  0]LogAssetRegistry: FAssetRegistry took 0.0211 seconds to start up
[2017.05.16-06.45.10:743][  0]LogPackageLocalizationCache: Processed 3 localized package path(s) for 2 prioritized culture(s) in 0.037043 seconds
[2017.05.16-06.45.10:748][  0]LogUObjectArray: 32493 objects as part of root set at end of initial load.
[2017.05.16-06.45.10:748][  0]LogUObjectAllocator: 7077024 out of 0 bytes used by permanent object pool.
[2017.05.16-06.45.10:748][  0]LogUObjectArray: CloseDisregardForGC: 0/0 objects in disregard for GC pool
[2017.05.16-06.45.10:792][  0]LogInit: WinSock: version 1.1 (2.2), MaxSocks=32767, MaxUdp=65467
[2017.05.16-06.45.16:591][  0]LogTcpMessaging: Initializing TcpMessaging bridge
[2017.05.16-06.45.16:645][  0]LogUdpMessaging: Initializing bridge on interface 0.0.0.0:0 to multicast group 230.0.0.1:6666.
[2017.05.16-06.45.17:424][  0]LogMaterial: Uniform references updated for custom material expression Custom.
[2017.05.16-06.45.17:927][  0]SourceControl: 정보 소스 콘트롤이 꺼졌습니다.
[2017.05.16-06.45.18:089][  0]SourceControl: 정보 소스 콘트롤이 꺼졌습니다.
[2017.05.16-06.45.18:168][  0]SourceControl: 정보 소스 콘트롤이 꺼졌습니다.
[2017.05.16-06.45.18:258][  0]SourceControl: 정보 소스 콘트롤이 꺼졌습니다.
[2017.05.16-06.45.20:365][  0]LogEngine: Initializing Engine...
[2017.05.16-06.45.20:756][  0]LogHMD: SteamVR initialized.  Driver: lighthouse  Display: LHR-D7FAEFEF
[2017.05.16-06.45.20:869][  0]LogStats: UGameplayTagsManager::ConstructGameplayTagTree: Construct from data asset -  0.000 s
[2017.05.16-06.45.20:869][  0]LogStats: UGameplayTagsManager::ConstructGameplayTagTree: GameplayTagTreeChangedEvent.Broadcast -  0.000 s
[2017.05.16-06.45.21:092][  0]LogAIModule: Creating AISystem for world Untitled
[2017.05.16-06.45.21:169][  0]LogInit: XAudio2 using '스피커(5- USB Audio Device)' : 2 channels at 44.1 kHz using 16 bits per sample (channel mask 0x3)
[2017.05.16-06.45.21:193][  0]LogInit: FAudioDevice initialized.
[2017.05.16-06.45.21:220][  0]LogDerivedDataCache: Saved boot cache 0.03s 50MB C:/Users/lhs/AppData/Local/UnrealEngine/4.15/DerivedDataCache/Boot.ddc.
[2017.05.16-06.45.21:228][  0]LogInit: Texture streaming: Enabled
[2017.05.16-06.45.21:359][  0]LogEngineSessionManager: EngineSessionManager initialized
[2017.05.16-06.45.21:509][  0]LogInit: Transaction tracking system initialized
[2017.05.16-06.45.21:918][  0]BlueprintLog: New page: 에디터 로드
[2017.05.16-06.45.23:336][  0]LocalizationService: 정보 현지화 서비스가 비활성화되었습니다.
[2017.05.16-06.45.24:274][  0]LogConsoleResponse:Display: 
[2017.05.16-06.45.25:003][  0]LogFileCache: Scanning file cache for directory 'C:/Users/lhs/Documents/GitHub/My_VR_InventoryProject/Inventory/Content/' took 0.02s
[2017.05.16-06.45.25:003][  0]LogCook:Display: Max memory allowance for cook 16384mb min free memory 0mb
[2017.05.16-06.45.25:003][  0]LogCook:Display: Mobile HDR setting 1
[2017.05.16-06.45.26:751][  0]SourceControl: 정보 소스 콘트롤이 꺼졌습니다.
[2017.05.16-06.45.26:760][  0]Cmd: MAP LOAD FILE="C:/Users/lhs/Documents/GitHub/My_VR_InventoryProject/Inventory/Content/Level/NewMap.umap" TEMPLATE=0 SHOWPROGRESS=1 FEATURELEVEL=3
[2017.05.16-06.45.26:760][  0]LightingResults: New page: 라이팅 빌드
[2017.05.16-06.45.26:807][  0]MapCheck: New page: 맵 체크
[2017.05.16-06.45.26:807][  0]LightingResults: New page: 라이팅 빌드
[2017.05.16-06.45.28:577][  0]LogSpawn:Warning: UWorld::DestroyActor: World has no context! World: NewMap, Actor: /Game/Level/NewMap.NewMap:PersistentLevel.DESTROYED_PlayerBody_C_CHILDACTOR_1
[2017.05.16-06.45.28:577][  0]LogSpawn:Warning: UWorld::DestroyActor: World has no context! World: NewMap, Actor: /Game/Level/NewMap.NewMap:PersistentLevel.DESTROYED_VR_NewStash_C_CHILDACTOR_35
[2017.05.16-06.45.28:577][  0]LogSpawn:Warning: UWorld::DestroyActor: World has no context! World: NewMap, Actor: /Game/Level/NewMap.NewMap:PersistentLevel.DESTROYED_VR_EquipSlot_C_CHILDACTOR_842
[2017.05.16-06.45.28:577][  0]LogSpawn:Warning: UWorld::DestroyActor: World has no context! World: NewMap, Actor: /Game/Level/NewMap.NewMap:PersistentLevel.DESTROYED_VR_EquipSlot_C_CHILDACTOR_843
[2017.05.16-06.45.28:577][  0]LogSpawn:Warning: UWorld::DestroyActor: World has no context! World: NewMap, Actor: /Game/Level/NewMap.NewMap:PersistentLevel.DESTROYED_VR_EquipSlot_C_CHILDACTOR_844
[2017.05.16-06.45.28:577][  0]LogSpawn:Warning: UWorld::DestroyActor: World has no context! World: NewMap, Actor: /Game/Level/NewMap.NewMap:PersistentLevel.DESTROYED_VR_EquipSlot_C_CHILDACTOR_845
[2017.05.16-06.45.28:577][  0]LogSpawn:Warning: UWorld::DestroyActor: World has no context! World: NewMap, Actor: /Game/Level/NewMap.NewMap:PersistentLevel.DESTROYED_VR_EquipSlot_C_CHILDACTOR_846
[2017.05.16-06.45.28:577][  0]LogSpawn:Warning: UWorld::DestroyActor: World has no context! World: NewMap, Actor: /Game/Level/NewMap.NewMap:PersistentLevel.DESTROYED_VR_EquipSlot_C_CHILDACTOR_847
[2017.05.16-06.45.29:019][  0]LogAIModule: Creating AISystem for world NewMap
[2017.05.16-06.45.29:136][  0]LogEditorServer: Finished looking for orphan Actors (0.000 secs)
[2017.05.16-06.45.29:137][  0]Cmd: MAP CHECKDEP NOCLEARLOG
[2017.05.16-06.45.29:201][  0]MapCheck: 정보 맵 체크 완료: 오류 0 회, 경고 0 회, 소요 시간 63.789ms.
[2017.05.16-06.45.29:201][  0]LogFileHelpers: Loading map 'NewMap' took 2.441
[2017.05.16-06.45.29:651][  0]LogCollectionManager: Loaded 0 collections in 0.000823 seconds
[2017.05.16-06.45.29:739][  0]LogFileCache: Scanning file cache for directory 'C:/Users/lhs/Documents/GitHub/My_VR_InventoryProject/Inventory/Saved/Collections/' took 0.01s
[2017.05.16-06.45.29:739][  0]LogFileCache: Scanning file cache for directory 'C:/Users/lhs/Documents/GitHub/My_VR_InventoryProject/Inventory/Content/Developers/lhs/Collections/' took 0.01s
[2017.05.16-06.45.29:739][  0]LogFileCache: Scanning file cache for directory 'C:/Users/lhs/Documents/GitHub/My_VR_InventoryProject/Inventory/Content/Collections/' took 0.01s
[2017.05.16-06.45.29:739][  0]LogCollectionManager: Rebuilt the GUID cache for 0 collections in 0.000003 seconds
[2017.05.16-06.45.29:747][  0]LogContentBrowser: Native class hierarchy populated in 0.0077 seconds. Added 2245 classes and 453 folders.
[2017.05.16-06.45.29:807][  0]LogContentBrowser: Native class hierarchy updated for 'WidgetCarousel' in 0.0005 seconds. Added 0 classes and 0 folders.
[2017.05.16-06.45.30:678][  0]LogContentBrowser: Native class hierarchy updated for 'AddContentDialog' in 0.0005 seconds. Added 0 classes and 0 folders.
[2017.05.16-06.45.30:772][  0]LogContentBrowser: Native class hierarchy updated for 'SceneOutliner' in 0.0006 seconds. Added 1 classes and 2 folders.
[2017.05.16-06.45.31:139][  0]LogCrashTracker: Crashtracker disabled due to settings.
[2017.05.16-06.45.31:154][  0]LogUObjectGlobals:Warning: 'Class 없음.' 오브젝트를 찾는 데 실패했습니다.
[2017.05.16-06.45.31:289][  0]LogContentBrowser: Native class hierarchy updated for 'HierarchicalLODOutliner' in 0.0005 seconds. Added 1 classes and 2 folders.
[2017.05.16-06.45.31:289][  0]LogLoad: (Engine Initialization) Total time: 42.77 seconds
[2017.05.16-06.45.31:289][  0]LogLoad: (Engine Initialization) Total Blueprint compile time: 0.99 seconds
[2017.05.16-06.45.31:289][  0]LogExternalProfiler: Found external profiler: VSPerf
[2017.05.16-06.45.31:289][  0]LogExternalProfiler: Using external profiler: VSPerf
[2017.05.16-06.45.31:302][  0]LogOcInput: OculusInput pre-init called
[2017.05.16-06.45.31:302][  0]LogSteamVRController: Controller role for device 3 is 2 (invalid=0, left=1, right=2).
[2017.05.16-06.45.31:302][  0]LogSteamVRController:Warning: Controller device 3 is being assigned to its prefered role 'right'.
[2017.05.16-06.45.31:302][  0]LogSteamVRController: Controller device 3 is being assigned unreal hand 1 (left=0, right=1).
[2017.05.16-06.45.31:318][  0]LogAssetRegistry: Asset discovery search completed in 20.6551 seconds
[2017.05.16-06.45.31:318][  0]LogCollectionManager: Rebuilt the object cache for 0 collections in 0.000002 seconds (found 0 objects)
[2017.05.16-06.45.31:318][  0]LogCollectionManager: Fixed up redirectors for 0 collections in 0.000017 seconds (updated 0 objects)
[2017.05.16-06.45.31:360][  0]LogContentStreaming: Texture pool size now 1000 MB
[2017.05.16-06.45.31:444][  0]LogSlate: Took 0.022729 seconds to synchronously load lazily loaded font '../../../Engine/Content/Slate/Fonts/Roboto-Regular.ttf' (155K)
[2017.05.16-06.45.31:505][  0]LogSlate: Took 0.058510 seconds to synchronously load lazily loaded font '../../../Engine/Content/Slate/Fonts/NanumGothic.ttf' (4243K)
[2017.05.16-06.45.31:515][  0]LogSlate: Took 0.008715 seconds to synchronously load lazily loaded font '../../../Engine/Content/Slate/Fonts/Roboto-Bold.ttf' (160K)
[2017.05.16-06.45.31:528][  0]LogSlate: Took 0.006921 seconds to synchronously load lazily loaded font '../../../Engine/Content/Editor/Slate/Fonts/FontAwesome.ttf' (139K)
[2017.05.16-06.45.31:793][  0]LogRenderer: Reallocating scene render targets to support 1920x1080 NumSamples 1 (Frame:2).
[2017.05.16-06.45.32:329][ 51]LogSlate: Took 0.004431 seconds to synchronously load lazily loaded font '../../../Engine/Content/Slate/Fonts/Roboto-Light.ttf' (159K)
[2017.05.16-06.45.33:003][ 51]LogContentBrowser: Native class hierarchy updated for 'BlueprintGraph' in 0.0007 seconds. Added 112 classes and 0 folders.
[2017.05.16-06.45.36:031][ 51]LogContentBrowser: Native class hierarchy updated for 'TextureEditor' in 0.0005 seconds. Added 1 classes and 2 folders.
[2017.05.16-06.45.36:141][ 51]LogMaterial: Missing cached shader map for material NewTextureRenderTarget2D_Mat, compiling. 
[2017.05.16-06.45.36:142][ 51]LogTemp:Display: Added material ShaderMap 0x00000240A668A400 with Material 0x00000240A6723380 to ShaderMapsBeingCompiled
[2017.05.16-06.45.36:162][ 51]LogTemp:Display: Kicking off shader compilation for NewTextureRenderTarget2D_Mat, GameThreadShaderMap 0x00000240A668A400
[2017.05.16-06.45.36:257][ 51]LogMaterial: Missing cached shader map for material NewTextureRenderTarget2D_Mat, compiling. 
[2017.05.16-06.45.36:257][ 51]LogTemp:Display: Added material ShaderMap 0x00000240A6C8EB00 with Material 0x00000240A6723380 to ShaderMapsBeingCompiled
[2017.05.16-06.45.36:265][ 51]LogTemp:Display: Kicking off shader compilation for NewTextureRenderTarget2D_Mat, GameThreadShaderMap 0x00000240A6C8EB00
[2017.05.16-06.45.36:266][ 51]LogMaterial: 0.00 seconds spent updating 1 materials, 1 interfaces, 0 instances, 0 with static permutations.
[2017.05.16-06.45.36:292][ 51]LogMaterial: Missing cached shader map for material FMatExpressionPreview MaterialExpressionTextureSample_0, compiling. 
[2017.05.16-06.45.36:293][ 51]LogTemp:Display: Added material ShaderMap 0x00000240A6C50100 with Material 0x00000240A6C71900 to ShaderMapsBeingCompiled
[2017.05.16-06.45.36:295][ 51]LogTemp:Display: Kicking off shader compilation for FMatExpressionPreview MaterialExpressionTextureSample_0, GameThreadShaderMap 0x00000240A6C50100
[2017.05.16-06.45.36:359][ 51]LogSlate: Took 0.017901 seconds to synchronously load lazily loaded font '../../../Engine/Content/Editor/Slate/Fonts/Roboto-BoldCondensed.ttf' (158K)
[2017.05.16-06.45.37:374][104]LogTemp:Display: Finished compile of shader map 0x00000240A6C8EB00
[2017.05.16-06.45.37:374][104]LogTemp:Display: Shader map NewTextureRenderTarget2D_Mat complete, GameThreadShaderMap 0x00000240A6C8EB00, marking material NewTextureRenderTarget2D_Mat as finished
[2017.05.16-06.45.37:374][104]LogTemp:Display: Marking material as finished 0x00000240A6723380
[2017.05.16-06.45.37:386][105]MaterialEditorStats: 정보 Base pass shader with only dynamic lighting: 81 instructions
[2017.05.16-06.45.37:387][105]MaterialEditorStats: 정보 Vertex shader: 31 instructions
[2017.05.16-06.45.37:387][105]MaterialEditorStats: 정보 Texture samplers: 2/16
[2017.05.16-06.45.37:403][106]LogTemp:Display: Finished compile of shader map 0x00000240A6C50100
[2017.05.16-06.45.37:403][106]LogTemp:Display: Shader map FMatExpressionPreview MaterialExpressionTextureSample_0 complete, GameThreadShaderMap 0x00000240A6C50100, marking material FMatExpressionPreview MaterialExpressionTextureSample_0 as finished
[2017.05.16-06.45.37:403][106]LogTemp:Display: Marking material as finished 0x00000240A6C71900
[2017.05.16-06.45.44:200][497]LogFactory: FactoryCreateFile: StaticMesh with FbxFactory (0 0 C:/Users/lhs/Desktop/Plane.FBX)
[2017.05.16-06.45.44:317][497]LogFbx: ItemName: GlobalSettings, ItemCount : 1
[2017.05.16-06.45.44:317][497]LogFbx: ItemName: AnimationStack, ItemCount : 1
[2017.05.16-06.45.44:317][497]LogFbx: ItemName: AnimationLayer, ItemCount : 1
[2017.05.16-06.45.44:317][497]LogFbx: ItemName: Model, ItemCount : 1
[2017.05.16-06.45.44:318][497]LogFbx: ItemName: Geometry, ItemCount : 1
[2017.05.16-06.45.44:324][497]LogFbx: Loading FBX Scene from C:/Users/lhs/Desktop/Plane.FBX
[2017.05.16-06.45.44:355][497]LogFbx: FBX Scene Loaded Succesfully
[2017.05.16-06.45.45:464][497]LogFbx: Loading FBX Scene from C:/Users/lhs/Desktop/Plane.FBX
[2017.05.16-06.45.45:470][497]LogFbx: FBX Scene Loaded Succesfully
[2017.05.16-06.45.45:473][497]LogFbx:Warning: Triangulating static mesh Plane001
[2017.05.16-06.45.45:481][497]LogStaticMesh: Plane 스태틱 메시 빌드중...
[2017.05.16-06.45.45:490][497]LogStaticMesh: Built static mesh [0.01s] /Game/Plane.Plane
[2017.05.16-06.45.48:824][807]LogSlate: Took 0.013598 seconds to synchronously load lazily loaded font '../../../Engine/Content/Editor/Slate/Fonts/Roboto-Italic.ttf' (157K)
[2017.05.16-06.45.52:745][136]LogActorFactory: Actor Factory created Plane
[2017.05.16-06.46.21:047][603]Cmd: OBJ SAVEPACKAGE PACKAGE="/Game/NewBlueprint" FILE="C:/Users/lhs/Documents/GitHub/My_VR_InventoryProject/Inventory/Content/NewBlueprint.uasset" SILENT=true
[2017.05.16-06.46.21:121][603]LogSavePackage: Save=21.03ms
[2017.05.16-06.46.21:121][603]LogSavePackage: Moving 'C:/Users/lhs/Documents/GitHub/My_VR_InventoryProject/Inventory/Saved/NewBlueprint8F14392546957C2AA7885CAED9319EFA.tmp' to 'C:/Users/lhs/Documents/GitHub/My_VR_InventoryProject/Inventory/Content/NewBlueprint.uasset'
[2017.05.16-06.46.21:125][603]LogSavePackage:Display: Finished SavePackage C:/Users/lhs/Documents/GitHub/My_VR_InventoryProject/Inventory/Content/NewBlueprint.uasset
[2017.05.16-06.46.21:625][647]BlueprintLog: New page: NewBlueprint 컴파일
[2017.05.16-06.46.21:784][647]LogTemp:Display: Removed shader map 0x00000240A668A400 from material 0x00000240A6723380
[2017.05.16-06.46.22:544][697]LogEditorViewport: Clicking on Actor (LMB): NewBlueprint_C (NewBlueprint)
[2017.05.16-06.46.32:877][415]LogEditorActor: Deleted Actor: NewBlueprint_C
[2017.05.16-06.46.32:898][415]LogEditorActor: Deleted 1 Actors (0.021 secs)
[2017.05.16-06.46.35:914][627]LogEditorViewport: Clicking on Actor (LMB): StaticMeshActor (Floor)
[2017.05.16-06.46.36:750][679]LogEditorViewport: Clicking on Actor (LMB): NewBlueprint_C (NewBlueprint)
[2017.05.16-06.46.41:268][804]LogEditorViewport: Clicking on Actor (LMB): NewBlueprint_C (NewBlueprint)
[2017.05.16-06.47.50:018][282]Cmd: OBJ SAVEPACKAGE PACKAGE="/Game/NewBlueprint" FILE="C:/Users/lhs/Documents/GitHub/My_VR_InventoryProject/Inventory/Content/NewBlueprint.uasset" SILENT=true
[2017.05.16-06.47.50:433][282]LogSavePackage: Save=241.11ms
[2017.05.16-06.47.50:433][282]LogSavePackage: Moving 'C:/Users/lhs/Documents/GitHub/My_VR_InventoryProject/Inventory/Saved/NewBlueprintDF4B8BC04BD8D6EF9CDFF8AE46031056.tmp' to 'C:/Users/lhs/Documents/GitHub/My_VR_InventoryProject/Inventory/Content/NewBlueprint.uasset'
[2017.05.16-06.47.50:496][282]LogSavePackage:Display: Finished SavePackage C:/Users/lhs/Documents/GitHub/My_VR_InventoryProject/Inventory/Content/NewBlueprint.uasset
[2017.05.16-06.47.51:212][328]BlueprintLog: New page: NewBlueprint 컴파일
[2017.05.16-06.48.05:721][994]LogTemp: Repeting last play command: VR 프리뷰
[2017.05.16-06.48.05:887][994]LogPlayLevel: PlayLevel: No blueprints needed recompiling
[2017.05.16-06.48.06:052][994]PIE: New page: PIE 세션: NewMap (2017. 5. 17. 오전 12:48:05)
[2017.05.16-06.48.06:095][994]LogPlayLevel: Creating play world package: /Game/Level/UEDPIE_0_NewMap
[2017.05.16-06.48.06:475][994]LogPlayLevel: PIE: StaticDuplicateObject took: (0.379916s)
[2017.05.16-06.48.06:771][994]LogAIModule: Creating AISystem for world NewMap
[2017.05.16-06.48.06:838][994]LogPlayLevel: PIE: World Init took: (0.362706s)
[2017.05.16-06.48.06:838][994]LogPlayLevel: PIE: Created PIE world by copying editor world from /Game/Level/NewMap.NewMap to /Game/Level/UEDPIE_0_NewMap.NewMap (0.748324s)
[2017.05.16-06.48.10:260][994]LogInit: XAudio2 using '스피커(5- USB Audio Device)' : 2 channels at 44.1 kHz using 16 bits per sample (channel mask 0x3)
[2017.05.16-06.48.10:279][994]LogInit: FAudioDevice initialized.
[2017.05.16-06.48.10:555][994]LogLoad: Game class is 'GameModeBase'
[2017.05.16-06.48.10:904][994]LogWorld: Bringing World /Game/Level/UEDPIE_0_NewMap.NewMap up for play (max tick rate 0) at 2017.05.16-15.48.10
[2017.05.16-06.48.10:965][994]LogWorld: Bringing up level for play took: 0.239664
[2017.05.16-06.48.12:620][994]LogContentBrowser: Native class hierarchy updated for 'MovieSceneCapture' in 0.0470 seconds. Added 11 classes and 0 folders.
[2017.05.16-06.48.13:032][994]PIE: 정보 /Game/Level/UEDPIE_0_NewMap 에 대한 에디터에서 플레이 시작 시간: 8.166
[2017.05.16-06.48.13:486][996]LogRenderer: Reallocating scene render targets to support 3024x1680 NumSamples 1 (Frame:32018).
[2017.05.16-06.48.53:276][107]LogMaterial: Missing cached shader map for material NewTextureRenderTarget2D_Mat, compiling. 
[2017.05.16-06.48.53:278][107]LogTemp:Display: Added material ShaderMap 0x00000240C55F9280 with Material 0x00000240ADC63600 to ShaderMapsBeingCompiled
[2017.05.16-06.48.53:325][107]LogTemp:Display: Kicking off shader compilation for NewTextureRenderTarget2D_Mat, GameThreadShaderMap 0x00000240C55F9280
[2017.05.16-06.48.53:750][107]LogMaterial: Missing cached shader map for material NewTextureRenderTarget2D_Mat, compiling. 
[2017.05.16-06.48.53:751][107]LogTemp:Display: Added material ShaderMap 0x00000240AE142B00 with Material 0x00000240ADC63600 to ShaderMapsBeingCompiled
[2017.05.16-06.48.53:759][107]LogTemp:Display: Kicking off shader compilation for NewTextureRenderTarget2D_Mat, GameThreadShaderMap 0x00000240AE142B00
[2017.05.16-06.48.53:760][107]LogMaterial: 0.00 seconds spent updating 1 materials, 1 interfaces, 0 instances, 0 with static permutations.
[2017.05.16-06.48.53:792][107]LogMaterial: Missing cached shader map for material FMatExpressionPreview MaterialExpressionTextureSample_0, compiling. 
[2017.05.16-06.48.53:792][107]LogTemp:Display: Added material ShaderMap 0x000002404A11E780 with Material 0x0000024078BBCA00 to ShaderMapsBeingCompiled
[2017.05.16-06.48.53:795][107]LogTemp:Display: Kicking off shader compilation for FMatExpressionPreview MaterialExpressionTextureSample_0, GameThreadShaderMap 0x000002404A11E780
[2017.05.16-06.48.56:150][181]LogMaterial: Missing cached shader map for material NewTextureRenderTarget2D_Mat, compiling. 
[2017.05.16-06.48.56:151][181]LogTemp:Display: Added material ShaderMap 0x00000245B20B0800 with Material 0x00000240ADC63600 to ShaderMapsBeingCompiled
[2017.05.16-06.48.56:165][181]LogTemp:Display: Kicking off shader compilation for NewTextureRenderTarget2D_Mat, GameThreadShaderMap 0x00000245B20B0800
[2017.05.16-06.48.56:169][181]LogMaterial: Missing cached shader map for material NewTextureRenderTarget2D_Mat, compiling. 
[2017.05.16-06.48.56:170][181]LogTemp:Display: Added material ShaderMap 0x0000024038218480 with Material 0x00000240ADC63600 to ShaderMapsBeingCompiled
[2017.05.16-06.48.56:183][181]LogTemp:Display: Kicking off shader compilation for NewTextureRenderTarget2D_Mat, GameThreadShaderMap 0x0000024038218480
[2017.05.16-06.48.56:184][181]LogMaterial: 0.00 seconds spent updating 1 materials, 1 interfaces, 0 instances, 0 with static permutations.
[2017.05.16-06.48.56:354][185]LogTemp:Display: Finished compile of shader map 0x00000240AE142B00
[2017.05.16-06.48.56:354][185]LogTemp:Display: Shader map NewTextureRenderTarget2D_Mat complete, GameThreadShaderMap 0x00000240AE142B00, marking material NewTextureRenderTarget2D_Mat as finished
[2017.05.16-06.48.56:354][185]LogTemp:Display: Marking material as finished 0x00000240ADC63600
[2017.05.16-06.48.56:355][185]LogTemp:Display: Finished compile of shader map 0x000002404A11E780
[2017.05.16-06.48.56:355][185]LogTemp:Display: Shader map FMatExpressionPreview MaterialExpressionTextureSample_0 complete, GameThreadShaderMap 0x000002404A11E780, marking material FMatExpressionPreview MaterialExpressionTextureSample_0 as finished
[2017.05.16-06.48.56:355][185]LogTemp:Display: Marking material as finished 0x0000024078BBCA00
[2017.05.16-06.48.56:410][187]LogTemp:Display: Finished compile of shader map 0x00000245B20B0800
[2017.05.16-06.48.56:410][187]LogTemp:Display: Shader map NewTextureRenderTarget2D_Mat complete, GameThreadShaderMap 0x00000245B20B0800, marking material NewTextureRenderTarget2D_Mat as finished
[2017.05.16-06.48.56:410][187]LogTemp:Display: Marking material as finished 0x00000240ADC63600
[2017.05.16-06.48.57:186][231]LogTemp:Display: Finished compile of shader map 0x0000024038218480
[2017.05.16-06.48.57:186][231]LogTemp:Display: Shader map NewTextureRenderTarget2D_Mat complete, GameThreadShaderMap 0x0000024038218480, marking material NewTextureRenderTarget2D_Mat as finished
[2017.05.16-06.48.57:186][231]LogTemp:Display: Marking material as finished 0x00000240ADC63600
[2017.05.16-06.48.57:199][232]MaterialEditorStats: 정보 Base pass shader with only dynamic lighting: 85 instructions
[2017.05.16-06.48.57:199][232]MaterialEditorStats: 정보 Vertex shader: 31 instructions
[2017.05.16-06.48.57:199][232]MaterialEditorStats: 정보 Texture samplers: 2/16
[2017.05.16-06.48.57:402][246]LogMaterialEditor: Applying material NewTextureRenderTarget2D_Mat
[2017.05.16-06.48.58:674][246]LogMaterial: Missing cached shader map for material NewTextureRenderTarget2D_Mat, compiling. 
[2017.05.16-06.48.58:674][246]LogTemp:Display: Added material ShaderMap 0x00000240CBD1E780 with Material 0x00000240ADC63600 to ShaderMapsBeingCompiled
[2017.05.16-06.48.58:695][246]LogTemp:Display: Kicking off shader compilation for NewTextureRenderTarget2D_Mat, GameThreadShaderMap 0x00000240CBD1E780
[2017.05.16-06.48.58:695][246]LogMaterial: 0.00 seconds spent updating 1 materials, 1 interfaces, 0 instances, 0 with static permutations.
[2017.05.16-06.48.58:728][246]LogMaterial: Missing cached shader map for material NewTextureRenderTarget2D_Mat, compiling. 
[2017.05.16-06.48.58:729][246]LogTemp:Display: Added material ShaderMap 0x00000240B047A080 with Material 0x000002401F3BC400 to ShaderMapsBeingCompiled
[2017.05.16-06.48.58:754][246]LogTemp:Display: Kicking off shader compilation for NewTextureRenderTarget2D_Mat, GameThreadShaderMap 0x00000240B047A080
[2017.05.16-06.48.58:782][246]LogMaterial: Missing cached shader map for material NewTextureRenderTarget2D_Mat, compiling. 
[2017.05.16-06.48.58:783][246]LogTemp:Display: Added material ShaderMap 0x00000240A71BB580 with Material 0x000002401F3BC400 to ShaderMapsBeingCompiled
[2017.05.16-06.48.58:801][246]LogTemp:Display: Kicking off shader compilation for NewTextureRenderTarget2D_Mat, GameThreadShaderMap 0x00000240A71BB580
[2017.05.16-06.48.58:805][246]LogMaterial: 0.00 seconds spent updating 1 materials, 1 interfaces, 0 instances, 0 with static permutations.
[2017.05.16-06.48.58:850][246]LogMaterial: Missing cached shader map for material FDebugViewModeMaterialProxy NewTextureRenderTarget2D_Mat, compiling. 
[2017.05.16-06.48.58:851][246]LogTemp:Display: Added material ShaderMap 0x000002404A582E80 with Material 0x0000024041584700 to ShaderMapsBeingCompiled
[2017.05.16-06.48.59:401][246]LogTemp:Display: Finished compile of shader map 0x000002404A582E80
[2017.05.16-06.48.59:401][246]LogTemp:Display: Shader map FDebugViewModeMaterialProxy NewTextureRenderTarget2D_Mat complete, GameThreadShaderMap 0x000002404A582E80, marking material FDebugViewModeMaterialProxy NewTextureRenderTarget2D_Mat as finished
[2017.05.16-06.48.59:401][246]LogTemp:Display: Marking material as finished 0x0000024041584700
[2017.05.16-06.48.59:418][246]TextureStreamingBuild:Display: Compiling optional shaders took 0.568 seconds.
[2017.05.16-06.48.59:489][246]LogTemp:Display: Finished compile of shader map 0x00000240CBD1E780
[2017.05.16-06.48.59:490][246]LogTemp:Display: Shader map NewTextureRenderTarget2D_Mat complete, GameThreadShaderMap 0x00000240CBD1E780, marking material NewTextureRenderTarget2D_Mat as finished
[2017.05.16-06.48.59:490][246]LogTemp:Display: Marking material as finished 0x00000240ADC63600
[2017.05.16-06.49.00:052][280]LogMaterialEditor: Saving and Compiling material NewTextureRenderTarget2D_Mat
[2017.05.16-06.49.00:913][280]LogTemp:Display: Finished compile of shader map 0x00000240A71BB580
[2017.05.16-06.49.00:913][280]LogTemp:Display: Shader map NewTextureRenderTarget2D_Mat complete, GameThreadShaderMap 0x00000240A71BB580, marking material NewTextureRenderTarget2D_Mat as finished
[2017.05.16-06.49.00:913][280]LogTemp:Display: Marking material as finished 0x000002401F3BC400
[2017.05.16-06.49.00:973][280]LogSlate: Took 0.023554 seconds to synchronously load lazily loaded font '../../../Engine/Content/Slate/Fonts/Roboto-Regular.ttf' (155K)
[2017.05.16-06.49.01:025][280]Cmd: OBJ SAVEPACKAGE PACKAGE="/Game/NewTextureRenderTarget2D_Mat" FILE="C:/Users/lhs/Documents/GitHub/My_VR_InventoryProject/Inventory/Content/NewTextureRenderTarget2D_Mat.uasset" SILENT=true
[2017.05.16-06.49.01:103][280]LogSavePackage: Save=25.68ms
[2017.05.16-06.49.01:103][280]LogSavePackage: Moving 'C:/Users/lhs/Documents/GitHub/My_VR_InventoryProject/Inventory/Saved/NewTextureRenderTarget2D_Mat0C85DAF3461F43BE0B649399034D3842.tmp' to 'C:/Users/lhs/Documents/GitHub/My_VR_InventoryProject/Inventory/Content/NewTextureRenderTarget2D_Mat.uasset'
[2017.05.16-06.49.01:107][280]LogSavePackage:Display: Finished SavePackage C:/Users/lhs/Documents/GitHub/My_VR_InventoryProject/Inventory/Content/NewTextureRenderTarget2D_Mat.uasset
[2017.05.16-06.49.01:116][280]MaterialEditorStats: 정보 Base pass shader with only dynamic lighting: 85 instructions
[2017.05.16-06.49.01:116][280]MaterialEditorStats: 정보 Vertex shader: 31 instructions
[2017.05.16-06.49.01:116][280]MaterialEditorStats: 정보 Texture samplers: 3/16
[2017.05.16-06.49.11:693][946]Cmd: MODE ROTGRID=1
[2017.05.16-06.49.29:166][177]Cmd: OBJ SAVEPACKAGE PACKAGE="/Game/NewBlueprint" FILE="C:/Users/lhs/Documents/GitHub/My_VR_InventoryProject/Inventory/Content/NewBlueprint.uasset" SILENT=true
[2017.05.16-06.49.29:234][177]LogSavePackage: Save=28.40ms
[2017.05.16-06.49.29:234][177]LogSavePackage: Moving 'C:/Users/lhs/Documents/GitHub/My_VR_InventoryProject/Inventory/Saved/NewBlueprintE4FE191B4258C1436DF68797B0CC0A37.tmp' to 'C:/Users/lhs/Documents/GitHub/My_VR_InventoryProject/Inventory/Content/NewBlueprint.uasset'
[2017.05.16-06.49.29:237][177]LogSavePackage:Display: Finished SavePackage C:/Users/lhs/Documents/GitHub/My_VR_InventoryProject/Inventory/Content/NewBlueprint.uasset
[2017.05.16-06.49.29:766][215]BlueprintLog: New page: NewBlueprint 컴파일
[2017.05.16-06.49.31:074][244]LogTemp: Repeting last play command: VR 프리뷰
[2017.05.16-06.49.31:108][244]LogPlayLevel: PlayLevel: No blueprints needed recompiling
[2017.05.16-06.49.31:108][244]PIE: New page: PIE 세션: NewMap (2017. 5. 17. 오전 12:49:31)
[2017.05.16-06.49.31:108][244]LogPlayLevel: Creating play world package: /Game/Level/UEDPIE_0_NewMap
[2017.05.16-06.49.31:115][244]LogPlayLevel: PIE: StaticDuplicateObject took: (0.006732s)
[2017.05.16-06.49.31:116][244]LogAIModule: Creating AISystem for world NewMap
[2017.05.16-06.49.31:116][244]LogPlayLevel: PIE: World Init took: (0.000840s)
[2017.05.16-06.49.31:116][244]LogPlayLevel: PIE: Created PIE world by copying editor world from /Game/Level/NewMap.NewMap to /Game/Level/UEDPIE_0_NewMap.NewMap (0.007949s)
[2017.05.16-06.49.31:256][244]LogInit: XAudio2 using '스피커(5- USB Audio Device)' : 2 channels at 44.1 kHz using 16 bits per sample (channel mask 0x3)
[2017.05.16-06.49.31:273][244]LogInit: FAudioDevice initialized.
[2017.05.16-06.49.31:386][244]LogLoad: Game class is 'GameModeBase'
[2017.05.16-06.49.31:389][244]LogWorld: Bringing World /Game/Level/UEDPIE_0_NewMap.NewMap up for play (max tick rate 0) at 2017.05.16-15.49.31
[2017.05.16-06.49.31:390][244]LogWorld: Bringing up level for play took: 0.002827
[2017.05.16-06.49.31:478][244]PIE: 정보 /Game/Level/UEDPIE_0_NewMap 에 대한 에디터에서 플레이 시작 시간: 0.612
[2017.05.16-06.50.12:696][571]Cmd: OBJ SAVEPACKAGE PACKAGE="/Game/NewBlueprint" FILE="C:/Users/lhs/Documents/GitHub/My_VR_InventoryProject/Inventory/Content/NewBlueprint.uasset" SILENT=true
[2017.05.16-06.50.12:762][571]LogSavePackage: Save=21.91ms
[2017.05.16-06.50.12:762][571]LogSavePackage: Moving 'C:/Users/lhs/Documents/GitHub/My_VR_InventoryProject/Inventory/Saved/NewBlueprintB3E732CC4112C43D3224D2ABB85B5F88.tmp' to 'C:/Users/lhs/Documents/GitHub/My_VR_InventoryProject/Inventory/Content/NewBlueprint.uasset'
[2017.05.16-06.50.12:765][571]LogSavePackage:Display: Finished SavePackage C:/Users/lhs/Documents/GitHub/My_VR_InventoryProject/Inventory/Content/NewBlueprint.uasset
[2017.05.16-06.50.13:227][603]BlueprintLog: New page: NewBlueprint 컴파일
[2017.05.16-06.50.15:971][735]LogEditorViewport: Clicking on Actor (LMB): NewBlueprint_C (NewBlueprint)
[2017.05.16-06.50.22:830][214]LogTemp: Repeting last play command: VR 프리뷰
[2017.05.16-06.50.22:856][214]LogPlayLevel: PlayLevel: No blueprints needed recompiling
[2017.05.16-06.50.22:857][214]PIE: New page: PIE 세션: NewMap (2017. 5. 17. 오전 12:50:22)
[2017.05.16-06.50.22:857][214]LogPlayLevel: Creating play world package: /Game/Level/UEDPIE_0_NewMap
[2017.05.16-06.50.22:863][214]LogPlayLevel: PIE: StaticDuplicateObject took: (0.005802s)
[2017.05.16-06.50.22:864][214]LogAIModule: Creating AISystem for world NewMap
[2017.05.16-06.50.22:864][214]LogPlayLevel: PIE: World Init took: (0.001004s)
[2017.05.16-06.50.22:864][214]LogPlayLevel: PIE: Created PIE world by copying editor world from /Game/Level/NewMap.NewMap to /Game/Level/UEDPIE_0_NewMap.NewMap (0.007059s)
[2017.05.16-06.50.22:980][214]LogInit: XAudio2 using '스피커(5- USB Audio Device)' : 2 channels at 44.1 kHz using 16 bits per sample (channel mask 0x3)
[2017.05.16-06.50.22:996][214]LogInit: FAudioDevice initialized.
[2017.05.16-06.50.23:107][214]LogLoad: Game class is 'GameModeBase'
[2017.05.16-06.50.23:110][214]LogWorld: Bringing World /Game/Level/UEDPIE_0_NewMap.NewMap up for play (max tick rate 0) at 2017.05.16-15.50.23
[2017.05.16-06.50.23:111][214]LogWorld: Bringing up level for play took: 0.002555
[2017.05.16-06.50.23:188][214]PIE: 정보 /Game/Level/UEDPIE_0_NewMap 에 대한 에디터에서 플레이 시작 시간: 0.322
[2017.05.16-06.50.33:181][101]LogSteamVRController: Controller role for device 4 is 0 (invalid=0, left=1, right=2).
[2017.05.16-06.50.33:181][101]LogSteamVRController: Putting controller 4 on the left hand because there is already a controller for the right.
[2017.05.16-06.50.33:181][101]LogSteamVRController: Controller device 4 is being assigned unreal hand 0 (left=0, right=1).
[2017.05.16-06.51.52:950][906]LogSavePackage: Save=160.43ms
[2017.05.16-06.51.52:950][906]LogSavePackage: Moving 'C:/Users/lhs/Documents/GitHub/My_VR_InventoryProject/Inventory/Saved/MotionControllerPawnBC88EB6A4147BBB8E4AA298E9A8D085E.tmp' to 'C:/Users/lhs/Documents/GitHub/My_VR_InventoryProject/Inventory/Content/VirtualRealityBP/Blueprints/MotionControllerPawn.uasset'
[2017.05.16-06.51.52:953][906]LogSavePackage:Display: Finished SavePackage C:/Users/lhs/Documents/GitHub/My_VR_InventoryProject/Inventory/Content/VirtualRealityBP/Blueprints/MotionControllerPawn.uasset
[2017.05.16-06.51.53:239][926]BlueprintLog: New page: MotionControllerPawn 컴파일
[2017.05.16-06.52.05:307][757]Cmd: OBJ SAVEPACKAGE PACKAGE="/Game/BluePrint/VR_Inven/PlayerBody" FILE="C:/Users/lhs/Documents/GitHub/My_VR_InventoryProject/Inventory/Content/BluePrint/VR_Inven/PlayerBody.uasset" SILENT=true
[2017.05.16-06.52.05:375][757]LogSavePackage: Save=21.34ms
[2017.05.16-06.52.05:375][757]LogSavePackage: Moving 'C:/Users/lhs/Documents/GitHub/My_VR_InventoryProject/Inventory/Saved/PlayerBodyEA61948645B967FE5BDB3895CFD49186.tmp' to 'C:/Users/lhs/Documents/GitHub/My_VR_InventoryProject/Inventory/Content/BluePrint/VR_Inven/PlayerBody.uasset'
[2017.05.16-06.52.05:379][757]LogSavePackage:Display: Finished SavePackage C:/Users/lhs/Documents/GitHub/My_VR_InventoryProject/Inventory/Content/BluePrint/VR_Inven/PlayerBody.uasset
[2017.05.16-06.52.05:749][784]BlueprintLog: New page: PlayerBody 컴파일
[2017.05.16-06.52.05:901][784]LogActorComponent: RegisterComponentWithWorld: (/Game/Level/NewMap.NewMap:PersistentLevel.DESTROYED_PlayerBody_C_CHILDACTOR_8.DefaultSceneRoot) Trying to register component with IsPendingKill() == true. Aborting.
[2017.05.16-06.52.05:902][784]LogActorComponent: RegisterComponentWithWorld: (/Engine/Transient.World_9:PersistentLevel.DESTROYED_PlayerBody_C_CHILDACTOR_22.DefaultSceneRoot) Trying to register component with IsPendingKill() == true. Aborting.
[2017.05.16-06.52.07:148][865]LogTemp: Repeting last play command: VR 프리뷰
[2017.05.16-06.52.07:181][865]LogPlayLevel: PlayLevel: No blueprints needed recompiling
[2017.05.16-06.52.07:181][865]PIE: New page: PIE 세션: NewMap (2017. 5. 17. 오전 12:52:07)
[2017.05.16-06.52.07:181][865]LogPlayLevel: Creating play world package: /Game/Level/UEDPIE_0_NewMap
[2017.05.16-06.52.07:185][865]LogPlayLevel: PIE: StaticDuplicateObject took: (0.004585s)
[2017.05.16-06.52.07:186][865]LogAIModule: Creating AISystem for world NewMap
[2017.05.16-06.52.07:186][865]LogPlayLevel: PIE: World Init took: (0.000797s)
[2017.05.16-06.52.07:186][865]LogPlayLevel: PIE: Created PIE world by copying editor world from /Game/Level/NewMap.NewMap to /Game/Level/UEDPIE_0_NewMap.NewMap (0.005682s)
[2017.05.16-06.52.07:298][865]LogInit: XAudio2 using '스피커(5- USB Audio Device)' : 2 channels at 44.1 kHz using 16 bits per sample (channel mask 0x3)
[2017.05.16-06.52.07:315][865]LogInit: FAudioDevice initialized.
[2017.05.16-06.52.07:419][865]LogLoad: Game class is 'GameModeBase'
[2017.05.16-06.52.07:422][865]LogWorld: Bringing World /Game/Level/UEDPIE_0_NewMap.NewMap up for play (max tick rate 0) at 2017.05.16-15.52.07
[2017.05.16-06.52.07:423][865]LogWorld: Bringing up level for play took: 0.002378
[2017.05.16-06.52.07:496][865]PIE: 정보 /Game/Level/UEDPIE_0_NewMap 에 대한 에디터에서 플레이 시작 시간: 0.63
[2017.05.16-06.52.56:910][536]LogSavePackage: Save=116.34ms
[2017.05.16-06.52.56:910][536]LogSavePackage: Moving 'C:/Users/lhs/Documents/GitHub/My_VR_InventoryProject/Inventory/Saved/MotionControllerPawnBCE751DD4D46BEE03379CB8FBBFAD35B.tmp' to 'C:/Users/lhs/Documents/GitHub/My_VR_InventoryProject/Inventory/Content/VirtualRealityBP/Blueprints/MotionControllerPawn.uasset'
[2017.05.16-06.52.56:913][536]LogSavePackage:Display: Finished SavePackage C:/Users/lhs/Documents/GitHub/My_VR_InventoryProject/Inventory/Content/VirtualRealityBP/Blueprints/MotionControllerPawn.uasset
[2017.05.16-06.52.57:364][567]BlueprintLog: New page: MotionControllerPawn 컴파일
[2017.05.16-06.52.59:152][637]LogTemp: Repeting last play command: VR 프리뷰
[2017.05.16-06.52.59:190][637]LogPlayLevel: PlayLevel: No blueprints needed recompiling
[2017.05.16-06.52.59:191][637]PIE: New page: PIE 세션: NewMap (2017. 5. 17. 오전 12:52:59)
[2017.05.16-06.52.59:191][637]LogPlayLevel: Creating play world package: /Game/Level/UEDPIE_0_NewMap
[2017.05.16-06.52.59:196][637]LogPlayLevel: PIE: StaticDuplicateObject took: (0.005785s)
[2017.05.16-06.52.59:197][637]LogAIModule: Creating AISystem for world NewMap
[2017.05.16-06.52.59:197][637]LogPlayLevel: PIE: World Init took: (0.000778s)
[2017.05.16-06.52.59:197][637]LogPlayLevel: PIE: Created PIE world by copying editor world from /Game/Level/NewMap.NewMap to /Game/Level/UEDPIE_0_NewMap.NewMap (0.006816s)
[2017.05.16-06.52.59:315][637]LogInit: XAudio2 using '스피커(5- USB Audio Device)' : 2 channels at 44.1 kHz using 16 bits per sample (channel mask 0x3)
[2017.05.16-06.52.59:333][637]LogInit: FAudioDevice initialized.
[2017.05.16-06.52.59:465][637]LogLoad: Game class is 'GameModeBase'
[2017.05.16-06.52.59:468][637]LogWorld: Bringing World /Game/Level/UEDPIE_0_NewMap.NewMap up for play (max tick rate 0) at 2017.05.16-15.52.59
[2017.05.16-06.52.59:468][637]LogWorld: Bringing up level for play took: 0.001998
[2017.05.16-06.52.59:549][637]PIE: 정보 /Game/Level/UEDPIE_0_NewMap 에 대한 에디터에서 플레이 시작 시간: 0.684
[2017.05.16-06.53.36:273][689]LogSavePackage: Save=119.14ms
[2017.05.16-06.53.36:273][689]LogSavePackage: Moving 'C:/Users/lhs/Documents/GitHub/My_VR_InventoryProject/Inventory/Saved/MotionControllerPawn54637E3844B5439545BE959737C46910.tmp' to 'C:/Users/lhs/Documents/GitHub/My_VR_InventoryProject/Inventory/Content/VirtualRealityBP/Blueprints/MotionControllerPawn.uasset'
[2017.05.16-06.53.36:275][689]LogSavePackage:Display: Finished SavePackage C:/Users/lhs/Documents/GitHub/My_VR_InventoryProject/Inventory/Content/VirtualRealityBP/Blueprints/MotionControllerPawn.uasset
[2017.05.16-06.53.36:633][714]BlueprintLog: New page: MotionControllerPawn 컴파일
[2017.05.16-06.53.48:255][ 90]Cmd: OBJ SAVEPACKAGE PACKAGE="/Game/Level/NewMap" FILE="C:/Users/lhs/Documents/GitHub/My_VR_InventoryProject/Inventory/Content/Level/NewMap.umap" SILENT=true AUTOSAVING=false KEEPDIRTY=false
[2017.05.16-06.53.48:412][ 90]LogSavePackage: Save=81.46ms
[2017.05.16-06.53.48:412][ 90]LogSavePackage: Moving 'C:/Users/lhs/Documents/GitHub/My_VR_InventoryProject/Inventory/Saved/NewMap189960C3477800419311018A2CC4CBFC.tmp' to 'C:/Users/lhs/Documents/GitHub/My_VR_InventoryProject/Inventory/Content/Level/NewMap.umap'
[2017.05.16-06.53.48:414][ 90]LogSavePackage:Display: Finished SavePackage C:/Users/lhs/Documents/GitHub/My_VR_InventoryProject/Inventory/Content/Level/NewMap.umap
[2017.05.16-06.53.48:455][ 90]LogFileHelpers: Saving map 'NewMap' took 0.406
[2017.05.16-06.53.48:502][ 90]Cmd: OBJ SAVEPACKAGE PACKAGE="/Game/Plane" FILE="C:/Users/lhs/Documents/GitHub/My_VR_InventoryProject/Inventory/Content/Plane.uasset" SILENT=true
[2017.05.16-06.53.48:518][ 90]LogSavePackage: Save=13.92ms
[2017.05.16-06.53.48:518][ 90]LogSavePackage: Moving 'C:/Users/lhs/Documents/GitHub/My_VR_InventoryProject/Inventory/Saved/PlaneCC919E67473FAD7946242EAB63A99B09.tmp' to 'C:/Users/lhs/Documents/GitHub/My_VR_InventoryProject/Inventory/Content/Plane.uasset'
[2017.05.16-06.53.48:520][ 90]LogSavePackage:Display: Finished SavePackage C:/Users/lhs/Documents/GitHub/My_VR_InventoryProject/Inventory/Content/Plane.uasset
[2017.05.16-06.53.48:661][ 90]LogActorComponent: UnregisterComponent: (/Engine/Transient.EditorFloorComp) Not registered. Aborting.
[2017.05.16-06.53.48:730][ 90]LogActorComponent: UnregisterComponent: (/Engine/Transient.EditorFloorComp) Not registered. Aborting.
[2017.05.16-06.53.48:812][ 90]LogActorComponent: UnregisterComponent: (/Engine/Transient.EditorFloorComp) Not registered. Aborting.
[2017.05.16-06.53.48:885][ 90]LogActorComponent: UnregisterComponent: (/Engine/Transient.EditorFloorComp) Not registered. Aborting.
[2017.05.16-06.53.48:964][ 90]LogActorComponent: UnregisterComponent: (/Engine/Transient.EditorFloorComp) Not registered. Aborting.
[2017.05.16-06.53.49:034][ 90]LogActorComponent: UnregisterComponent: (/Engine/Transient.EditorFloorComp) Not registered. Aborting.
[2017.05.16-06.53.49:136][ 90]LogActorComponent: UnregisterComponent: (/Engine/Transient.EditorFloorComp) Not registered. Aborting.
[2017.05.16-06.53.49:242][ 90]LogWindowsTextInputMethodSystem:Display: IME system now activated using TSF (Microsoft 입력기).
[2017.05.16-06.53.49:657][ 91]Cmd: QUIT_EDITOR
[2017.05.16-06.53.52:650][ 91]LogExit: Preparing to exit.
[2017.05.16-06.53.53:419][ 91]LogExit: Editor shut down
[2017.05.16-06.53.53:420][ 91]LogExit: Transaction tracking system shut down
[2017.05.16-06.53.53:426][ 91]LogTemp:Display: Removed shader map 0x00000240B047A080 from material 0x000002401F3BC400
[2017.05.16-06.53.53:483][ 91]LogTemp:Display: Removed shader map 0x00000240C55F9280 from material 0x00000240ADC63600
[2017.05.16-06.53.57:236][ 91]LogObj: Freed 0b from 0 cluster array pools.
[2017.05.16-06.53.57:237][ 91]LogExit: Object subsystem successfully closed.
[2017.05.16-06.53.57:888][ 91]LogD3D11RHI: Shutdown
[2017.05.16-06.53.57:888][ 91]LogD3D11RHI: CleanupD3DDevice
[2017.05.16-06.53.57:964][ 91]LogD3D11RHI: ~FD3D11DynamicRHI
[2017.05.16-06.53.59:551][ 91]LogModuleManager: Shutting down and abandoning module MovieSceneCapture (510)
[2017.05.16-06.53.59:551][ 91]LogModuleManager: Shutting down and abandoning module HierarchicalLODUtilities (508)
[2017.05.16-06.53.59:596][ 91]LogModuleManager: Shutting down and abandoning module MaterialEditor (506)
[2017.05.16-06.53.59:596][ 91]LogModuleManager: Shutting down and abandoning module TextureEditor (504)
[2017.05.16-06.53.59:641][ 91]LogModuleManager: Shutting down and abandoning module BlueprintGraph (502)
[2017.05.16-06.53.59:641][ 91]LogModuleManager: Shutting down and abandoning module BlueprintProfiler (500)
[2017.05.16-06.53.59:694][ 91]LogModuleManager: Shutting down and abandoning module HierarchicalLODOutliner (498)
[2017.05.16-06.53.59:708][ 91]LogModuleManager: Shutting down and abandoning module CrashTracker (496)
[2017.05.16-06.53.59:722][ 91]LogModuleManager: Shutting down and abandoning module SceneOutliner (494)
[2017.05.16-06.53.59:722][ 91]LogModuleManager: Shutting down and abandoning module AddContentDialog (492)
[2017.05.16-06.53.59:785][ 91]LogDirectoryWatcher: A directory notification for 'D:/Program Files (x86)/Epic Games/UE_4.15/FeaturePacks/' was aborted.
[2017.05.16-06.53.59:790][ 91]LogModuleManager: Shutting down and abandoning module WidgetCarousel (491)
[2017.05.16-06.53.59:790][ 91]LogModuleManager: Shutting down and abandoning module EditorWidgets (488)
[2017.05.16-06.53.59:790][ 91]LogModuleManager: Shutting down and abandoning module CollectionManager (486)
[2017.05.16-06.53.59:826][ 91]LogDirectoryWatcher: A directory notification for 'C:/Users/lhs/Documents/GitHub/My_VR_InventoryProject/Inventory/Content/Collections/' was aborted.
[2017.05.16-06.53.59:826][ 91]LogDirectoryWatcher: A directory notification for 'C:/Users/lhs/Documents/GitHub/My_VR_InventoryProject/Inventory/Content/Developers/lhs/Collections/' was aborted.
[2017.05.16-06.53.59:826][ 91]LogDirectoryWatcher: A directory notification for 'C:/Users/lhs/Documents/GitHub/My_VR_InventoryProject/Inventory/Saved/Collections/' was aborted.
[2017.05.16-06.53.59:826][ 91]LogModuleManager: Shutting down and abandoning module StatsViewer (484)
[2017.05.16-06.53.59:881][ 91]LogModuleManager: Shutting down and abandoning module FoliageEdit (482)
[2017.05.16-06.53.59:892][ 91]LogModuleManager: Shutting down and abandoning module LandscapeEditor (480)
[2017.05.16-06.53.59:967][ 91]LogModuleManager: Shutting down and abandoning module SceneDepthPickerMode (478)
[2017.05.16-06.53.59:967][ 91]LogModuleManager: Shutting down and abandoning module ActorPickerMode (476)
[2017.05.16-06.53.59:967][ 91]LogModuleManager: Shutting down and abandoning module GeometryMode (474)
[2017.05.16-06.53.59:967][ 91]LogModuleManager: Shutting down and abandoning module TextureAlignMode (472)
[2017.05.16-06.53.59:967][ 91]LogModuleManager: Shutting down and abandoning module BspMode (470)
[2017.05.16-06.53.59:977][ 91]LogModuleManager: Shutting down and abandoning module HardwareSurvey (468)
[2017.05.16-06.53.59:989][ 91]LogModuleManager: Shutting down and abandoning module SequenceRecorderSections (466)
[2017.05.16-06.53.59:989][ 91]LogModuleManager: Shutting down and abandoning module AutomationWorker (464)
[2017.05.16-06.54.00:015][ 91]LogModuleManager: Shutting down and abandoning module MatineeToLevelSequence (462)
[2017.05.16-06.54.00:063][ 91]LogModuleManager: Shutting down and abandoning module LevelSequenceEditor (460)
[2017.05.16-06.54.00:131][ 91]LogModuleManager: Shutting down and abandoning module PlacementMode (459)
[2017.05.16-06.54.00:131][ 91]LogModuleManager: Shutting down and abandoning module WmfMediaFactory (456)
[2017.05.16-06.54.00:131][ 91]LogModuleManager: Shutting down and abandoning module WmfMediaEditor (454)
[2017.05.16-06.54.00:131][ 91]LogModuleManager: Shutting down and abandoning module MfMediaFactory (452)
[2017.05.16-06.54.00:131][ 91]LogModuleManager: Shutting down and abandoning module MfMediaEditor (450)
[2017.05.16-06.54.00:131][ 91]LogModuleManager: Shutting down and abandoning module AvfMediaFactory (448)
[2017.05.16-06.54.00:131][ 91]LogModuleManager: Shutting down and abandoning module AvfMediaEditor (446)
[2017.05.16-06.54.00:131][ 91]LogModuleManager: Shutting down and abandoning module AndroidMediaFactory (444)
[2017.05.16-06.54.00:131][ 91]LogModuleManager: Shutting down and abandoning module Media (443)
[2017.05.16-06.54.00:131][ 91]LogModuleManager: Shutting down and abandoning module AndroidMediaEditor (440)
[2017.05.16-06.54.00:131][ 91]LogModuleManager: Shutting down and abandoning module CharacterAI (438)
[2017.05.16-06.54.00:131][ 91]LogModuleManager: Shutting down and abandoning module AudioCapture (436)
[2017.05.16-06.54.00:131][ 91]LogModuleManager: Shutting down and abandoning module SequenceRecorder (435)
[2017.05.16-06.54.00:186][ 91]LogModuleManager: Shutting down and abandoning module SmartSnapping (432)
[2017.05.16-06.54.00:187][ 91]LogModuleManager: Shutting down and abandoning module SessionServices (430)
[2017.05.16-06.54.00:187][ 91]LogModuleManager: Shutting down and abandoning module ViewportSnapping (428)
[2017.05.16-06.54.00:187][ 91]LogModuleManager: Shutting down and abandoning module ViewportInteraction (426)
[2017.05.16-06.54.00:187][ 91]LogModuleManager: Shutting down and abandoning module LogVisualizer (424)
[2017.05.16-06.54.00:244][ 91]LogModuleManager: Shutting down and abandoning module IntroTutorials (422)
[2017.05.16-06.54.00:260][ 91]LogModuleManager: Shutting down and abandoning module GameProjectGeneration (421)
[2017.05.16-06.54.00:335][ 91]LogModuleManager: Shutting down and abandoning module EditorLiveStreaming (418)
[2017.05.16-06.54.00:359][ 91]LogModuleManager: Shutting down and abandoning module IOSPlatformEditor (416)
[2017.05.16-06.54.00:389][ 91]LogModuleManager: Shutting down and abandoning module HTML5PlatformEditor (414)
[2017.05.16-06.54.00:389][ 91]LogModuleManager: Shutting down and abandoning module AndroidPlatformEditor (412)
[2017.05.16-06.54.00:418][ 91]LogModuleManager: Shutting down and abandoning module AndroidDeviceDetection (411)
[2017.05.16-06.54.00:782][ 91]LogModuleManager: Shutting down and abandoning module IOSRuntimeSettings (408)
[2017.05.16-06.54.00:782][ 91]LogModuleManager: Shutting down and abandoning module AndroidRuntimeSettings (406)
[2017.05.16-06.54.00:782][ 91]LogModuleManager: Shutting down and abandoning module InputBindingEditor (404)
[2017.05.16-06.54.00:794][ 91]LogModuleManager: Shutting down and abandoning module NiagaraEditor (402)
[2017.05.16-06.54.00:894][ 91]LogModuleManager: Shutting down and abandoning module MergeActors (400)
[2017.05.16-06.54.00:935][ 91]LogModuleManager: Shutting down and abandoning module SizeMap (398)
[2017.05.16-06.54.00:954][ 91]LogModuleManager: Shutting down and abandoning module TreeMap (396)
[2017.05.16-06.54.00:968][ 91]LogModuleManager: Shutting down and abandoning module ReferenceViewer (394)
[2017.05.16-06.54.00:968][ 91]LogModuleManager: Shutting down and abandoning module LocalizationDashboard (392)
[2017.05.16-06.54.01:012][ 91]LogModuleManager: Shutting down and abandoning module LocalizationService (391)
[2017.05.16-06.54.01:017][ 91]LogModuleManager: Shutting down and abandoning module HardwareTargeting (388)
[2017.05.16-06.54.01:017][ 91]LogModuleManager: Shutting down and abandoning module DeviceProfileEditor (386)
[2017.05.16-06.54.01:035][ 91]LogModuleManager: Shutting down and abandoning module UndoHistory (384)
[2017.05.16-06.54.01:059][ 91]LogModuleManager: Shutting down and abandoning module UserFeedback (382)
[2017.05.16-06.54.01:059][ 91]LogModuleManager: Shutting down and abandoning module XmlParser (380)
[2017.05.16-06.54.01:073][ 91]LogModuleManager: Shutting down and abandoning module Blutility (378)
[2017.05.16-06.54.01:073][ 91]LogModuleManager: Shutting down and abandoning module ProjectSettingsViewer (376)
[2017.05.16-06.54.01:073][ 91]LogModuleManager: Shutting down and abandoning module ProjectTargetPlatformEditor (375)
[2017.05.16-06.54.01:079][ 91]LogModuleManager: Shutting down and abandoning module EditorSettingsViewer (372)
[2017.05.16-06.54.01:079][ 91]LogModuleManager: Shutting down and abandoning module SettingsEditor (370)
[2017.05.16-06.54.01:109][ 91]LogModuleManager: Shutting down and abandoning module ProjectLauncher (368)
[2017.05.16-06.54.01:131][ 91]LogModuleManager: Shutting down and abandoning module SessionFrontend (366)
[2017.05.16-06.54.01:140][ 91]LogModuleManager: Shutting down and abandoning module ProfilerClient (364)
[2017.05.16-06.54.01:169][ 91]LogModuleManager: Shutting down and abandoning module DeviceManager (362)
[2017.05.16-06.54.01:197][ 91]LogModuleManager: Shutting down and abandoning module TargetDeviceServices (361)
[2017.05.16-06.54.01:241][ 91]LogModuleManager: Shutting down and abandoning module AutomationController (358)
[2017.05.16-06.54.01:261][ 91]LogModuleManager: Shutting down and abandoning module AutomationWindow (356)
[2017.05.16-06.54.01:268][ 91]LogModuleManager: Shutting down and abandoning module Layers (354)
[2017.05.16-06.54.01:283][ 91]LogModuleManager: Shutting down and abandoning module ComponentVisualizers (352)
[2017.05.16-06.54.01:283][ 91]LogModuleManager: Shutting down and abandoning module DetailCustomizations (350)
[2017.05.16-06.54.01:296][ 91]LogModuleManager: Shutting down and abandoning module PackagesDialog (348)
[2017.05.16-06.54.01:296][ 91]LogModuleManager: Shutting down and abandoning module Persona (346)
[2017.05.16-06.54.01:312][ 91]LogModuleManager: Shutting down and abandoning module AnimGraph (345)
[2017.05.16-06.54.01:312][ 91]LogModuleManager: Shutting down and abandoning module Kismet (342)
[2017.05.16-06.54.01:324][ 91]LogModuleManager: Shutting down and abandoning module GraphEditor (340)
[2017.05.16-06.54.01:324][ 91]LogModuleManager: Shutting down and abandoning module ClassViewer (338)
[2017.05.16-06.54.01:341][ 91]LogModuleManager: Shutting down and abandoning module Toolbox (336)
[2017.05.16-06.54.01:356][ 91]LogModuleManager: Shutting down and abandoning module ModuleUI (334)
[2017.05.16-06.54.01:368][ 91]LogModuleManager: Shutting down and abandoning module MovieSceneTools (332)
[2017.05.16-06.54.01:432][ 91]LogModuleManager: Shutting down and abandoning module OutputLog (330)
[2017.05.16-06.54.01:432][ 91]LogModuleManager: Shutting down and abandoning module GammaUI (328)
[2017.05.16-06.54.01:432][ 91]LogModuleManager: Shutting down and abandoning module Documentation (326)
[2017.05.16-06.54.01:432][ 91]LogModuleManager: Shutting down and abandoning module Niagara (324)
[2017.05.16-06.54.01:432][ 91]LogModuleManager: Shutting down and abandoning module StreamingPauseRendering (322)
[2017.05.16-06.54.01:432][ 91]LogModuleManager: Shutting down and abandoning module AnalyticsET (320)
[2017.05.16-06.54.01:432][ 91]LogModuleManager: Shutting down and abandoning module PortalServices (318)
[2017.05.16-06.54.01:432][ 91]LogModuleManager: Shutting down and abandoning module PortalRpc (316)
[2017.05.16-06.54.01:432][ 91]LogModuleManager: Shutting down and abandoning module MessagingRpc (314)
[2017.05.16-06.54.01:432][ 91]LogModuleManager: Shutting down and abandoning module AIModule (312)
[2017.05.16-06.54.01:444][ 91]LogModuleManager: Shutting down and abandoning module GameplayDebugger (311)
[2017.05.16-06.54.01:444][ 91]LogModuleManager: Shutting down and abandoning module AITestSuite (309)
[2017.05.16-06.54.01:451][ 91]LogModuleManager: Shutting down and abandoning module ProfilerService (306)
[2017.05.16-06.54.01:497][ 91]LogModuleManager: Shutting down and abandoning module TaskGraph (304)
[2017.05.16-06.54.01:516][ 91]LogModuleManager: Shutting down and abandoning module SteamVRController (302)
[2017.05.16-06.54.01:516][ 91]LogModuleManager: Shutting down and abandoning module SteamVR (300)
[2017.05.16-06.54.01:516][ 91]LogModuleManager: Shutting down and abandoning module ProceduralMeshComponentEditor (298)
[2017.05.16-06.54.01:516][ 91]LogModuleManager: Shutting down and abandoning module ProceduralMeshComponent (296)
[2017.05.16-06.54.01:516][ 91]LogModuleManager: Shutting down and abandoning module OculusLibrary (294)
[2017.05.16-06.54.01:516][ 91]LogModuleManager: Shutting down and abandoning module OculusInput (292)
[2017.05.16-06.54.01:516][ 91]LogModuleManager: Shutting down and abandoning module MobilePatchingUtils (290)
[2017.05.16-06.54.01:516][ 91]LogModuleManager: Shutting down and abandoning module CustomMeshComponent (288)
[2017.05.16-06.54.01:516][ 91]LogModuleManager: Shutting down and abandoning module CableComponent (286)
[2017.05.16-06.54.01:516][ 91]LogModuleManager: Shutting down and abandoning module ArchVisCharacter (284)
[2017.05.16-06.54.01:516][ 91]LogModuleManager: Shutting down and abandoning module MediaPlayerEditor (280)
[2017.05.16-06.54.01:529][ 91]LogModuleManager: Shutting down and abandoning module HTML5Networking (278)
[2017.05.16-06.54.01:529][ 91]LogModuleManager: Shutting down and abandoning module AlembicImporter (276)
[2017.05.16-06.54.01:538][ 91]LogModuleManager: Shutting down and abandoning module AlembicLibrary (275)
[2017.05.16-06.54.01:549][ 91]LogModuleManager: Shutting down and abandoning module GeometryCache (274)
[2017.05.16-06.54.01:549][ 91]LogModuleManager: Shutting down and abandoning module GeometryCacheEd (273)
[2017.05.16-06.54.01:549][ 91]LogModuleManager: Shutting down and abandoning module SuperSearchEditor (268)
[2017.05.16-06.54.01:549][ 91]LogModuleManager: Shutting down and abandoning module SuperSearch (267)
[2017.05.16-06.54.01:549][ 91]LogModuleManager: Shutting down and abandoning module SpeedTreeImporter (264)
[2017.05.16-06.54.01:549][ 91]LogModuleManager: Shutting down and abandoning module PluginBrowser (262)
[2017.05.16-06.54.01:563][ 91]LogModuleManager: Shutting down and abandoning module MobileLauncherProfileWizard (260)
[2017.05.16-06.54.01:573][ 91]LogModuleManager: Shutting down and abandoning module EpicSurvey (258)
[2017.05.16-06.54.01:592][ 91]LogModuleManager: Shutting down and abandoning module VisualStudioSourceCodeAccess (256)
[2017.05.16-06.54.01:609][ 91]LogModuleManager: Shutting down and abandoning module DesktopPlatform (255)
[2017.05.16-06.54.01:629][ 91]LogModuleManager: Shutting down and abandoning module UObjectPlugin (252)
[2017.05.16-06.54.01:629][ 91]LogModuleManager: Shutting down and abandoning module SubversionSourceControl (250)
[2017.05.16-06.54.01:649][ 91]LogModuleManager: Shutting down and abandoning module PerforceSourceControl (248)
[2017.05.16-06.54.01:678][ 91]LogModuleManager: Shutting down and abandoning module GitSourceControl (246)
[2017.05.16-06.54.01:700][ 91]LogModuleManager: Shutting down and abandoning module SourceControl (245)
[2017.05.16-06.54.01:721][ 91]LogModuleManager: Shutting down and abandoning module LightPropagationVolumeEditor (242)
[2017.05.16-06.54.01:729][ 91]LogModuleManager: Shutting down and abandoning module PaperTiledImporter (240)
[2017.05.16-06.54.01:729][ 91]LogModuleManager: Shutting down and abandoning module PaperSpriteSheetImporter (238)
[2017.05.16-06.54.01:729][ 91]LogModuleManager: Shutting down and abandoning module Paper2DEditor (236)
[2017.05.16-06.54.01:763][ 91]LogModuleManager: Shutting down and abandoning module MeshPaint (235)
[2017.05.16-06.54.01:763][ 91]LogModuleManager: Shutting down and abandoning module LevelEditor (233)
[2017.05.16-06.54.01:779][ 91]LogModuleManager: Shutting down and abandoning module PixelInspectorModule (232)
[2017.05.16-06.54.01:801][ 91]LogModuleManager: Shutting down and abandoning module MainFrame (230)
[2017.05.16-06.54.01:801][ 91]LogModuleManager: Shutting down and abandoning module HotReload (229)
[2017.05.16-06.54.01:812][ 91]LogModuleManager: Shutting down and abandoning module ContentBrowser (225)
[2017.05.16-06.54.01:813][ 91]LogModuleManager: Shutting down and abandoning module PhysXVehiclesEditor (222)
[2017.05.16-06.54.01:813][ 91]LogModuleManager: Shutting down and abandoning module PhysXVehicles (220)
[2017.05.16-06.54.01:813][ 91]LogModuleManager: Shutting down and abandoning module LocationServicesBPLibrary (218)
[2017.05.16-06.54.01:813][ 91]LogModuleManager: Shutting down and abandoning module UdpMessaging (216)
[2017.05.16-06.54.01:914][ 91]LogModuleManager: Shutting down and abandoning module TcpMessaging (214)
[2017.05.16-06.54.02:014][ 91]LogModuleManager: Shutting down and abandoning module GameplayTagsEditor (212)
[2017.05.16-06.54.02:035][ 91]LogModuleManager: Shutting down and abandoning module FacialAnimationEditor (210)
[2017.05.16-06.54.02:035][ 91]LogModuleManager: Shutting down and abandoning module FacialAnimation (208)
[2017.05.16-06.54.02:035][ 91]LogModuleManager: Shutting down and abandoning module LightPropagationVolumeRuntime (206)
[2017.05.16-06.54.02:035][ 91]LogModuleManager: Shutting down and abandoning module Paper2D (204)
[2017.05.16-06.54.02:035][ 91]LogModuleManager: Shutting down and abandoning module WindowsMoviePlayer (202)
[2017.05.16-06.54.02:043][ 91]LogModuleManager: Shutting down and abandoning module WmfMedia (200)
[2017.05.16-06.54.02:048][ 91]LogModuleManager: Shutting down and abandoning module MfMedia (198)
[2017.05.16-06.54.02:048][ 91]LogModuleManager: Shutting down and abandoning module MediaAssets (196)
[2017.05.16-06.54.02:048][ 91]LogModuleManager: Shutting down and abandoning module GameLiveStreaming (194)
[2017.05.16-06.54.02:049][ 91]LogModuleManager: Shutting down and abandoning module VREditor (192)
[2017.05.16-06.54.02:056][ 91]LogModuleManager: Shutting down and abandoning module GameplayTasksEditor (190)
[2017.05.16-06.54.02:056][ 91]LogModuleManager: Shutting down and abandoning module BehaviorTreeEditor (188)
[2017.05.16-06.54.02:074][ 91]LogModuleManager: Shutting down and abandoning module FunctionalTesting (186)
[2017.05.16-06.54.02:074][ 91]LogModuleManager: Shutting down and abandoning module CollisionAnalyzer (184)
[2017.05.16-06.54.02:098][ 91]LogModuleManager: Shutting down and abandoning module UMG (182)
[2017.05.16-06.54.02:108][ 91]LogModuleManager: Shutting down and abandoning module UMGEditor (181)
[2017.05.16-06.54.02:126][ 91]LogModuleManager: Shutting down and abandoning module Sequencer (180)
[2017.05.16-06.54.02:149][ 91]LogModuleManager: Shutting down and abandoning module AssetTools (178)
[2017.05.16-06.54.02:169][ 91]LogModuleManager: Shutting down and abandoning module MessageLog (177)
[2017.05.16-06.54.02:169][ 91]LogModuleManager: Shutting down and abandoning module WorkspaceMenuStructure (176)
[2017.05.16-06.54.02:198][ 91]LogModuleManager: Shutting down and abandoning module SlateReflector (170)
[2017.05.16-06.54.02:218][ 91]LogModuleManager: Shutting down and abandoning module Slate (168)
[2017.05.16-06.54.02:218][ 91]LogModuleManager: Shutting down and abandoning module EditorStyle (166)
[2017.05.16-06.54.02:230][ 91]LogModuleManager: Shutting down and abandoning module SourceCodeAccess (164)
[2017.05.16-06.54.02:248][ 91]LogModuleManager: Shutting down and abandoning module HeadMountedDisplay (162)
[2017.05.16-06.54.02:248][ 91]LogModuleManager: Shutting down and abandoning module XAudio2 (160)
[2017.05.16-06.54.02:248][ 91]LogModuleManager: Shutting down and abandoning module Networking (158)
[2017.05.16-06.54.02:248][ 91]LogModuleManager: Shutting down and abandoning module Core (154)
[2017.05.16-06.54.02:248][ 91]LogModuleManager: Shutting down and abandoning module AssetRegistry (152)
[2017.05.16-06.54.02:382][ 91]LogDirectoryWatcher: A directory notification for '../../../Engine/Content/' was aborted.
[2017.05.16-06.54.02:382][ 91]LogDirectoryWatcher: A directory notification for 'C:/Users/lhs/Documents/GitHub/My_VR_InventoryProject/Inventory/Content/' was aborted.
[2017.05.16-06.54.02:383][ 91]LogDirectoryWatcher: A directory notification for '../../../Engine/Plugins/2D/Paper2D/Content/' was aborted.
[2017.05.16-06.54.02:383][ 91]LogModuleManager: Shutting down and abandoning module DirectoryWatcher (151)
[2017.05.16-06.54.02:386][ 91]LogModuleManager: Shutting down and abandoning module KismetCompiler (148)
[2017.05.16-06.54.02:386][ 91]LogModuleManager: Shutting down and abandoning module PhysXFormats (146)
[2017.05.16-06.54.02:399][ 91]LogModuleManager: Shutting down and abandoning module MeshUtilities (144)
[2017.05.16-06.54.02:425][ 91]LogModuleManager: Shutting down and abandoning module SimplygonSwarm (143)
[2017.05.16-06.54.02:446][ 91]LogModuleManager: Shutting down and abandoning module SimplygonMeshReduction (141)
[2017.05.16-06.54.02:461][ 91]LogModuleManager: Shutting down and abandoning module QuadricMeshReduction (139)
[2017.05.16-06.54.02:474][ 91]LogModuleManager: Shutting down and abandoning module PropertyEditor (137)
[2017.05.16-06.54.02:502][ 91]LogModuleManager: Shutting down and abandoning module DerivedDataCache (134)
[2017.05.16-06.54.02:508][ 91]LogDerivedDataCache: Shutdown
[2017.05.16-06.54.02:508][ 91]LogModuleManager: Shutting down and abandoning module TargetPlatform (132)
[2017.05.16-06.54.02:508][ 91]LogModuleManager: Shutting down and abandoning module VulkanShaderFormat (131)
[2017.05.16-06.54.02:546][ 91]LogModuleManager: Shutting down and abandoning module ShaderFormatOpenGL (129)
[2017.05.16-06.54.02:554][ 91]LogModuleManager: Shutting down and abandoning module ShaderFormatD3D (127)
[2017.05.16-06.54.02:563][ 91]LogModuleManager: Shutting down and abandoning module MetalShaderFormat (125)
[2017.05.16-06.54.02:574][ 91]LogModuleManager: Shutting down and abandoning module TextureFormatUncompressed (123)
[2017.05.16-06.54.02:574][ 91]LogModuleManager: Shutting down and abandoning module TextureFormatPVR (121)
[2017.05.16-06.54.02:574][ 91]LogModuleManager: Shutting down and abandoning module TextureFormatDXT (119)
[2017.05.16-06.54.02:589][ 91]LogModuleManager: Shutting down and abandoning module TextureFormatIntelISPCTexComp (117)
[2017.05.16-06.54.02:634][ 91]LogModuleManager: Shutting down and abandoning module TextureFormatASTC (115)
[2017.05.16-06.54.02:647][ 91]LogModuleManager: Shutting down and abandoning module ImageWrapper (114)
[2017.05.16-06.54.02:647][ 91]LogModuleManager: Shutting down and abandoning module TextureFormatAndroid (111)
[2017.05.16-06.54.02:647][ 91]LogModuleManager: Shutting down and abandoning module AudioFormatOpus (109)
[2017.05.16-06.54.02:647][ 91]LogModuleManager: Shutting down and abandoning module AudioFormatOgg (107)
[2017.05.16-06.54.02:647][ 91]LogModuleManager: Shutting down and abandoning module AudioFormatADPCM (105)
[2017.05.16-06.54.02:647][ 91]LogModuleManager: Shutting down and abandoning module LinuxTargetPlatform (103)
[2017.05.16-06.54.02:647][ 91]LogModuleManager: Shutting down and abandoning module LinuxServerTargetPlatform (101)
[2017.05.16-06.54.02:647][ 91]LogModuleManager: Shutting down and abandoning module LinuxNoEditorTargetPlatform (99)
[2017.05.16-06.54.02:647][ 91]LogModuleManager: Shutting down and abandoning module LinuxClientTargetPlatform (97)
[2017.05.16-06.54.02:647][ 91]LogModuleManager: Shutting down and abandoning module TVOSTargetPlatform (95)
[2017.05.16-06.54.02:647][ 91]LogModuleManager: Shutting down and abandoning module Messaging (93)
[2017.05.16-06.54.02:647][ 91]LogModuleManager: Shutting down and abandoning module IOSTargetPlatform (91)
[2017.05.16-06.54.02:647][ 91]LogModuleManager: Shutting down and abandoning module HTML5TargetPlatform (89)
[2017.05.16-06.54.02:660][ 91]LogModuleManager: Shutting down and abandoning module Android_PVRTCTargetPlatform (87)
[2017.05.16-06.54.02:660][ 91]LogModuleManager: Shutting down and abandoning module Android_MultiTargetPlatform (85)
[2017.05.16-06.54.02:660][ 91]LogModuleManager: Shutting down and abandoning module Android_ETC2TargetPlatform (83)
[2017.05.16-06.54.02:660][ 91]LogModuleManager: Shutting down and abandoning module Android_ETC1TargetPlatform (81)
[2017.05.16-06.54.02:660][ 91]LogModuleManager: Shutting down and abandoning module Android_DXTTargetPlatform (79)
[2017.05.16-06.54.02:660][ 91]LogModuleManager: Shutting down and abandoning module Android_ATCTargetPlatform (77)
[2017.05.16-06.54.02:660][ 91]LogModuleManager: Shutting down and abandoning module Android_ASTCTargetPlatform (75)
[2017.05.16-06.54.02:666][ 91]LogModuleManager: Shutting down and abandoning module AndroidTargetPlatform (73)
[2017.05.16-06.54.02:686][ 91]LogModuleManager: Shutting down and abandoning module WindowsTargetPlatform (71)
[2017.05.16-06.54.02:686][ 91]LogModuleManager: Shutting down and abandoning module WindowsServerTargetPlatform (69)
[2017.05.16-06.54.02:694][ 91]LogModuleManager: Shutting down and abandoning module WindowsNoEditorTargetPlatform (67)
[2017.05.16-06.54.02:700][ 91]LogModuleManager: Shutting down and abandoning module WindowsClientTargetPlatform (65)
[2017.05.16-06.54.02:710][ 91]LogModuleManager: Shutting down and abandoning module MacTargetPlatform (63)
[2017.05.16-06.54.02:710][ 91]LogModuleManager: Shutting down and abandoning module MacServerTargetPlatform (61)
[2017.05.16-06.54.02:710][ 91]LogModuleManager: Shutting down and abandoning module MacNoEditorTargetPlatform (59)
[2017.05.16-06.54.02:710][ 91]LogModuleManager: Shutting down and abandoning module MacClientTargetPlatform (57)
[2017.05.16-06.54.02:710][ 91]LogModuleManager: Shutting down and abandoning module AllDesktopTargetPlatform (55)
[2017.05.16-06.54.02:710][ 91]LogModuleManager: Shutting down and abandoning module InputCore (52)
[2017.05.16-06.54.02:710][ 91]LogModuleManager: Shutting down and abandoning module Settings (50)
[2017.05.16-06.54.02:710][ 91]LogModuleManager: Shutting down and abandoning module OculusRift (48)
[2017.05.16-06.54.02:726][ 91]LogModuleManager: Shutting down and abandoning module GearVR (46)
[2017.05.16-06.54.02:726][ 91]LogModuleManager: Shutting down and abandoning module ExampleDeviceProfileSelector (44)
[2017.05.16-06.54.02:726][ 91]LogModuleManager: Shutting down and abandoning module OnlineBlueprintSupport (42)
[2017.05.16-06.54.02:726][ 91]LogModuleManager: Shutting down and abandoning module OnlineSubsystem (38)
[2017.05.16-06.54.02:726][ 91]LogOnline:Display: Unloading online subsystem: NULL
[2017.05.16-06.54.02:740][ 91]LogModuleManager: Shutting down and abandoning module XMPP (37)
[2017.05.16-06.54.02:753][ 91]LogModuleManager: Shutting down and abandoning module HTTP (35)
[2017.05.16-06.54.02:757][ 91]LogHttp:Display: Http module shutting down, but needs to wait on 2 outstanding Http requests:
[2017.05.16-06.54.02:757][ 91]LogHttp:Display: 	verb=[POST] url=[https://datarouter.ol.epicgames.com/datarouter/api/v1/public/data?SessionID=%7B076C704A-4575-9986-D104-67B01EBDFD28%7D&AppID=UEEditor.Rocket.Release&AppVersion=4.15.2-3416026%2B%2B%2BUE4%2BRelease-4.15&UserID=5fefe408416c030c0acc22914bf96334%7C79d9d70e03a94da2a36573f877b3400e%7C85601e28-2955-4d59-a3c4-c1c29c983a4e&AppEnvironment=datacollector-binary&UploadType=eteventstream] status=Processing
[2017.05.16-06.54.02:757][ 91]LogHttp:Display: 	verb=[POST] url=[https://datarouter.ol.epicgames.com/datarouter/api/v1/public/data?SessionID=%7B076C704A-4575-9986-D104-67B01EBDFD28%7D&AppID=UEEditor.Rocket.Release&AppVersion=4.15.2-3416026%2B%2B%2BUE4%2BRelease-4.15&UserID=5fefe408416c030c0acc22914bf96334%7C79d9d70e03a94da2a36573f877b3400e%7C85601e28-2955-4d59-a3c4-c1c29c983a4e&AppEnvironment=datacollector-binary&UploadType=eteventstream] status=Processing
[2017.05.16-06.54.02:763][ 91]LogModuleManager: Shutting down and abandoning module SSL (34)
[2017.05.16-06.54.02:764][ 91]LogModuleManager: Shutting down and abandoning module AudioEditor (30)
[2017.05.16-06.54.02:765][ 91]LogModuleManager: Shutting down and abandoning module TextureCompressor (28)
[2017.05.16-06.54.02:766][ 91]LogModuleManager: Shutting down and abandoning module ShaderCore (26)
[2017.05.16-06.54.02:766][ 91]LogModuleManager: Shutting down and abandoning module Landscape (24)
[2017.05.16-06.54.02:766][ 91]LogModuleManager: Shutting down and abandoning module SlateRHIRenderer (22)
[2017.05.16-06.54.02:791][ 91]LogModuleManager: Shutting down and abandoning module OpenGLDrv (20)
[2017.05.16-06.54.02:800][ 91]LogModuleManager: Shutting down and abandoning module D3D11RHI (18)
[2017.05.16-06.54.02:800][ 91]LogModuleManager: Shutting down and abandoning module AnimGraphRuntime (16)
[2017.05.16-06.54.02:800][ 91]LogModuleManager: Shutting down and abandoning module Renderer (14)
[2017.05.16-06.54.02:800][ 91]LogModuleManager: Shutting down and abandoning module Engine (12)
[2017.05.16-06.54.02:800][ 91]LogModuleManager: Shutting down and abandoning module CoreUObject (10)
[2017.05.16-06.54.02:800][ 91]LogModuleManager: Shutting down and abandoning module NetworkFile (8)
[2017.05.16-06.54.02:800][ 91]LogModuleManager: Shutting down and abandoning module StreamingFile (6)
[2017.05.16-06.54.02:800][ 91]LogModuleManager: Shutting down and abandoning module SandboxFile (4)
[2017.05.16-06.54.02:800][ 91]LogModuleManager: Shutting down and abandoning module PakFile (2)
[2017.05.16-06.54.02:838][ 91]LogExit: Exiting.
[2017.05.16-06.54.02:856][ 91]Log file closed, 05/16/17 15:54:02
